------------------------------------------------------------------------------------------------------------------------------------------------------------------------------------------------------------------------------------------------------------
      name:  <unnamed>
       log:  /Users/carlosrojasquiroz/Desktop/EUI-Phd-Thesis/Project-3/Output/Logs/Debt_base.log
  log type:  text
 opened on:  15 Oct 2024, 16:56:52

. * List of endogenous variables 
. local varendo rer_ pb_ shr_ oil_ nonoil_ c_ i_ cg_ tb_ d_ g_ u_ r_ spr_ crg_ ca_ res_ gg_ exp_ imp_

. * Loop over variables
. foreach var of local varendo {
  2.         * Endogenous variable
.         quietly gen dy_ = d.`var'
  3.         quietly gen dyl_ = dy_*id_low
  4.         quietly gen dyh_ = dy_*id_high
  5.         quietly forvalues h = 0/$HOR {
  6.                 gen y_`h' = f`h'.`var' - l.`var'
  7.                 label variable y_`h' "`h'"
  8.         }
  9.         *---------------------------------------------------------------------------
.         * Local projection regressions
.         *---------------------------------------------------------------------------
.         eststo clear
 10.         cap drop bl ul90 ll90 ul68 ll68 bh uh90 lh90 uh68 lh68 q zeros blc ulc90 llc90 ulc68 llc68
 11.         quietly gen bl=.
 12.         quietly gen ul90=.
 13.         quietly gen ll90=.
 14.         quietly gen ul68=.
 15.         quietly gen ll68=.
 16.         quietly gen bh=.
 17.         quietly gen uh90=.
 18.         quietly gen lh90=.
 19.         quietly gen uh68=.
 20.         quietly gen lh68=.      
 21.         quietly gen q=.
 22.         quietly gen zeros=.
 23.         quietly gen blc=. 
 24.         quietly gen ulc90=. 
 25.         quietly gen llc90=. 
 26.         quietly gen ulc68=. 
 27.         quietly gen llc68=.     
 28.         * Loop over horizons
.         quietly forvalues h = 0/$HOR {  
 29.                 xtscc y_`h' sl_ sh_ id_low id_high L(1/ $LAG ).(dyl_ sl_ dyh_ sh_) F`h'.(dum1-dum11) i.code if quarter >= tq(1998q1),lag(`h') noconstant
 30.                 replace bl = $SIGN *_b[sl_] if _n == `h'+1
 31.                 replace ul90 = $SIGN *_b[sl_] + $T90 *_se[sl_]  if _n == `h'+1
 32.                 replace ll90 = $SIGN *_b[sl_] - $T90 *_se[sl_]  if _n == `h'+1
 33.                 replace ul68 = $SIGN *_b[sl_] + $T68 *_se[sl_]  if _n == `h'+1
 34.                 replace ll68 = $SIGN *_b[sl_] - $T68 *_se[sl_]  if _n == `h'+1
 35.                 replace bh = $SIGN *_b[sh_] if _n == `h'+1
 36.                 replace uh90 = $SIGN *_b[sh_] + $T90 *_se[sh_]  if _n == `h'+1
 37.                 replace lh90 = $SIGN *_b[sh_] - $T90 *_se[sh_]  if _n == `h'+1
 38.                 replace uh68 = $SIGN *_b[sh_] + $T68 *_se[sh_]  if _n == `h'+1
 39.                 replace lh68 = $SIGN *_b[sh_] - $T68 *_se[sh_]  if _n == `h'+1
 40.                 lincom $SIGN *(sh_ - sl_)
 41.                 replace blc = r(estimate) if _n == `h'+1
 42.                 replace ulc90 = r(estimate) + $T90 *r(se)  if _n == `h'+1
 43.                 replace llc90 = r(estimate) - $T90 *r(se)  if _n == `h'+1
 44.                 replace ulc68 = r(estimate) + $T68 *r(se)  if _n == `h'+1
 45.                 replace llc68 = r(estimate) - $T68 *r(se)  if _n == `h'+1 
 46.                 replace q = `h' if _n == `h'+1
 47.                 replace zeros = 0 if _n == `h'+1        
 48.                 quietly eststo
 49.         }
 50.         local varlab : variable label `var'
 51.         nois esttab, se nocons keep(sl_ sh_) ti("`varlab' - Sample: 1998Q1-2023Q3") label star(* 0.32 ** 0.10) t(3) nogaps b($FORMATT)
 52.         *---------------------------------------------------------------------------
.         * Graph - Low Debt Regime
.         *---------------------------------------------------------------------------
.         if "`var'" == "r_" | "`var'" == "spr_" {
 53.         twoway ///
>                 (rarea ll90 ul90 q, fcolor("$LIGHT3") lwidth(none)) ///
>                 (rarea ll68 ul68 q, fcolor("$DARK3") lwidth(none)) ///
>                 (line bl q, color("$SOLID3") lw($LW) xla(0(1)$HOR) xtick(0(1)$HOR)) ///         
>                 (line zeros q, color(black) lw(0.5) xla(0(1)$HOR) xtick(0(1)$HOR)) ///                          
>                 , ///
>                 ytitle( , size($FS)) ///
>                 ylabel( , angle(horizontal) format(%9.0f) labsize($FS)) ///
>                 xtitle("Quarters" , size($FS)) ///
>                 xlabel( , labsize($FS) grid) ///
>                 graphregion(color(white)) plotregion(color(white)) ///
>                 xsize(8) ///
>                 ysize(6) ///
>                 legend(off)
 54.         }
 55.         else if "`var'"== "g_" | "`var'" == "c_" | "`var'" == "i_" | "`var'" == "rer_" | "`var'" == "oil_" | "`var'" == "cg_" | "`var'" == "nonoil_" | "`var'" == "res_" {
 56.         twoway ///
>                 (rarea ll90 ul90 q, fcolor("$LIGHT3") lwidth(none)) ///
>                 (rarea ll68 ul68 q, fcolor("$DARK3") lwidth(none)) ///
>                 (line bl q, color("$SOLID3") lw($LW) xla(0(1)$HOR) xtick(0(1)$HOR)) ///         
>                 (line zeros q, color(black) lw(0.5) xla(0(1)$HOR) xtick(0(1)$HOR)) ///                          
>                 , ///
>                 ytitle( , size($FS)) ///
>                 ylabel( , angle(horizontal) format(%9.2f) labsize($FS)) ///
>                 xtitle("Quarters" , size($FS)) ///
>                 xlabel( , labsize($FS) grid) ///
>                 graphregion(color(white)) plotregion(color(white)) ///
>                 xsize(8) ///
>                 ysize(6) ///
>                 legend(off)     
 57.         }
 58.         else {
 59.         twoway ///
>                 (rarea ll90 ul90 q, fcolor("$LIGHT3") lwidth(none)) ///
>                 (rarea ll68 ul68 q, fcolor("$DARK3") lwidth(none)) ///
>                 (line bl q, color("$SOLID3") lw($LW) xla(0(1)$HOR) xtick(0(1)$HOR)) /// 
>                 (line zeros q, color(black) lw(0.5) xla(0(1)$HOR) xtick(0(1)$HOR)) ///                  
>                 , ///
>                 ytitle( , size($FS)) ///
>                 ylabel( , angle(horizontal) format(%9.2f) labsize($FS)) ///
>                 xtitle("Quarters" , size($FS)) ///
>                 xlabel( , labsize($FS) grid) ///
>                 graphregion(color(white)) plotregion(color(white)) ///
>                 xsize(8) ///
>                 ysize(6) ///
>                 legend(off)             
 60.         }
 61.         * Save graph file
.         quietly graph save "$dir/Output/Figures/GPH/`var'low_$VERSION.gph", replace     
 62.         quietly graph export "$dir/Output/Figures/PDF/`var'low_$VERSION.pdf", replace
 63.         *---------------------------------------------------------------------------
.         * Graph - High Debt Regime
.         *---------------------------------------------------------------------------
.         if "`var'" == "r_" | "`var'" == "spr_" {
 64.         twoway ///
>                 (rarea lh90 uh90 q, fcolor("$LIGHT") lwidth(none)) ///
>                 (rarea lh68 uh68 q, fcolor("$DARK") lwidth(none)) ///
>                 (line bh q, color("$SOLID") lw($LW) xla(0(1)$HOR) xtick(0(1)$HOR)) ///          
>                 (line zeros q, color(black) lw(0.5) xla(0(1)$HOR) xtick(0(1)$HOR)) ///                  
>                 , ///
>                 ytitle("Basis Points", size($FS)) ///
>                 ylabel( , angle(horizontal) format(%9.0f) labsize($FS)) ///
>                 xtitle("Quarters" , size($FS)) ///
>                 xlabel( , labsize($FS) grid) ///
>                 graphregion(color(white)) plotregion(color(white)) ///
>                 xsize(8) ///
>                 ysize(6) ///
>                 legend(off)
 65.         }
 66.         else if "`var'"== "g_" | "`var'" == "c_" | "`var'" == "i_" | "`var'" == "rer_" | "`var'" == "oil_" | "`var'" == "cg_" | "`var'" == "nonoil_" | "`var'" == "res_" {
 67.         twoway ///
>                 (rarea lh90 uh90 q, fcolor("$LIGHT") lwidth(none)) ///
>                 (rarea lh68 uh68 q, fcolor("$DARK") lwidth(none)) ///
>                 (line bh q, color("$SOLID") lw($LW) xla(0(1)$HOR) xtick(0(1)$HOR)) ///                  
>                 (line zeros q, color(black) lw(0.5) xla(0(1)$HOR) xtick(0(1)$HOR)) ///                  
>                 , ///
>                 ytitle("Percentage Change", size($FS)) ///
>                 ylabel( , angle(horizontal) format(%9.2f) labsize($FS)) ///
>                 xtitle("Quarters" , size($FS)) ///
>                 xlabel( , labsize($FS) grid) ///
>                 graphregion(color(white)) plotregion(color(white)) ///
>                 xsize(8) ///
>                 ysize(6) ///
>                 legend(off)     
 68.         }
 69.         else {
 70.         twoway ///
>                 (rarea lh90 uh90 q, fcolor("$LIGHT") lwidth(none)) ///
>                 (rarea lh68 uh68 q, fcolor("$DARK") lwidth(none)) ///
>                 (line bh q, color("$SOLID") lw($LW) xla(0(1)$HOR) xtick(0(1)$HOR)) ///          
>                 (line zeros q, color(black) lw(0.5) xla(0(1)$HOR) xtick(0(1)$HOR)) ///                  
>                 , ///
>                 ytitle("Percentage Points", size($FS)) ///
>                 ylabel( , angle(horizontal) format(%9.2f) labsize($FS)) ///
>                 xtitle("Quarters" , size($FS)) ///
>                 xlabel( , labsize($FS) grid) ///        
>                 graphregion(color(white)) plotregion(color(white)) ///
>                 xsize(8) ///
>                 ysize(6) ///
>                 legend(off)             
 71.         }
 72.         * Save graph file
.         quietly graph save "$dir/Output/Figures/GPH/`var'high_$VERSION.gph", replace    
 73.         quietly graph export "$dir/Output/Figures/PDF/`var'high_$VERSION.pdf", replace
 74.         *---------------------------------------------------------------------------
.         * Graph - test of parameters
.         *---------------------------------------------------------------------------
.         if "`var'" == "r_" | "`var'" == "spr_" {
 75.         twoway ///
>                 (rcap llc90 ulc90 q, lcolor(orange) lwidth($LW)) ///
>                 (rcap llc68 ulc68 q, lcolor(orange_red) lwidth($LW)) ///
>                 (line zeros q, color(black) lw(0.5) xla(0(1)$HOR) xtick(0(1)$HOR)) ///
>                 (scatter blc q, msymbol(O) mcolor(black) msize(medium)), ///
>                 ytitle(, size($FS)) ///
>                 ylabel( , angle(horizontal) format(%9.0f) labsize($FS)) ///
>                 xtitle("Quarters" , size($FS)) ///
>                 xlabel( , labsize($FS) grid) ///
>                 graphregion(color(white)) plotregion(color(white)) ///
>                 xsize(8) ///
>                 ysize(6) ///
>                 legend(off)
 76.         }
 77.         else if "`var'"== "g_" | "`var'" == "c_" | "`var'" == "i_" | "`var'" == "rer_" | "`var'" == "oil_" | "`var'" == "cg_" | "`var'" == "nonoil_" | "`var'" == "res_" {
 78.         twoway ///
>                 (rcap llc90 ulc90 q, lcolor(orange) lwidth($LW)) ///
>                 (rcap llc68 ulc68 q, lcolor(orange_red) lwidth($LW)) ///
>                 (line zeros q, color(black) lw(0.5) xla(0(1)$HOR) xtick(0(1)$HOR)) ///
>                 (scatter blc q, msymbol(O) mcolor(black) msize(medium)), ///
>                 ytitle(, size($FS)) ///
>                 ylabel( , angle(horizontal) format(%9.2f) labsize($FS)) ///
>                 xtitle("Quarters" , size($FS)) ///
>                 xlabel( , labsize($FS) grid) ///
>                 graphregion(color(white)) plotregion(color(white)) ///
>                 xsize(8) ///
>                 ysize(6) ///
>                 legend(off)
 79.         }
 80.         else {
 81.         twoway ///
>                 (rcap llc90 ulc90 q, lcolor(orange) lwidth($LW)) ///
>                 (rcap llc68 ulc68 q, lcolor(orange_red) lwidth($LW)) ///
>                 (line zeros q, color(black) lw(0.5) xla(0(1)$HOR) xtick(0(1)$HOR)) ///
>                 (scatter blc q, msymbol(O) mcolor(black) msize(medium)), ///
>                 ytitle(, size($FS)) ///
>                 ylabel( , angle(horizontal) format(%9.2f) labsize($FS)) ///
>                 xtitle("Quarters" , size($FS)) ///
>                 xlabel( , labsize($FS) grid) ///
>                 graphregion(color(white)) plotregion(color(white)) ///
>                 xsize(8) ///
>                 ysize(6) ///
>                 legend(off)
 82.         }
 83.         * Save graph file
.         quietly graph save "$dir/Output/Figures/GPH/`var'test_$VERSION.gph", replace    
 84.         quietly graph export "$dir/Output/Figures/PDF/`var'test_$VERSION.pdf", replace          
 85.         drop dyl_ dyh_ dy_ y_*
 86. }

Real Exchange Rate - Sample: 1998Q1-2023Q3
-----------------------------------------------------------------------------------------------------------------------------------------------------------------------------------------------------------------------
                              (1)            (2)            (3)            (4)            (5)            (6)            (7)            (8)            (9)           (10)           (11)           (12)           (13)  
                                0              1              2              3              4              5              6              7              8              9             10             11             12  
-----------------------------------------------------------------------------------------------------------------------------------------------------------------------------------------------------------------------
Ll regime                  -0.401*        -0.438*        -0.644*        -0.798*        -1.412*        -1.152*        -1.327*        -1.050*        -0.953         -1.619*        -1.862**       -1.787**       -1.957**
                          (0.302)        (0.368)        (0.543)        (0.712)        (0.925)        (0.892)        (0.997)        (1.042)        (0.971)        (1.017)        (1.052)        (1.009)        (1.045)  
Hl regime                   0.211         -0.154         -0.075          0.153          0.245         -0.716          0.376         -0.824         -0.252          0.398          1.874          0.156         -0.473  
                          (0.306)        (0.782)        (0.929)        (1.272)        (1.450)        (1.442)        (2.100)        (1.763)        (1.884)        (2.251)        (3.093)        (2.159)        (2.387)  
-----------------------------------------------------------------------------------------------------------------------------------------------------------------------------------------------------------------------
Observations                  600            595            590            585            580            575            570            565            560            555            550            545            539  
-----------------------------------------------------------------------------------------------------------------------------------------------------------------------------------------------------------------------
Standard errors in parentheses
* p<0.32, ** p<0.10

Primary Balance/GDP - Sample: 1998Q1-2023Q3
-----------------------------------------------------------------------------------------------------------------------------------------------------------------------------------------------------------------------
                              (1)            (2)            (3)            (4)            (5)            (6)            (7)            (8)            (9)           (10)           (11)           (12)           (13)  
                                0              1              2              3              4              5              6              7              8              9             10             11             12  
-----------------------------------------------------------------------------------------------------------------------------------------------------------------------------------------------------------------------
Ll regime                  -0.020          0.045          0.100*         0.110*         0.044         -0.094         -0.103         -0.168*        -0.188*        -0.241*        -0.237*        -0.329**       -0.365**
                          (0.039)        (0.072)        (0.100)        (0.102)        (0.114)        (0.117)        (0.183)        (0.163)        (0.157)        (0.183)        (0.196)        (0.168)        (0.170)  
Hl regime                   0.037          0.372**        0.353*         0.674**        0.550**        0.572**        0.215          0.315**        0.125         -0.060         -0.255         -0.239         -0.073  
                          (0.126)        (0.207)        (0.267)        (0.267)        (0.240)        (0.158)        (0.269)        (0.168)        (0.231)        (0.236)        (0.309)        (0.255)        (0.202)  
-----------------------------------------------------------------------------------------------------------------------------------------------------------------------------------------------------------------------
Observations                  576            571            566            561            556            551            546            541            536            531            526            521            516  
-----------------------------------------------------------------------------------------------------------------------------------------------------------------------------------------------------------------------
Standard errors in parentheses
* p<0.32, ** p<0.10

Share of Tradable Sector - Sample: 1998Q1-2023Q3
-----------------------------------------------------------------------------------------------------------------------------------------------------------------------------------------------------------------------
                              (1)            (2)            (3)            (4)            (5)            (6)            (7)            (8)            (9)           (10)           (11)           (12)           (13)  
                                0              1              2              3              4              5              6              7              8              9             10             11             12  
-----------------------------------------------------------------------------------------------------------------------------------------------------------------------------------------------------------------------
Ll regime                  -0.010         -0.014          0.007          0.016          0.026          0.006         -0.034         -0.043*        -0.066**       -0.090**       -0.094**       -0.098**       -0.112**
                          (0.015)        (0.029)        (0.040)        (0.045)        (0.038)        (0.041)        (0.036)        (0.039)        (0.039)        (0.044)        (0.045)        (0.053)        (0.053)  
Hl regime                  -0.004         -0.013         -0.046*        -0.067*        -0.102**       -0.107**       -0.080*        -0.124**       -0.114**       -0.086*        -0.035         -0.040         -0.013  
                          (0.012)        (0.019)        (0.033)        (0.043)        (0.044)        (0.047)        (0.052)        (0.058)        (0.067)        (0.075)        (0.090)        (0.087)        (0.108)  
-----------------------------------------------------------------------------------------------------------------------------------------------------------------------------------------------------------------------
Observations                  599            593            587            581            575            569            563            557            551            545            539            533            527  
-----------------------------------------------------------------------------------------------------------------------------------------------------------------------------------------------------------------------
Standard errors in parentheses
* p<0.32, ** p<0.10

GVA Oil Sector - Sample: 1998Q1-2023Q3
-----------------------------------------------------------------------------------------------------------------------------------------------------------------------------------------------------------------------
                              (1)            (2)            (3)            (4)            (5)            (6)            (7)            (8)            (9)           (10)           (11)           (12)           (13)  
                                0              1              2              3              4              5              6              7              8              9             10             11             12  
-----------------------------------------------------------------------------------------------------------------------------------------------------------------------------------------------------------------------
Ll regime                  -0.406**       -0.125         -0.119          0.139          0.126          0.065         -0.207         -0.044         -0.044         -0.097          0.290          0.245          0.247  
                          (0.242)        (0.251)        (0.264)        (0.260)        (0.325)        (0.332)        (0.376)        (0.390)        (0.414)        (0.379)        (0.403)        (0.435)        (0.454)  
Hl regime                   0.178          0.842**        1.046**        1.254**        1.301**        1.377**        2.295**        2.189**        2.204**        1.766**        1.643*         0.601          1.267* 
                          (0.247)        (0.458)        (0.442)        (0.403)        (0.435)        (0.519)        (0.520)        (0.622)        (0.697)        (0.918)        (1.113)        (1.024)        (1.162)  
-----------------------------------------------------------------------------------------------------------------------------------------------------------------------------------------------------------------------
Observations                  599            593            587            581            575            569            563            557            551            545            539            533            527  
-----------------------------------------------------------------------------------------------------------------------------------------------------------------------------------------------------------------------
Standard errors in parentheses
* p<0.32, ** p<0.10

GVA Non-Oil Sector - Sample: 1998Q1-2023Q3
-----------------------------------------------------------------------------------------------------------------------------------------------------------------------------------------------------------------------
                              (1)            (2)            (3)            (4)            (5)            (6)            (7)            (8)            (9)           (10)           (11)           (12)           (13)  
                                0              1              2              3              4              5              6              7              8              9             10             11             12  
-----------------------------------------------------------------------------------------------------------------------------------------------------------------------------------------------------------------------
Ll regime                   0.172**        0.446**        0.829**        0.881**        0.943**        0.879**        0.674**        0.952**        0.826**        0.791**        0.622*         0.709**        0.549* 
                          (0.094)        (0.141)        (0.154)        (0.218)        (0.343)        (0.358)        (0.392)        (0.446)        (0.412)        (0.416)        (0.416)        (0.414)        (0.403)  
Hl regime                   0.922**        2.145**        1.749**        1.559**        1.864**        2.131**        2.947**        2.342**        2.260**        2.309**        2.731**        2.069**        2.147* 
                          (0.278)        (0.623)        (0.435)        (0.450)        (0.505)        (0.499)        (0.584)        (0.662)        (0.805)        (1.003)        (1.345)        (1.109)        (1.426)  
-----------------------------------------------------------------------------------------------------------------------------------------------------------------------------------------------------------------------
Observations                  599            593            587            581            575            569            563            557            551            545            539            533            527  
-----------------------------------------------------------------------------------------------------------------------------------------------------------------------------------------------------------------------
Standard errors in parentheses
* p<0.32, ** p<0.10

Private Consumption - Sample: 1998Q1-2023Q3
-----------------------------------------------------------------------------------------------------------------------------------------------------------------------------------------------------------------------
                              (1)            (2)            (3)            (4)            (5)            (6)            (7)            (8)            (9)           (10)           (11)           (12)           (13)  
                                0              1              2              3              4              5              6              7              8              9             10             11             12  
-----------------------------------------------------------------------------------------------------------------------------------------------------------------------------------------------------------------------
Ll regime                   0.094*         0.335**        0.792**        0.862**        0.995**        0.950**        0.717*         0.935**        0.802**        0.743*         0.580*         0.742**        0.536* 
                          (0.091)        (0.155)        (0.162)        (0.227)        (0.352)        (0.405)        (0.464)        (0.515)        (0.460)        (0.461)        (0.448)        (0.444)        (0.428)  
Hl regime                   0.999**        2.430**        1.953**        1.710**        2.058**        2.520**        3.358**        2.792**        2.465**        2.653**        3.186**        2.322**        2.811**
                          (0.307)        (0.679)        (0.535)        (0.537)        (0.590)        (0.575)        (0.682)        (0.761)        (0.903)        (1.145)        (1.440)        (1.310)        (1.678)  
-----------------------------------------------------------------------------------------------------------------------------------------------------------------------------------------------------------------------
Observations                  595            589            583            577            571            565            559            553            547            541            535            529            523  
-----------------------------------------------------------------------------------------------------------------------------------------------------------------------------------------------------------------------
Standard errors in parentheses
* p<0.32, ** p<0.10

Investment - Sample: 1998Q1-2023Q3
-----------------------------------------------------------------------------------------------------------------------------------------------------------------------------------------------------------------------
                              (1)            (2)            (3)            (4)            (5)            (6)            (7)            (8)            (9)           (10)           (11)           (12)           (13)  
                                0              1              2              3              4              5              6              7              8              9             10             11             12  
-----------------------------------------------------------------------------------------------------------------------------------------------------------------------------------------------------------------------
Ll regime                   0.116          1.018**        2.237**        2.815**        3.193**        2.993**        2.366**        3.123**        2.726**        2.775**        2.200*         2.042*         1.634* 
                          (0.231)        (0.310)        (0.427)        (0.642)        (0.993)        (1.072)        (1.271)        (1.442)        (1.344)        (1.363)        (1.330)        (1.287)        (1.271)  
Hl regime                   2.197**        3.871**        3.318**        3.040**        3.241**        3.981**        6.490**        4.313**        4.488**        4.507**        6.812**        6.020**        6.825**
                          (0.692)        (0.895)        (0.970)        (0.955)        (1.258)        (1.417)        (1.592)        (1.885)        (2.265)        (2.364)        (3.655)        (3.312)        (3.733)  
-----------------------------------------------------------------------------------------------------------------------------------------------------------------------------------------------------------------------
Observations                  595            589            583            577            571            565            559            553            547            541            535            529            523  
-----------------------------------------------------------------------------------------------------------------------------------------------------------------------------------------------------------------------
Standard errors in parentheses
* p<0.32, ** p<0.10

Public Consumption - Sample: 1998Q1-2023Q3
-----------------------------------------------------------------------------------------------------------------------------------------------------------------------------------------------------------------------
                              (1)            (2)            (3)            (4)            (5)            (6)            (7)            (8)            (9)           (10)           (11)           (12)           (13)  
                                0              1              2              3              4              5              6              7              8              9             10             11             12  
-----------------------------------------------------------------------------------------------------------------------------------------------------------------------------------------------------------------------
Ll regime                   0.122**        0.237**        0.241**        0.308**        0.400*         0.570**        0.578**        0.682**        0.828**        0.767**        0.717**        0.693**        0.792**
                          (0.066)        (0.108)        (0.121)        (0.181)        (0.257)        (0.236)        (0.242)        (0.284)        (0.338)        (0.340)        (0.358)        (0.314)        (0.322)  
Hl regime                   0.263**        0.768**        0.774**        0.734**        0.950**        1.133**        1.275**        1.019**        0.969**        0.957**        1.432**        1.037*         1.348**
                          (0.144)        (0.159)        (0.191)        (0.249)        (0.324)        (0.369)        (0.408)        (0.493)        (0.542)        (0.565)        (0.750)        (0.647)        (0.810)  
-----------------------------------------------------------------------------------------------------------------------------------------------------------------------------------------------------------------------
Observations                  595            589            583            577            571            565            559            553            547            541            535            529            523  
-----------------------------------------------------------------------------------------------------------------------------------------------------------------------------------------------------------------------
Standard errors in parentheses
* p<0.32, ** p<0.10

Net Exports/GDP - Sample: 1998Q1-2023Q3
-----------------------------------------------------------------------------------------------------------------------------------------------------------------------------------------------------------------------
                              (1)            (2)            (3)            (4)            (5)            (6)            (7)            (8)            (9)           (10)           (11)           (12)           (13)  
                                0              1              2              3              4              5              6              7              8              9             10             11             12  
-----------------------------------------------------------------------------------------------------------------------------------------------------------------------------------------------------------------------
Ll regime                   0.140**        0.312**        0.351**        0.309*         0.120         -0.106         -0.198         -0.277         -0.110         -0.124          0.017          0.015          0.065  
                          (0.068)        (0.084)        (0.134)        (0.194)        (0.256)        (0.305)        (0.346)        (0.372)        (0.359)        (0.352)        (0.313)        (0.330)        (0.396)  
Hl regime                  -0.034         -0.186**       -0.425**       -0.407**       -0.438**       -0.382*        -0.582*        -0.679**       -0.942**       -0.842**       -0.954**       -0.777*        -1.213**
                          (0.059)        (0.104)        (0.160)        (0.209)        (0.250)        (0.334)        (0.358)        (0.369)        (0.375)        (0.409)        (0.452)        (0.505)        (0.525)  
-----------------------------------------------------------------------------------------------------------------------------------------------------------------------------------------------------------------------
Observations                  595            589            583            577            571            565            559            553            547            541            535            529            523  
-----------------------------------------------------------------------------------------------------------------------------------------------------------------------------------------------------------------------
Standard errors in parentheses
* p<0.32, ** p<0.10

Public Debt/GDP - Sample: 1998Q1-2023Q3
-----------------------------------------------------------------------------------------------------------------------------------------------------------------------------------------------------------------------
                              (1)            (2)            (3)            (4)            (5)            (6)            (7)            (8)            (9)           (10)           (11)           (12)           (13)  
                                0              1              2              3              4              5              6              7              8              9             10             11             12  
-----------------------------------------------------------------------------------------------------------------------------------------------------------------------------------------------------------------------
Ll regime                  -0.215*        -0.507**       -0.850**       -0.923**       -1.373**       -1.444**       -1.133**       -1.078**       -0.997*        -0.855*        -0.810*        -0.668         -0.586  
                          (0.162)        (0.221)        (0.402)        (0.469)        (0.631)        (0.720)        (0.612)        (0.632)        (0.661)        (0.700)        (0.791)        (0.868)        (1.033)  
Hl regime                  -0.073         -0.772**       -0.937**       -1.818**       -1.915**       -2.109**       -2.422**       -2.784**       -2.902**       -2.827**       -3.131**       -2.764**       -2.825* 
                          (0.145)        (0.250)        (0.398)        (0.540)        (0.622)        (0.694)        (0.647)        (0.944)        (1.074)        (1.204)        (1.500)        (1.523)        (1.716)  
-----------------------------------------------------------------------------------------------------------------------------------------------------------------------------------------------------------------------
Observations                  599            593            587            581            575            569            563            557            551            545            539            533            527  
-----------------------------------------------------------------------------------------------------------------------------------------------------------------------------------------------------------------------
Standard errors in parentheses
* p<0.32, ** p<0.10

Gross Domestic Product - Sample: 1998Q1-2023Q3
-----------------------------------------------------------------------------------------------------------------------------------------------------------------------------------------------------------------------
                              (1)            (2)            (3)            (4)            (5)            (6)            (7)            (8)            (9)           (10)           (11)           (12)           (13)  
                                0              1              2              3              4              5              6              7              8              9             10             11             12  
-----------------------------------------------------------------------------------------------------------------------------------------------------------------------------------------------------------------------
Ll regime                   0.049          0.431**        0.848**        0.953**        1.040**        0.970**        0.881**        0.905**        0.836**        0.739**        0.797**        0.677*         0.723**
                          (0.142)        (0.164)        (0.166)        (0.239)        (0.360)        (0.384)        (0.456)        (0.476)        (0.436)        (0.433)        (0.437)        (0.418)        (0.413)  
Hl regime                   0.945**        2.211**        1.751**        1.709**        1.757**        1.875**        2.145**        1.954**        1.796**        1.715**        1.664**        1.385**        1.317**
                          (0.331)        (0.606)        (0.378)        (0.349)        (0.397)        (0.371)        (0.497)        (0.427)        (0.551)        (0.797)        (0.860)        (0.755)        (0.783)  
-----------------------------------------------------------------------------------------------------------------------------------------------------------------------------------------------------------------------
Observations                  599            593            587            581            575            569            563            557            551            545            539            533            527  
-----------------------------------------------------------------------------------------------------------------------------------------------------------------------------------------------------------------------
Standard errors in parentheses
* p<0.32, ** p<0.10

Unemployment Rate - Sample: 1998Q1-2023Q3
-----------------------------------------------------------------------------------------------------------------------------------------------------------------------------------------------------------------------
                              (1)            (2)            (3)            (4)            (5)            (6)            (7)            (8)            (9)           (10)           (11)           (12)           (13)  
                                0              1              2              3              4              5              6              7              8              9             10             11             12  
-----------------------------------------------------------------------------------------------------------------------------------------------------------------------------------------------------------------------
Ll regime                  -0.007         -0.046*        -0.114**       -0.139**       -0.210**       -0.174**       -0.177*        -0.201*        -0.204**       -0.243**       -0.235**       -0.238**       -0.206* 
                          (0.020)        (0.039)        (0.045)        (0.052)        (0.071)        (0.088)        (0.116)        (0.124)        (0.120)        (0.128)        (0.138)        (0.129)        (0.130)  
Hl regime                  -0.187**       -0.392**       -0.443**       -0.448**       -0.466**       -0.590**       -0.627**       -0.581**       -0.419**       -0.261*        -0.191         -0.098         -0.155  
                          (0.053)        (0.120)        (0.137)        (0.124)        (0.116)        (0.142)        (0.164)        (0.169)        (0.146)        (0.179)        (0.202)        (0.202)        (0.222)  
-----------------------------------------------------------------------------------------------------------------------------------------------------------------------------------------------------------------------
Observations                  549            543            537            531            525            519            513            507            501            495            489            483            477  
-----------------------------------------------------------------------------------------------------------------------------------------------------------------------------------------------------------------------
Standard errors in parentheses
* p<0.32, ** p<0.10

Sovereign Default Risk - Sample: 1998Q1-2023Q3
-----------------------------------------------------------------------------------------------------------------------------------------------------------------------------------------------------------------------
                              (1)            (2)            (3)            (4)            (5)            (6)            (7)            (8)            (9)           (10)           (11)           (12)           (13)  
                                0              1              2              3              4              5              6              7              8              9             10             11             12  
-----------------------------------------------------------------------------------------------------------------------------------------------------------------------------------------------------------------------
Ll regime                 -56.815**     -111.925**     -111.912**      -74.620*       -47.264        -51.772        -30.443        -32.175        -24.500         -1.454         22.066          9.458         17.318  
                         (11.300)       (24.384)       (28.257)       (50.057)       (52.451)       (60.386)       (45.286)       (38.309)       (37.058)       (29.918)       (34.693)       (40.123)       (50.251)  
Hl regime                 -75.692**      -67.026**      -33.668        -67.657*       -87.550*      -126.751**     -125.180*      -145.683*      -122.411*      -192.031**     -215.280**     -220.209**     -240.615**
                         (25.992)       (31.355)       (39.462)       (59.389)       (60.405)       (71.581)       (76.740)       (87.776)       (80.823)       (84.777)       (84.307)       (89.014)       (91.751)  
-----------------------------------------------------------------------------------------------------------------------------------------------------------------------------------------------------------------------
Observations                  598            592            586            580            574            568            562            556            550            544            538            532            526  
-----------------------------------------------------------------------------------------------------------------------------------------------------------------------------------------------------------------------
Standard errors in parentheses
* p<0.32, ** p<0.10

Private Default Risk - Sample: 1998Q1-2023Q3
-----------------------------------------------------------------------------------------------------------------------------------------------------------------------------------------------------------------------
                              (1)            (2)            (3)            (4)            (5)            (6)            (7)            (8)            (9)           (10)           (11)           (12)           (13)  
                                0              1              2              3              4              5              6              7              8              9             10             11             12  
-----------------------------------------------------------------------------------------------------------------------------------------------------------------------------------------------------------------------
Ll regime                 -29.890**      -39.590**      -26.204*       -16.534        -12.374         -6.133          5.083          6.850          9.416          8.105         12.101         18.228         -1.245  
                          (8.587)       (18.557)       (24.895)       (25.543)       (26.244)       (28.216)       (30.421)       (33.697)       (35.231)       (32.596)       (28.758)       (30.711)       (22.994)  
Hl regime                   4.173         21.919*        30.746*        25.865*        39.626*        26.638          8.622         12.034        -15.699        -22.154        -31.251        -68.253**      -72.886**
                          (8.385)       (21.894)       (28.236)       (24.474)       (27.095)       (36.116)       (39.115)       (41.312)       (48.066)       (41.859)       (36.289)       (30.424)       (19.054)  
-----------------------------------------------------------------------------------------------------------------------------------------------------------------------------------------------------------------------
Observations                  587            582            577            572            567            562            557            552            547            542            537            532            527  
-----------------------------------------------------------------------------------------------------------------------------------------------------------------------------------------------------------------------
Standard errors in parentheses
* p<0.32, ** p<0.10

Bank Credit/GDP - Sample: 1998Q1-2023Q3
-----------------------------------------------------------------------------------------------------------------------------------------------------------------------------------------------------------------------
                              (1)            (2)            (3)            (4)            (5)            (6)            (7)            (8)            (9)           (10)           (11)           (12)           (13)  
                                0              1              2              3              4              5              6              7              8              9             10             11             12  
-----------------------------------------------------------------------------------------------------------------------------------------------------------------------------------------------------------------------
Ll regime                   0.032          0.087          0.104          0.159*         0.243*         0.392**        0.522**        0.558**        0.501**        0.613**        0.544**        0.537**        0.492**
                          (0.063)        (0.103)        (0.128)        (0.148)        (0.157)        (0.186)        (0.182)        (0.214)        (0.208)        (0.264)        (0.265)        (0.271)        (0.258)  
Hl regime                   0.012         -0.075         -0.158*        -0.334**       -0.301**       -0.091         -0.172*        -0.063          0.021          0.116          0.190          0.230*         0.371* 
                          (0.050)        (0.108)        (0.157)        (0.176)        (0.156)        (0.106)        (0.119)        (0.140)        (0.148)        (0.172)        (0.191)        (0.218)        (0.235)  
-----------------------------------------------------------------------------------------------------------------------------------------------------------------------------------------------------------------------
Observations                  570            564            558            552            546            540            534            528            522            516            510            504            498  
-----------------------------------------------------------------------------------------------------------------------------------------------------------------------------------------------------------------------
Standard errors in parentheses
* p<0.32, ** p<0.10

Current Account/GDP - Sample: 1998Q1-2023Q3
-----------------------------------------------------------------------------------------------------------------------------------------------------------------------------------------------------------------------
                              (1)            (2)            (3)            (4)            (5)            (6)            (7)            (8)            (9)           (10)           (11)           (12)           (13)  
                                0              1              2              3              4              5              6              7              8              9             10             11             12  
-----------------------------------------------------------------------------------------------------------------------------------------------------------------------------------------------------------------------
Ll regime                   0.132**        0.306**        0.366**        0.358**        0.135         -0.034         -0.170*        -0.175*        -0.153         -0.177*        -0.172*        -0.174*        -0.144  
                          (0.023)        (0.048)        (0.086)        (0.108)        (0.135)        (0.142)        (0.135)        (0.161)        (0.183)        (0.176)        (0.158)        (0.142)        (0.147)  
Hl regime                   0.083*         0.075          0.090          0.086          0.024         -0.053         -0.063         -0.222*        -0.376**       -0.322**       -0.310**       -0.197*        -0.173* 
                          (0.052)        (0.096)        (0.199)        (0.253)        (0.257)        (0.277)        (0.252)        (0.173)        (0.144)        (0.129)        (0.131)        (0.133)        (0.125)  
-----------------------------------------------------------------------------------------------------------------------------------------------------------------------------------------------------------------------
Observations                  590            584            578            572            566            560            554            548            542            536            530            524            518  
-----------------------------------------------------------------------------------------------------------------------------------------------------------------------------------------------------------------------
Standard errors in parentheses
* p<0.32, ** p<0.10

Foreign Reserves - Sample: 1998Q1-2023Q3
-----------------------------------------------------------------------------------------------------------------------------------------------------------------------------------------------------------------------
                              (1)            (2)            (3)            (4)            (5)            (6)            (7)            (8)            (9)           (10)           (11)           (12)           (13)  
                                0              1              2              3              4              5              6              7              8              9             10             11             12  
-----------------------------------------------------------------------------------------------------------------------------------------------------------------------------------------------------------------------
Ll regime                  -0.654          1.369**        2.080**        0.970*         0.623          1.091*         0.786          0.603          1.203         -0.202         -0.708         -0.265         -1.380  
                          (0.669)        (0.612)        (0.737)        (0.812)        (0.982)        (0.919)        (1.154)        (1.347)        (1.554)        (1.824)        (1.905)        (2.135)        (2.030)  
Hl regime                   0.285         -1.169*        -1.358*        -1.776*        -1.353         -2.040*        -2.562*        -2.037         -1.280          1.016          3.563*         1.972          2.232  
                          (0.710)        (1.015)        (1.041)        (1.364)        (1.572)        (2.021)        (2.433)        (2.360)        (2.337)        (1.770)        (3.146)        (2.310)        (2.820)  
-----------------------------------------------------------------------------------------------------------------------------------------------------------------------------------------------------------------------
Observations                  581            575            569            563            557            551            545            539            533            527            521            515            509  
-----------------------------------------------------------------------------------------------------------------------------------------------------------------------------------------------------------------------
Standard errors in parentheses
* p<0.32, ** p<0.10

Public Spending/GDP - Sample: 1998Q1-2023Q3
-----------------------------------------------------------------------------------------------------------------------------------------------------------------------------------------------------------------------
                              (1)            (2)            (3)            (4)            (5)            (6)            (7)            (8)            (9)           (10)           (11)           (12)           (13)  
                                0              1              2              3              4              5              6              7              8              9             10             11             12  
-----------------------------------------------------------------------------------------------------------------------------------------------------------------------------------------------------------------------
Ll regime                   0.057*         0.081          0.048          0.058          0.132          0.273**        0.280*         0.383**        0.406**        0.369*         0.330*         0.425**        0.561**
                          (0.048)        (0.092)        (0.140)        (0.137)        (0.174)        (0.161)        (0.203)        (0.178)        (0.216)        (0.257)        (0.245)        (0.247)        (0.255)  
Hl regime                   0.045         -0.315*        -0.037         -0.262         -0.112         -0.245          0.329         -0.146          0.076          0.259          0.652          0.409          0.280  
                          (0.133)        (0.287)        (0.392)        (0.396)        (0.446)        (0.442)        (0.668)        (0.490)        (0.570)        (0.607)        (0.837)        (0.646)        (0.589)  
-----------------------------------------------------------------------------------------------------------------------------------------------------------------------------------------------------------------------
Observations                  576            571            566            561            556            551            546            541            536            531            526            521            516  
-----------------------------------------------------------------------------------------------------------------------------------------------------------------------------------------------------------------------
Standard errors in parentheses
* p<0.32, ** p<0.10

Exports/GDP - Sample: 1998Q1-2023Q3
-----------------------------------------------------------------------------------------------------------------------------------------------------------------------------------------------------------------------
                              (1)            (2)            (3)            (4)            (5)            (6)            (7)            (8)            (9)           (10)           (11)           (12)           (13)  
                                0              1              2              3              4              5              6              7              8              9             10             11             12  
-----------------------------------------------------------------------------------------------------------------------------------------------------------------------------------------------------------------------
Ll regime                   0.132**        0.362**        0.526**        0.645**        0.580**        0.402*         0.225          0.087          0.169          0.173          0.236          0.153          0.072  
                          (0.075)        (0.131)        (0.201)        (0.253)        (0.303)        (0.355)        (0.399)        (0.417)        (0.422)        (0.393)        (0.361)        (0.377)        (0.472)  
Hl regime                  -0.018          0.032         -0.011          0.179          0.323**        0.211          0.036         -0.130         -0.369*        -0.503*        -0.448*        -0.525*        -0.988**
                          (0.054)        (0.119)        (0.169)        (0.200)        (0.179)        (0.223)        (0.271)        (0.242)        (0.293)        (0.331)        (0.326)        (0.397)        (0.514)  
-----------------------------------------------------------------------------------------------------------------------------------------------------------------------------------------------------------------------
Observations                  595            589            583            577            571            565            559            553            547            541            535            529            523  
-----------------------------------------------------------------------------------------------------------------------------------------------------------------------------------------------------------------------
Standard errors in parentheses
* p<0.32, ** p<0.10

Imports/GDP - Sample: 1998Q1-2023Q3
-----------------------------------------------------------------------------------------------------------------------------------------------------------------------------------------------------------------------
                              (1)            (2)            (3)            (4)            (5)            (6)            (7)            (8)            (9)           (10)           (11)           (12)           (13)  
                                0              1              2              3              4              5              6              7              8              9             10             11             12  
-----------------------------------------------------------------------------------------------------------------------------------------------------------------------------------------------------------------------
Ll regime                  -0.032         -0.001          0.086          0.190**        0.301**        0.280**        0.186*         0.092         -0.012         -0.034         -0.120         -0.208*        -0.344**
                          (0.035)        (0.067)        (0.094)        (0.109)        (0.116)        (0.141)        (0.147)        (0.173)        (0.207)        (0.211)        (0.197)        (0.188)        (0.164)  
Hl regime                   0.044          0.253**        0.446**        0.637**        0.736**        0.604**        0.679**        0.573**        0.620**        0.432*         0.500          0.330          0.438  
                          (0.045)        (0.093)        (0.129)        (0.192)        (0.219)        (0.249)        (0.307)        (0.312)        (0.356)        (0.406)        (0.542)        (0.465)        (0.495)  
-----------------------------------------------------------------------------------------------------------------------------------------------------------------------------------------------------------------------
Observations                  595            589            583            577            571            565            559            553            547            541            535            529            523  
-----------------------------------------------------------------------------------------------------------------------------------------------------------------------------------------------------------------------
Standard errors in parentheses
* p<0.32, ** p<0.10

. * Close log file
. log close
      name:  <unnamed>
       log:  /Users/carlosrojasquiroz/Desktop/EUI-Phd-Thesis/Project-3/Output/Logs/Debt_base.log
  log type:  text
 closed on:  15 Oct 2024, 16:58:11
------------------------------------------------------------------------------------------------------------------------------------------------------------------------------------------------------------------------------------------------------------
