------------------------------------------------------------------------------------------------------------------------------------------------------------------------------------------------------------------------------------------------------------
      name:  <unnamed>
       log:  /Users/carlosrojasquiroz/Desktop/EUI-Phd-Thesis/Project-3/Output/Logs/Debt_v4.log
  log type:  text
 opened on:  15 Oct 2024, 17:02:21

. * List of endogenous variables 
. local varendo rer_ pb_ shr_ oil_ nonoil_ c_ i_ cg_ tb_ d_ g_ u_ r_ spr_ crg_ ca_ res_ gg_ exp_ imp_

. * Loop over variables
. foreach var of local varendo {
  2.         * Endogenous variable
.         quietly gen dy_ = d.`var'
  3.         quietly gen dyln_ = dy_*id_low*id_neg
  4.         quietly gen dyhn_ = dy_*id_high*id_neg
  5.         quietly gen dylp_ = dy_*id_low*id_pos
  6.         quietly gen dyhp_ = dy_*id_high*id_pos
  7.         quietly forvalues h = 0/$HOR {
  8.                 gen y_`h' = f`h'.`var' - l.`var'
  9.                 label variable y_`h' "`h'"
 10.         }
 11.         *---------------------------------------------------------------------------
.         * Local projection regressions
.         *---------------------------------------------------------------------------
.         eststo clear
 12.         cap drop bl ul90 ll90 ul68 ll68 bh uh90 lh90 uh68 lh68 q zeros blc ulc90 llc90 ulc68 llc68
 13.         quietly gen bl=.
 14.         quietly gen ul90=.
 15.         quietly gen ll90=.
 16.         quietly gen ul68=.
 17.         quietly gen ll68=.
 18.         quietly gen bh=.
 19.         quietly gen uh90=.
 20.         quietly gen lh90=.
 21.         quietly gen uh68=.
 22.         quietly gen lh68=.      
 23.         quietly gen q=.
 24.         quietly gen zeros=.
 25.         quietly gen blc=. 
 26.         quietly gen ulc90=. 
 27.         quietly gen llc90=. 
 28.         quietly gen ulc68=. 
 29.         quietly gen llc68=.     
 30.         * Loop over horizons
.         quietly forvalues h = 0/$HOR {  
 31.                 xtscc y_`h' sln_ shn_ slp_ shp_ lowneg highneg lowpos highpos L(1/ $LAG ).(dyln_ sln_ dyhn_ shn_ dylp_ slp_ dyhp_ shp_) F`h'.(dum1-dum11) i.code if quarter >= tq(1998q1), lag(`h') noconstant
 32.                 if "$SHOCKTYPE" == "negative" {
 33.                         replace bl = $SIGN *_b[sln_] if _n == `h'+1
 34.                         replace ul90 = $SIGN *_b[sln_] + $T90 *_se[sln_]  if _n == `h'+1
 35.                         replace ll90 = $SIGN *_b[sln_] - $T90 *_se[sln_]  if _n == `h'+1
 36.                         replace ul68 = $SIGN *_b[sln_] + $T68 *_se[sln_]  if _n == `h'+1
 37.                         replace ll68 = $SIGN *_b[sln_] - $T68 *_se[sln_]  if _n == `h'+1
 38.                         replace bh = $SIGN *_b[shn_] if _n == `h'+1
 39.                         replace uh90 = $SIGN *_b[shn_] + $T90 *_se[shn_]  if _n == `h'+1
 40.                         replace lh90 = $SIGN *_b[shn_] - $T90 *_se[shn_]  if _n == `h'+1
 41.                         replace uh68 = $SIGN *_b[shn_] + $T68 *_se[shn_]  if _n == `h'+1
 42.                         replace lh68 = $SIGN *_b[shn_] - $T68 *_se[shn_]  if _n == `h'+1
 43.                         lincom $SIGN *(shn_ - sln_)
 44.                         replace blc = r(estimate) if _n == `h'+1
 45.                         replace ulc90 = r(estimate) + $T90 *r(se)  if _n == `h'+1
 46.                         replace llc90 = r(estimate) - $T90 *r(se)  if _n == `h'+1
 47.                         replace ulc68 = r(estimate) + $T68 *r(se)  if _n == `h'+1
 48.                         replace llc68 = r(estimate) - $T68 *r(se)  if _n == `h'+1 
 49.                         replace q = `h' if _n == `h'+1
 50.                         replace zeros = 0 if _n == `h'+1        
 51.                         quietly eststo
 52.                 }
 53.                 else if "$SHOCKTYPE" == "positive" {
 54.                         replace bl = $SIGN *_b[slp_] if _n == `h'+1
 55.                         replace ul90 = $SIGN *_b[slp_] + $T90 *_se[slp_]  if _n == `h'+1
 56.                         replace ll90 = $SIGN *_b[slp_] - $T90 *_se[slp_]  if _n == `h'+1
 57.                         replace ul68 = $SIGN *_b[slp_] + $T68 *_se[slp_]  if _n == `h'+1
 58.                         replace ll68 = $SIGN *_b[slp_] - $T68 *_se[slp_]  if _n == `h'+1
 59.                         replace bh = $SIGN *_b[shp_] if _n == `h'+1
 60.                         replace uh90 = $SIGN *_b[shp_] + $T90 *_se[shp_]  if _n == `h'+1
 61.                         replace lh90 = $SIGN *_b[shp_] - $T90 *_se[shp_]  if _n == `h'+1
 62.                         replace uh68 = $SIGN *_b[shp_] + $T68 *_se[shp_]  if _n == `h'+1
 63.                         replace lh68 = $SIGN *_b[shp_] - $T68 *_se[shp_]  if _n == `h'+1
 64.                         lincom $SIGN *(shn_ - sln_)
 65.                         replace blc = r(estimate) if _n == `h'+1
 66.                         replace ulc90 = r(estimate) + $T90 *r(se)  if _n == `h'+1
 67.                         replace llc90 = r(estimate) - $T90 *r(se)  if _n == `h'+1
 68.                         replace ulc68 = r(estimate) + $T68 *r(se)  if _n == `h'+1
 69.                         replace llc68 = r(estimate) - $T68 *r(se)  if _n == `h'+1 
 70.                         replace q = `h' if _n == `h'+1
 71.                         replace zeros = 0 if _n == `h'+1        
 72.                         quietly eststo
 73.                 }
 74.         }
 75.         local varlab : variable label `var'
 76.         nois esttab, se nocons keep(sln_ shn_) ti("`varlab' - Sample: 1998Q1-2023Q3") label star(* 0.32 ** 0.10) t(3) nogaps b($FORMATT)
 77.         *---------------------------------------------------------------------------
.         * Graph - Low Debt Regime
.         *---------------------------------------------------------------------------
.         if "`var'" == "r_" | "`var'" == "spr_" {
 78.         twoway ///
>                 (rarea ll90 ul90 q, fcolor("$LIGHT3") lwidth(none)) ///
>                 (rarea ll68 ul68 q, fcolor("$DARK3") lwidth(none)) ///
>                 (line bl q, color("$SOLID3") lw($LW) xla(0(1)$HOR) xtick(0(1)$HOR)) ///         
>                 (line zeros q, color(black) lw(0.5) xla(0(1)$HOR) xtick(0(1)$HOR)) ///                          
>                 , ///
>                 ytitle( , size($FS)) ///
>                 ylabel( , angle(horizontal) format(%9.0f) labsize($FS)) ///
>                 xtitle("Quarters" , size($FS)) ///
>                 xlabel( , labsize($FS) grid) ///
>                 graphregion(color(white)) plotregion(color(white)) ///
>                 xsize(8) ///
>                 ysize(6) ///
>                 legend(off)
 79.         }
 80.         else if "`var'"== "g_" | "`var'" == "c_" | "`var'" == "i_" | "`var'" == "rer_" | "`var'" == "oil_" | "`var'" == "cg_" | "`var'" == "nonoil_" | "`var'" == "res_" {
 81.         twoway ///
>                 (rarea ll90 ul90 q, fcolor("$LIGHT3") lwidth(none)) ///
>                 (rarea ll68 ul68 q, fcolor("$DARK3") lwidth(none)) ///
>                 (line bl q, color("$SOLID3") lw($LW) xla(0(1)$HOR) xtick(0(1)$HOR)) ///         
>                 (line zeros q, color(black) lw(0.5) xla(0(1)$HOR) xtick(0(1)$HOR)) ///                          
>                 , ///
>                 ytitle( , size($FS)) ///
>                 ylabel( , angle(horizontal) format(%9.2f) labsize($FS)) ///
>                 xtitle("Quarters" , size($FS)) ///
>                 xlabel( , labsize($FS) grid) ///
>                 graphregion(color(white)) plotregion(color(white)) ///
>                 xsize(8) ///
>                 ysize(6) ///
>                 legend(off)     
 82.         }
 83.         else {
 84.         twoway ///
>                 (rarea ll90 ul90 q, fcolor("$LIGHT3") lwidth(none)) ///
>                 (rarea ll68 ul68 q, fcolor("$DARK3") lwidth(none)) ///
>                 (line bl q, color("$SOLID3") lw($LW) xla(0(1)$HOR) xtick(0(1)$HOR)) /// 
>                 (line zeros q, color(black) lw(0.5) xla(0(1)$HOR) xtick(0(1)$HOR)) ///                  
>                 , ///
>                 ytitle( , size($FS)) ///
>                 ylabel( , angle(horizontal) format(%9.2f) labsize($FS)) ///
>                 xtitle("Quarters" , size($FS)) ///
>                 xlabel( , labsize($FS) grid) ///
>                 graphregion(color(white)) plotregion(color(white)) ///
>                 xsize(8) ///
>                 ysize(6) ///
>                 legend(off)             
 85.         }
 86.         * Save graph file
.         quietly graph save "$dir/Output/Figures/GPH/`var'low_$VERSION.gph", replace     
 87.         quietly graph export "$dir/Output/Figures/PDF/`var'low_$VERSION.pdf", replace
 88.         *---------------------------------------------------------------------------
.         * Graph - High Debt Regime
.         *---------------------------------------------------------------------------
.         if "`var'" == "r_" | "`var'" == "spr_" {
 89.         twoway ///
>                 (rarea lh90 uh90 q, fcolor("$LIGHT") lwidth(none)) ///
>                 (rarea lh68 uh68 q, fcolor("$DARK") lwidth(none)) ///
>                 (line bh q, color("$SOLID") lw($LW) xla(0(1)$HOR) xtick(0(1)$HOR)) ///          
>                 (line zeros q, color(black) lw(0.5) xla(0(1)$HOR) xtick(0(1)$HOR)) ///                  
>                 , ///
>                 ytitle("Basis Points", size($FS)) ///
>                 ylabel( , angle(horizontal) format(%9.0f) labsize($FS)) ///
>                 xtitle("Quarters" , size($FS)) ///
>                 xlabel( , labsize($FS) grid) ///
>                 graphregion(color(white)) plotregion(color(white)) ///
>                 xsize(8) ///
>                 ysize(6) ///
>                 legend(off)
 90.         }
 91.         else if "`var'"== "g_" | "`var'" == "c_" | "`var'" == "i_" | "`var'" == "rer_" | "`var'" == "oil_" | "`var'" == "cg_" | "`var'" == "nonoil_" | "`var'" == "res_" {
 92.         twoway ///
>                 (rarea lh90 uh90 q, fcolor("$LIGHT") lwidth(none)) ///
>                 (rarea lh68 uh68 q, fcolor("$DARK") lwidth(none)) ///
>                 (line bh q, color("$SOLID") lw($LW) xla(0(1)$HOR) xtick(0(1)$HOR)) ///                  
>                 (line zeros q, color(black) lw(0.5) xla(0(1)$HOR) xtick(0(1)$HOR)) ///                  
>                 , ///
>                 ytitle("Percentage Change", size($FS)) ///
>                 ylabel( , angle(horizontal) format(%9.2f) labsize($FS)) ///
>                 xtitle("Quarters" , size($FS)) ///
>                 xlabel( , labsize($FS) grid) ///
>                 graphregion(color(white)) plotregion(color(white)) ///
>                 xsize(8) ///
>                 ysize(6) ///
>                 legend(off)     
 93.         }
 94.         else {
 95.         twoway ///
>                 (rarea lh90 uh90 q, fcolor("$LIGHT") lwidth(none)) ///
>                 (rarea lh68 uh68 q, fcolor("$DARK") lwidth(none)) ///
>                 (line bh q, color("$SOLID") lw($LW) xla(0(1)$HOR) xtick(0(1)$HOR)) ///          
>                 (line zeros q, color(black) lw(0.5) xla(0(1)$HOR) xtick(0(1)$HOR)) ///                  
>                 , ///
>                 ytitle("Percentage Points", size($FS)) ///
>                 ylabel( , angle(horizontal) format(%9.2f) labsize($FS)) ///
>                 xtitle("Quarters" , size($FS)) ///
>                 xlabel( , labsize($FS) grid) ///        
>                 graphregion(color(white)) plotregion(color(white)) ///
>                 xsize(8) ///
>                 ysize(6) ///
>                 legend(off)             
 96.         }
 97.         * Save graph file
.         quietly graph save "$dir/Output/Figures/GPH/`var'high_$VERSION.gph", replace    
 98.         quietly graph export "$dir/Output/Figures/PDF/`var'high_$VERSION.pdf", replace
 99.         *---------------------------------------------------------------------------
.         * Graph - test of parameters
.         *---------------------------------------------------------------------------
.         if "`var'" == "r_" | "`var'" == "spr_" {
100.         twoway ///
>                 (rcap llc90 ulc90 q, lcolor(orange) lwidth($LW)) ///
>                 (rcap llc68 ulc68 q, lcolor(orange_red) lwidth($LW)) ///
>                 (line zeros q, color(black) lw(0.5) xla(0(1)$HOR) xtick(0(1)$HOR)) ///
>                 (scatter blc q, msymbol(O) mcolor(black) msize(medium)), ///
>                 ytitle(, size($FS)) ///
>                 ylabel( , angle(horizontal) format(%9.0f) labsize($FS)) ///
>                 xtitle("Quarters" , size($FS)) ///
>                 xlabel( , labsize($FS) grid) ///
>                 graphregion(color(white)) plotregion(color(white)) ///
>                 xsize(8) ///
>                 ysize(6) ///
>                 legend(off)
101.         }
102.         else if "`var'"== "g_" | "`var'" == "c_" | "`var'" == "i_" | "`var'" == "rer_" | "`var'" == "oil_" | "`var'" == "cg_" | "`var'" == "nonoil_" | "`var'" == "res_" {
103.         twoway ///
>                 (rcap llc90 ulc90 q, lcolor(orange) lwidth($LW)) ///
>                 (rcap llc68 ulc68 q, lcolor(orange_red) lwidth($LW)) ///
>                 (line zeros q, color(black) lw(0.5) xla(0(1)$HOR) xtick(0(1)$HOR)) ///
>                 (scatter blc q, msymbol(O) mcolor(black) msize(medium)), ///
>                 ytitle(, size($FS)) ///
>                 ylabel( , angle(horizontal) format(%9.2f) labsize($FS)) ///
>                 xtitle("Quarters" , size($FS)) ///
>                 xlabel( , labsize($FS) grid) ///
>                 graphregion(color(white)) plotregion(color(white)) ///
>                 xsize(8) ///
>                 ysize(6) ///
>                 legend(off)
104.         }
105.         else {
106.         twoway ///
>                 (rcap llc90 ulc90 q, lcolor(orange) lwidth($LW)) ///
>                 (rcap llc68 ulc68 q, lcolor(orange_red) lwidth($LW)) ///
>                 (line zeros q, color(black) lw(0.5) xla(0(1)$HOR) xtick(0(1)$HOR)) ///
>                 (scatter blc q, msymbol(O) mcolor(black) msize(medium)), ///
>                 ytitle(, size($FS)) ///
>                 ylabel( , angle(horizontal) format(%9.2f) labsize($FS)) ///
>                 xtitle("Quarters" , size($FS)) ///
>                 xlabel( , labsize($FS) grid) ///
>                 graphregion(color(white)) plotregion(color(white)) ///
>                 xsize(8) ///
>                 ysize(6) ///
>                 legend(off)
107.         }
108.         * Save graph file
.         quietly graph save "$dir/Output/Figures/GPH/`var'test_$VERSION.gph", replace    
109.         quietly graph export "$dir/Output/Figures/PDF/`var'test_$VERSION.pdf", replace          
110.         drop dyln_ dyhn_ dylp_ dyhp_ dy_ y_*
111. }

Real Exchange Rate - Sample: 1998Q1-2023Q3
-----------------------------------------------------------------------------------------------------------------------------------------------------------------------------------------------------------------------
                              (1)            (2)            (3)            (4)            (5)            (6)            (7)            (8)            (9)           (10)           (11)           (12)           (13)  
                                0              1              2              3              4              5              6              7              8              9             10             11             12  
-----------------------------------------------------------------------------------------------------------------------------------------------------------------------------------------------------------------------
Ll regime, s<0             -1.456**       -0.670         -0.615         -0.257         -0.427         -0.105          0.100         -0.196         -0.063         -0.498         -0.963         -1.565         -1.494  
                          (0.506)        (0.672)        (0.694)        (0.772)        (0.892)        (1.075)        (1.304)        (1.308)        (1.193)        (1.129)        (1.251)        (1.653)        (1.533)  
Hl regime, s<0              1.416*         0.686          1.374          1.975*         1.962*         1.081          1.508          1.926*         2.287*         1.092          1.926          0.714         -0.830  
                          (1.024)        (1.520)        (1.415)        (1.668)        (1.538)        (1.160)        (2.014)        (1.773)        (2.001)        (1.375)        (2.014)        (1.790)        (2.075)  
-----------------------------------------------------------------------------------------------------------------------------------------------------------------------------------------------------------------------
Observations                  600            595            590            585            580            575            570            565            560            555            550            545            539  
-----------------------------------------------------------------------------------------------------------------------------------------------------------------------------------------------------------------------
Standard errors in parentheses
* p<0.32, ** p<0.10

Primary Balance/GDP - Sample: 1998Q1-2023Q3
-----------------------------------------------------------------------------------------------------------------------------------------------------------------------------------------------------------------------
                              (1)            (2)            (3)            (4)            (5)            (6)            (7)            (8)            (9)           (10)           (11)           (12)           (13)  
                                0              1              2              3              4              5              6              7              8              9             10             11             12  
-----------------------------------------------------------------------------------------------------------------------------------------------------------------------------------------------------------------------
Ll regime, s<0              0.006          0.187**        0.357**        0.319**        0.393**        0.240*         0.363**        0.107          0.169         -0.033         -0.140         -0.424**       -0.413**
                          (0.076)        (0.099)        (0.110)        (0.129)        (0.151)        (0.171)        (0.134)        (0.211)        (0.215)        (0.206)        (0.196)        (0.245)        (0.210)  
Hl regime, s<0              0.038          0.610**        0.324*         0.276         -0.040         -0.390*        -0.441**       -0.292*        -0.501*        -0.333         -0.832**       -0.591*        -0.464* 
                          (0.191)        (0.268)        (0.308)        (0.423)        (0.426)        (0.377)        (0.256)        (0.265)        (0.376)        (0.343)        (0.432)        (0.447)        (0.407)  
-----------------------------------------------------------------------------------------------------------------------------------------------------------------------------------------------------------------------
Observations                  576            571            566            561            556            551            546            541            536            531            526            521            516  
-----------------------------------------------------------------------------------------------------------------------------------------------------------------------------------------------------------------------
Standard errors in parentheses
* p<0.32, ** p<0.10

Share of Tradable Sector - Sample: 1998Q1-2023Q3
-----------------------------------------------------------------------------------------------------------------------------------------------------------------------------------------------------------------------
                              (1)            (2)            (3)            (4)            (5)            (6)            (7)            (8)            (9)           (10)           (11)           (12)           (13)  
                                0              1              2              3              4              5              6              7              8              9             10             11             12  
-----------------------------------------------------------------------------------------------------------------------------------------------------------------------------------------------------------------------
Ll regime, s<0              0.007          0.015          0.039          0.050          0.040          0.029         -0.020         -0.015         -0.044         -0.079         -0.121*        -0.131*        -0.159* 
                          (0.025)        (0.041)        (0.056)        (0.064)        (0.062)        (0.063)        (0.058)        (0.057)        (0.068)        (0.083)        (0.097)        (0.104)        (0.106)  
Hl regime, s<0             -0.011         -0.018         -0.072*        -0.049         -0.053         -0.017          0.092          0.038          0.058          0.022          0.033         -0.011          0.027  
                          (0.015)        (0.030)        (0.059)        (0.084)        (0.085)        (0.080)        (0.106)        (0.105)        (0.125)        (0.137)        (0.169)        (0.181)        (0.187)  
-----------------------------------------------------------------------------------------------------------------------------------------------------------------------------------------------------------------------
Observations                  599            593            587            581            575            569            563            557            551            545            539            533            527  
-----------------------------------------------------------------------------------------------------------------------------------------------------------------------------------------------------------------------
Standard errors in parentheses
* p<0.32, ** p<0.10

GVA Oil Sector - Sample: 1998Q1-2023Q3
-----------------------------------------------------------------------------------------------------------------------------------------------------------------------------------------------------------------------
                              (1)            (2)            (3)            (4)            (5)            (6)            (7)            (8)            (9)           (10)           (11)           (12)           (13)  
                                0              1              2              3              4              5              6              7              8              9             10             11             12  
-----------------------------------------------------------------------------------------------------------------------------------------------------------------------------------------------------------------------
Ll regime, s<0             -0.145         -0.033         -0.141          0.392          0.363          0.353*        -0.056         -0.236         -0.407         -0.700*        -0.931*        -0.935*        -1.458**
                          (0.501)        (0.451)        (0.588)        (0.444)        (0.435)        (0.346)        (0.448)        (0.464)        (0.449)        (0.482)        (0.576)        (0.577)        (0.535)  
Hl regime, s<0             -0.072          1.828**        0.787*         0.320         -0.095         -0.206          1.221          1.186          2.113*         1.267          1.578          0.864          1.803* 
                          (0.346)        (0.476)        (0.573)        (0.381)        (0.406)        (0.503)        (1.240)        (1.214)        (1.481)        (1.507)        (1.933)        (1.767)        (1.636)  
-----------------------------------------------------------------------------------------------------------------------------------------------------------------------------------------------------------------------
Observations                  599            593            587            581            575            569            563            557            551            545            539            533            527  
-----------------------------------------------------------------------------------------------------------------------------------------------------------------------------------------------------------------------
Standard errors in parentheses
* p<0.32, ** p<0.10

GVA Non-Oil Sector - Sample: 1998Q1-2023Q3
-----------------------------------------------------------------------------------------------------------------------------------------------------------------------------------------------------------------------
                              (1)            (2)            (3)            (4)            (5)            (6)            (7)            (8)            (9)           (10)           (11)           (12)           (13)  
                                0              1              2              3              4              5              6              7              8              9             10             11             12  
-----------------------------------------------------------------------------------------------------------------------------------------------------------------------------------------------------------------------
Ll regime, s<0              0.337**        0.411**        1.146**        1.338**        1.259**        1.263**        1.052**        1.382**        0.879*         0.929**        0.584*         0.456          0.331  
                          (0.103)        (0.169)        (0.247)        (0.418)        (0.539)        (0.553)        (0.597)        (0.706)        (0.586)        (0.532)        (0.537)        (0.501)        (0.394)  
Hl regime, s<0              0.572**        2.792**        0.859*        -0.347          0.248          0.739          1.520*         0.343          0.558         -0.019          0.211          0.652          0.732  
                          (0.161)        (0.795)        (0.632)        (1.006)        (0.923)        (0.931)        (1.280)        (1.201)        (1.059)        (0.959)        (1.327)        (1.040)        (1.026)  
-----------------------------------------------------------------------------------------------------------------------------------------------------------------------------------------------------------------------
Observations                  599            593            587            581            575            569            563            557            551            545            539            533            527  
-----------------------------------------------------------------------------------------------------------------------------------------------------------------------------------------------------------------------
Standard errors in parentheses
* p<0.32, ** p<0.10

Private Consumption - Sample: 1998Q1-2023Q3
-----------------------------------------------------------------------------------------------------------------------------------------------------------------------------------------------------------------------
                              (1)            (2)            (3)            (4)            (5)            (6)            (7)            (8)            (9)           (10)           (11)           (12)           (13)  
                                0              1              2              3              4              5              6              7              8              9             10             11             12  
-----------------------------------------------------------------------------------------------------------------------------------------------------------------------------------------------------------------------
Ll regime, s<0              0.193**        0.375**        1.172**        1.519**        1.511**        1.448**        1.133*         1.412*         0.983*         0.818*         0.533          0.523          0.355  
                          (0.085)        (0.193)        (0.271)        (0.483)        (0.593)        (0.705)        (0.800)        (0.899)        (0.730)        (0.659)        (0.674)        (0.576)        (0.523)  
Hl regime, s<0              0.582**        3.042**        0.952*        -0.658          0.051          0.798          1.485          0.413          0.688          0.052          0.666          0.105          0.687  
                          (0.169)        (0.875)        (0.707)        (1.163)        (1.082)        (1.061)        (1.612)        (1.538)        (1.297)        (1.251)        (1.721)        (1.382)        (1.266)  
-----------------------------------------------------------------------------------------------------------------------------------------------------------------------------------------------------------------------
Observations                  595            589            583            577            571            565            559            553            547            541            535            529            523  
-----------------------------------------------------------------------------------------------------------------------------------------------------------------------------------------------------------------------
Standard errors in parentheses
* p<0.32, ** p<0.10

Investment - Sample: 1998Q1-2023Q3
-----------------------------------------------------------------------------------------------------------------------------------------------------------------------------------------------------------------------
                              (1)            (2)            (3)            (4)            (5)            (6)            (7)            (8)            (9)           (10)           (11)           (12)           (13)  
                                0              1              2              3              4              5              6              7              8              9             10             11             12  
-----------------------------------------------------------------------------------------------------------------------------------------------------------------------------------------------------------------------
Ll regime, s<0              0.725**        1.515**        3.253**        3.902**        3.672**        3.414**        2.655*         3.824*         2.446*         2.545*         1.585          0.979          0.485  
                          (0.353)        (0.449)        (0.798)        (1.311)        (1.751)        (1.976)        (2.150)        (2.586)        (2.328)        (2.281)        (2.292)        (2.063)        (1.931)  
Hl regime, s<0              0.870*         4.455**        0.895         -0.255          0.113          1.826          4.293*         1.003          1.142          0.402          1.437          0.042          1.734  
                          (0.527)        (1.187)        (1.324)        (2.302)        (2.629)        (2.736)        (3.075)        (3.316)        (3.245)        (2.730)        (4.307)        (3.673)        (3.544)  
-----------------------------------------------------------------------------------------------------------------------------------------------------------------------------------------------------------------------
Observations                  595            589            583            577            571            565            559            553            547            541            535            529            523  
-----------------------------------------------------------------------------------------------------------------------------------------------------------------------------------------------------------------------
Standard errors in parentheses
* p<0.32, ** p<0.10

Public Consumption - Sample: 1998Q1-2023Q3
-----------------------------------------------------------------------------------------------------------------------------------------------------------------------------------------------------------------------
                              (1)            (2)            (3)            (4)            (5)            (6)            (7)            (8)            (9)           (10)           (11)           (12)           (13)  
                                0              1              2              3              4              5              6              7              8              9             10             11             12  
-----------------------------------------------------------------------------------------------------------------------------------------------------------------------------------------------------------------------
Ll regime, s<0              0.123          0.081          0.117          0.153          0.502*         0.587*         0.590*         0.642          0.530          0.569          0.506          0.540          0.667  
                          (0.130)        (0.274)        (0.291)        (0.377)        (0.459)        (0.524)        (0.566)        (0.704)        (0.719)        (0.742)        (0.853)        (0.802)        (0.769)  
Hl regime, s<0              0.100          1.029**        0.860**        0.364          0.265          0.445          0.860          0.119          0.507          0.376          0.803          0.584          0.639  
                          (0.184)        (0.236)        (0.300)        (0.596)        (0.684)        (0.863)        (0.869)        (0.978)        (0.909)        (0.713)        (0.992)        (0.853)        (0.903)  
-----------------------------------------------------------------------------------------------------------------------------------------------------------------------------------------------------------------------
Observations                  595            589            583            577            571            565            559            553            547            541            535            529            523  
-----------------------------------------------------------------------------------------------------------------------------------------------------------------------------------------------------------------------
Standard errors in parentheses
* p<0.32, ** p<0.10

Net Exports/GDP - Sample: 1998Q1-2023Q3
-----------------------------------------------------------------------------------------------------------------------------------------------------------------------------------------------------------------------
                              (1)            (2)            (3)            (4)            (5)            (6)            (7)            (8)            (9)           (10)           (11)           (12)           (13)  
                                0              1              2              3              4              5              6              7              8              9             10             11             12  
-----------------------------------------------------------------------------------------------------------------------------------------------------------------------------------------------------------------------
Ll regime, s<0              0.208**        0.322**        0.420**        0.347*         0.235*         0.206          0.256          0.235          0.366          0.282         -0.005         -0.197         -0.264  
                          (0.091)        (0.112)        (0.158)        (0.224)        (0.235)        (0.255)        (0.311)        (0.397)        (0.481)        (0.505)        (0.539)        (0.502)        (0.470)  
Hl regime, s<0              0.161*         0.254          0.031          0.155          0.195          0.042         -0.183         -0.450         -0.674*        -0.546*        -0.336         -0.207         -0.667* 
                          (0.141)        (0.350)        (0.423)        (0.507)        (0.457)        (0.464)        (0.568)        (0.528)        (0.506)        (0.528)        (0.505)        (0.483)        (0.650)  
-----------------------------------------------------------------------------------------------------------------------------------------------------------------------------------------------------------------------
Observations                  595            589            583            577            571            565            559            553            547            541            535            529            523  
-----------------------------------------------------------------------------------------------------------------------------------------------------------------------------------------------------------------------
Standard errors in parentheses
* p<0.32, ** p<0.10

Public Debt/GDP - Sample: 1998Q1-2023Q3
-----------------------------------------------------------------------------------------------------------------------------------------------------------------------------------------------------------------------
                              (1)            (2)            (3)            (4)            (5)            (6)            (7)            (8)            (9)           (10)           (11)           (12)           (13)  
                                0              1              2              3              4              5              6              7              8              9             10             11             12  
-----------------------------------------------------------------------------------------------------------------------------------------------------------------------------------------------------------------------
Ll regime, s<0             -0.294*        -0.651**       -0.639*        -0.749*        -1.066*        -1.128*        -0.878         -1.179*        -1.057         -0.789         -1.084*        -0.949         -0.958* 
                          (0.187)        (0.338)        (0.490)        (0.515)        (0.736)        (0.969)        (0.930)        (1.107)        (1.137)        (1.038)        (1.050)        (1.044)        (0.877)  
Hl regime, s<0              0.066         -0.905**       -1.234**       -1.534**       -1.523*        -1.151         -1.292         -1.039         -1.144         -1.603         -1.441         -1.513         -1.071  
                          (0.240)        (0.332)        (0.529)        (0.876)        (1.164)        (1.658)        (1.688)        (1.881)        (1.970)        (1.722)        (1.994)        (1.928)        (1.938)  
-----------------------------------------------------------------------------------------------------------------------------------------------------------------------------------------------------------------------
Observations                  599            593            587            581            575            569            563            557            551            545            539            533            527  
-----------------------------------------------------------------------------------------------------------------------------------------------------------------------------------------------------------------------
Standard errors in parentheses
* p<0.32, ** p<0.10

Gross Domestic Product - Sample: 1998Q1-2023Q3
-----------------------------------------------------------------------------------------------------------------------------------------------------------------------------------------------------------------------
                              (1)            (2)            (3)            (4)            (5)            (6)            (7)            (8)            (9)           (10)           (11)           (12)           (13)  
                                0              1              2              3              4              5              6              7              8              9             10             11             12  
-----------------------------------------------------------------------------------------------------------------------------------------------------------------------------------------------------------------------
Ll regime, s<0              0.332**        0.494**        1.144**        1.469**        1.441**        1.448**        1.242**        1.373**        1.103**        0.912*         0.621*         0.323          0.287  
                          (0.102)        (0.170)        (0.285)        (0.479)        (0.585)        (0.658)        (0.728)        (0.821)        (0.642)        (0.586)        (0.565)        (0.499)        (0.455)  
Hl regime, s<0              0.532**        3.146**        1.219*        -0.118          0.530          1.024*         1.397*         0.554          0.132          0.162          0.317          0.407         -0.054  
                          (0.198)        (0.704)        (0.845)        (1.229)        (1.045)        (0.962)        (1.346)        (1.230)        (0.971)        (0.899)        (1.028)        (0.845)        (0.851)  
-----------------------------------------------------------------------------------------------------------------------------------------------------------------------------------------------------------------------
Observations                  599            593            587            581            575            569            563            557            551            545            539            533            527  
-----------------------------------------------------------------------------------------------------------------------------------------------------------------------------------------------------------------------
Standard errors in parentheses
* p<0.32, ** p<0.10

Unemployment Rate - Sample: 1998Q1-2023Q3
-----------------------------------------------------------------------------------------------------------------------------------------------------------------------------------------------------------------------
                              (1)            (2)            (3)            (4)            (5)            (6)            (7)            (8)            (9)           (10)           (11)           (12)           (13)  
                                0              1              2              3              4              5              6              7              8              9             10             11             12  
-----------------------------------------------------------------------------------------------------------------------------------------------------------------------------------------------------------------------
Ll regime, s<0              0.026         -0.014         -0.118**       -0.275**       -0.368**       -0.361**       -0.339**       -0.370**       -0.325**       -0.325**       -0.240*        -0.183*        -0.121  
                          (0.027)        (0.044)        (0.047)        (0.088)        (0.128)        (0.159)        (0.185)        (0.209)        (0.173)        (0.176)        (0.166)        (0.154)        (0.129)  
Hl regime, s<0             -0.160**       -0.495**       -0.402**       -0.105          0.029          0.011         -0.157         -0.019          0.006          0.160          0.098         -0.008         -0.047  
                          (0.074)        (0.169)        (0.177)        (0.208)        (0.198)        (0.157)        (0.210)        (0.234)        (0.208)        (0.233)        (0.191)        (0.158)        (0.157)  
-----------------------------------------------------------------------------------------------------------------------------------------------------------------------------------------------------------------------
Observations                  549            543            537            531            525            519            513            507            501            495            489            483            477  
-----------------------------------------------------------------------------------------------------------------------------------------------------------------------------------------------------------------------
Standard errors in parentheses
* p<0.32, ** p<0.10

Sovereign Default Risk - Sample: 1998Q1-2023Q3
-----------------------------------------------------------------------------------------------------------------------------------------------------------------------------------------------------------------------
                              (1)            (2)            (3)            (4)            (5)            (6)            (7)            (8)            (9)           (10)           (11)           (12)           (13)  
                                0              1              2              3              4              5              6              7              8              9             10             11             12  
-----------------------------------------------------------------------------------------------------------------------------------------------------------------------------------------------------------------------
Ll regime, s<0            -41.494**     -140.790**     -119.635**      -59.243*       -23.750        -30.035        -23.201        -26.674         15.355         62.623         61.978*       -12.481        -46.630* 
                         (12.713)       (26.582)       (30.438)       (44.264)       (50.194)       (47.524)       (41.470)       (38.073)       (48.864)       (65.498)       (58.059)       (46.061)       (38.399)  
Hl regime, s<0            -90.692**       53.595*        78.624*        75.696**        3.798        -52.142        -44.752          7.301         25.603        -14.782        -57.903         15.364         -3.379  
                         (34.061)       (50.121)       (52.083)       (38.930)       (46.071)       (64.459)       (69.915)       (63.086)       (64.958)       (72.118)       (61.641)       (54.896)       (66.886)  
-----------------------------------------------------------------------------------------------------------------------------------------------------------------------------------------------------------------------
Observations                  598            592            586            580            574            568            562            556            550            544            538            532            526  
-----------------------------------------------------------------------------------------------------------------------------------------------------------------------------------------------------------------------
Standard errors in parentheses
* p<0.32, ** p<0.10

Private Default Risk - Sample: 1998Q1-2023Q3
-----------------------------------------------------------------------------------------------------------------------------------------------------------------------------------------------------------------------
                              (1)            (2)            (3)            (4)            (5)            (6)            (7)            (8)            (9)           (10)           (11)           (12)           (13)  
                                0              1              2              3              4              5              6              7              8              9             10             11             12  
-----------------------------------------------------------------------------------------------------------------------------------------------------------------------------------------------------------------------
Ll regime, s<0            -50.256**      -37.862*       -24.944          2.809         -9.109         -1.290         29.087         24.357         12.754         -2.946          5.747         19.367         -4.860  
                         (15.160)       (27.382)       (32.968)       (34.108)       (34.014)       (34.178)       (29.508)       (33.085)       (33.508)       (27.821)       (25.671)       (27.267)       (29.984)  
Hl regime, s<0              0.180         41.318         64.938*        30.342         37.279*        43.335*        -3.629         60.208**       35.662         46.717*         2.863         -3.710        -10.400  
                         (20.064)       (55.039)       (51.870)       (43.782)       (36.859)       (33.967)       (34.256)       (35.170)       (37.620)       (31.694)       (30.166)       (27.588)       (32.206)  
-----------------------------------------------------------------------------------------------------------------------------------------------------------------------------------------------------------------------
Observations                  587            582            577            572            567            562            557            552            547            542            537            532            527  
-----------------------------------------------------------------------------------------------------------------------------------------------------------------------------------------------------------------------
Standard errors in parentheses
* p<0.32, ** p<0.10

Bank Credit/GDP - Sample: 1998Q1-2023Q3
-----------------------------------------------------------------------------------------------------------------------------------------------------------------------------------------------------------------------
                              (1)            (2)            (3)            (4)            (5)            (6)            (7)            (8)            (9)           (10)           (11)           (12)           (13)  
                                0              1              2              3              4              5              6              7              8              9             10             11             12  
-----------------------------------------------------------------------------------------------------------------------------------------------------------------------------------------------------------------------
Ll regime, s<0              0.161*         0.245**        0.433**        0.575**        0.669**        0.855**        0.997**        1.150**        1.122**        1.199**        1.126**        1.069**        0.934**
                          (0.102)        (0.101)        (0.111)        (0.152)        (0.179)        (0.185)        (0.178)        (0.237)        (0.239)        (0.268)        (0.268)        (0.288)        (0.321)  
Hl regime, s<0              0.052         -0.215*        -0.321*        -0.393*        -0.122          0.249          0.079         -0.189         -0.084          0.082          0.063         -0.060          0.222  
                          (0.102)        (0.201)        (0.249)        (0.333)        (0.390)        (0.395)        (0.360)        (0.321)        (0.306)        (0.329)        (0.373)        (0.387)        (0.427)  
-----------------------------------------------------------------------------------------------------------------------------------------------------------------------------------------------------------------------
Observations                  570            564            558            552            546            540            534            528            522            516            510            504            498  
-----------------------------------------------------------------------------------------------------------------------------------------------------------------------------------------------------------------------
Standard errors in parentheses
* p<0.32, ** p<0.10

Current Account/GDP - Sample: 1998Q1-2023Q3
-----------------------------------------------------------------------------------------------------------------------------------------------------------------------------------------------------------------------
                              (1)            (2)            (3)            (4)            (5)            (6)            (7)            (8)            (9)           (10)           (11)           (12)           (13)  
                                0              1              2              3              4              5              6              7              8              9             10             11             12  
-----------------------------------------------------------------------------------------------------------------------------------------------------------------------------------------------------------------------
Ll regime, s<0              0.111**        0.285**        0.280**        0.263**        0.094          0.024         -0.015          0.130          0.221          0.082         -0.011         -0.154         -0.103  
                          (0.045)        (0.082)        (0.115)        (0.146)        (0.161)        (0.144)        (0.134)        (0.195)        (0.268)        (0.342)        (0.358)        (0.362)        (0.341)  
Hl regime, s<0              0.133*         0.171          0.090          0.183          0.218          0.138          0.316*         0.092         -0.038          0.026          0.117          0.070         -0.040  
                          (0.082)        (0.196)        (0.276)        (0.358)        (0.332)        (0.259)        (0.244)        (0.197)        (0.209)        (0.190)        (0.178)        (0.183)        (0.168)  
-----------------------------------------------------------------------------------------------------------------------------------------------------------------------------------------------------------------------
Observations                  590            584            578            572            566            560            554            548            542            536            530            524            518  
-----------------------------------------------------------------------------------------------------------------------------------------------------------------------------------------------------------------------
Standard errors in parentheses
* p<0.32, ** p<0.10

Foreign Reserves - Sample: 1998Q1-2023Q3
-----------------------------------------------------------------------------------------------------------------------------------------------------------------------------------------------------------------------
                              (1)            (2)            (3)            (4)            (5)            (6)            (7)            (8)            (9)           (10)           (11)           (12)           (13)  
                                0              1              2              3              4              5              6              7              8              9             10             11             12  
-----------------------------------------------------------------------------------------------------------------------------------------------------------------------------------------------------------------------
Ll regime, s<0             -1.588*         2.068**        2.923**        2.341**        2.871**        3.375**        3.514**        1.583          4.188**        1.725*        -0.136          1.303          0.824  
                          (1.070)        (0.866)        (0.952)        (1.072)        (1.532)        (1.380)        (1.578)        (1.918)        (1.545)        (1.084)        (1.427)        (1.610)        (1.700)  
Hl regime, s<0              1.271*        -4.082**       -1.939         -0.930          1.148          1.990          0.537          2.039          2.470          4.361*         4.531*         0.715          0.492  
                          (1.084)        (1.969)        (2.134)        (2.290)        (2.682)        (3.203)        (3.760)        (3.082)        (3.083)        (2.728)        (3.222)        (3.158)        (4.506)  
-----------------------------------------------------------------------------------------------------------------------------------------------------------------------------------------------------------------------
Observations                  581            575            569            563            557            551            545            539            533            527            521            515            509  
-----------------------------------------------------------------------------------------------------------------------------------------------------------------------------------------------------------------------
Standard errors in parentheses
* p<0.32, ** p<0.10

Public Spending/GDP - Sample: 1998Q1-2023Q3
-----------------------------------------------------------------------------------------------------------------------------------------------------------------------------------------------------------------------
                              (1)            (2)            (3)            (4)            (5)            (6)            (7)            (8)            (9)           (10)           (11)           (12)           (13)  
                                0              1              2              3              4              5              6              7              8              9             10             11             12  
-----------------------------------------------------------------------------------------------------------------------------------------------------------------------------------------------------------------------
Ll regime, s<0              0.008         -0.180*        -0.388**       -0.253*        -0.261*        -0.081         -0.279*         0.007         -0.235          0.168          0.138          0.400*         0.438* 
                          (0.098)        (0.126)        (0.180)        (0.207)        (0.209)        (0.234)        (0.225)        (0.300)        (0.304)        (0.336)        (0.293)        (0.327)        (0.268)  
Hl regime, s<0             -0.100         -0.671**       -0.167          0.028          0.256          0.357          0.769*         0.691          1.181*         0.074          1.594*         1.186*         0.915* 
                          (0.178)        (0.198)        (0.310)        (0.453)        (0.478)        (0.496)        (0.596)        (0.760)        (0.937)        (0.816)        (1.122)        (0.962)        (0.851)  
-----------------------------------------------------------------------------------------------------------------------------------------------------------------------------------------------------------------------
Observations                  576            571            566            561            556            551            546            541            536            531            526            521            516  
-----------------------------------------------------------------------------------------------------------------------------------------------------------------------------------------------------------------------
Standard errors in parentheses
* p<0.32, ** p<0.10

Exports/GDP - Sample: 1998Q1-2023Q3
-----------------------------------------------------------------------------------------------------------------------------------------------------------------------------------------------------------------------
                              (1)            (2)            (3)            (4)            (5)            (6)            (7)            (8)            (9)           (10)           (11)           (12)           (13)  
                                0              1              2              3              4              5              6              7              8              9             10             11             12  
-----------------------------------------------------------------------------------------------------------------------------------------------------------------------------------------------------------------------
Ll regime, s<0              0.272**        0.499**        0.618**        0.693**        0.798**        0.980**        1.114**        1.078**        1.107**        1.070**        0.608*         0.210         -0.007  
                          (0.086)        (0.152)        (0.209)        (0.254)        (0.272)        (0.320)        (0.368)        (0.389)        (0.447)        (0.444)        (0.502)        (0.529)        (0.568)  
Hl regime, s<0              0.176          0.307          0.434          0.782*         0.883*         0.640          0.214          0.060         -0.043         -0.200          0.018          0.127         -0.521  
                          (0.207)        (0.470)        (0.560)        (0.756)        (0.771)        (0.841)        (1.007)        (0.816)        (0.848)        (0.725)        (0.743)        (0.737)        (0.957)  
-----------------------------------------------------------------------------------------------------------------------------------------------------------------------------------------------------------------------
Observations                  595            589            583            577            571            565            559            553            547            541            535            529            523  
-----------------------------------------------------------------------------------------------------------------------------------------------------------------------------------------------------------------------
Standard errors in parentheses
* p<0.32, ** p<0.10

Imports/GDP - Sample: 1998Q1-2023Q3
-----------------------------------------------------------------------------------------------------------------------------------------------------------------------------------------------------------------------
                              (1)            (2)            (3)            (4)            (5)            (6)            (7)            (8)            (9)           (10)           (11)           (12)           (13)  
                                0              1              2              3              4              5              6              7              8              9             10             11             12  
-----------------------------------------------------------------------------------------------------------------------------------------------------------------------------------------------------------------------
Ll regime, s<0              0.001          0.141*         0.188*         0.355**        0.585**        0.726**        0.611**        0.595**        0.445*         0.497*         0.304          0.070         -0.324* 
                          (0.070)        (0.096)        (0.122)        (0.175)        (0.195)        (0.248)        (0.287)        (0.310)        (0.312)        (0.322)        (0.342)        (0.278)        (0.273)  
Hl regime, s<0              0.100          0.166          0.483*         0.591*         0.561          0.341          0.443          0.253          0.492          0.095          0.196          0.251          0.482  
                          (0.107)        (0.220)        (0.330)        (0.505)        (0.641)        (0.751)        (0.901)        (0.856)        (0.922)        (0.740)        (0.854)        (0.723)        (0.721)  
-----------------------------------------------------------------------------------------------------------------------------------------------------------------------------------------------------------------------
Observations                  595            589            583            577            571            565            559            553            547            541            535            529            523  
-----------------------------------------------------------------------------------------------------------------------------------------------------------------------------------------------------------------------
Standard errors in parentheses
* p<0.32, ** p<0.10

. * Close log file
. log close
      name:  <unnamed>
       log:  /Users/carlosrojasquiroz/Desktop/EUI-Phd-Thesis/Project-3/Output/Logs/Debt_v4.log
  log type:  text
 closed on:  15 Oct 2024, 17:03:53
------------------------------------------------------------------------------------------------------------------------------------------------------------------------------------------------------------------------------------------------------------
