------------------------------------------------------------------------------------------------------------------------------------------------------------------------------------------------------------------------------------------------------------
      name:  <unnamed>
       log:  /Users/carlosrojasquiroz/Desktop/EUI-Phd-Thesis/Project-3/Output/Logs/Debt_v2.log
  log type:  text
 opened on:  15 Oct 2024, 16:59:35

. * List of endogenous variables 
. local varendo rer_ pb_ shr_ oil_ nonoil_ c_ i_ cg_ tb_ d_ g_ u_ r_ spr_ crg_ ca_ res_ gg_ exp_ imp_

. * Loop over variables
. foreach var of local varendo {
  2.         * Endogenous variable
.         quietly gen dy_ = d.`var'
  3.         quietly gen dyl_ = dy_*id_low
  4.         quietly gen dyh_ = dy_*id_high
  5.         quietly forvalues h = 0/$HOR {
  6.                 gen y_`h' = f`h'.`var' - l.`var'
  7.                 label variable y_`h' "`h'"
  8.         }
  9.         *---------------------------------------------------------------------------
.         * Local projection regressions
.         *---------------------------------------------------------------------------
.         eststo clear
 10.         cap drop bl ul90 ll90 ul68 ll68 bh uh90 lh90 uh68 lh68 q zeros blc ulc90 llc90 ulc68 llc68
 11.         quietly gen bl=.
 12.         quietly gen ul90=.
 13.         quietly gen ll90=.
 14.         quietly gen ul68=.
 15.         quietly gen ll68=.
 16.         quietly gen bh=.
 17.         quietly gen uh90=.
 18.         quietly gen lh90=.
 19.         quietly gen uh68=.
 20.         quietly gen lh68=.      
 21.         quietly gen q=.
 22.         quietly gen zeros=.
 23.         quietly gen blc=. 
 24.         quietly gen ulc90=. 
 25.         quietly gen llc90=. 
 26.         quietly gen ulc68=. 
 27.         quietly gen llc68=.     
 28.         * Loop over horizons
.         quietly forvalues h = 0/$HOR {  
 29.                 xtscc y_`h' sl_ sh_ id_low id_high L(1/ $LAG ).(dyl_ sl_ dyh_ sh_) F`h'.(dum1-dum11) i.code if quarter >= tq(1998q1),lag(`h') noconstant
 30.                 replace bl = $SIGN *_b[sl_] if _n == `h'+1
 31.                 replace ul90 = $SIGN *_b[sl_] + $T90 *_se[sl_]  if _n == `h'+1
 32.                 replace ll90 = $SIGN *_b[sl_] - $T90 *_se[sl_]  if _n == `h'+1
 33.                 replace ul68 = $SIGN *_b[sl_] + $T68 *_se[sl_]  if _n == `h'+1
 34.                 replace ll68 = $SIGN *_b[sl_] - $T68 *_se[sl_]  if _n == `h'+1
 35.                 replace bh = $SIGN *_b[sh_] if _n == `h'+1
 36.                 replace uh90 = $SIGN *_b[sh_] + $T90 *_se[sh_]  if _n == `h'+1
 37.                 replace lh90 = $SIGN *_b[sh_] - $T90 *_se[sh_]  if _n == `h'+1
 38.                 replace uh68 = $SIGN *_b[sh_] + $T68 *_se[sh_]  if _n == `h'+1
 39.                 replace lh68 = $SIGN *_b[sh_] - $T68 *_se[sh_]  if _n == `h'+1
 40.                 lincom $SIGN *(sh_ - sl_)
 41.                 replace blc = r(estimate) if _n == `h'+1
 42.                 replace ulc90 = r(estimate) + $T90 *r(se)  if _n == `h'+1
 43.                 replace llc90 = r(estimate) - $T90 *r(se)  if _n == `h'+1
 44.                 replace ulc68 = r(estimate) + $T68 *r(se)  if _n == `h'+1
 45.                 replace llc68 = r(estimate) - $T68 *r(se)  if _n == `h'+1 
 46.                 replace q = `h' if _n == `h'+1
 47.                 replace zeros = 0 if _n == `h'+1        
 48.                 quietly eststo
 49.         }
 50.         local varlab : variable label `var'
 51.         nois esttab, se nocons keep(sl_ sh_) ti("`varlab' - Sample: 1998Q1-2023Q3") label star(* 0.32 ** 0.10) t(3) nogaps b($FORMATT)
 52.         *---------------------------------------------------------------------------
.         * Graph - Low Debt Regime
.         *---------------------------------------------------------------------------
.         if "`var'" == "r_" | "`var'" == "spr_" {
 53.         twoway ///
>                 (rarea ll90 ul90 q, fcolor("$LIGHT3") lwidth(none)) ///
>                 (rarea ll68 ul68 q, fcolor("$DARK3") lwidth(none)) ///
>                 (line bl q, color("$SOLID3") lw($LW) xla(0(1)$HOR) xtick(0(1)$HOR)) ///         
>                 (line zeros q, color(black) lw(0.5) xla(0(1)$HOR) xtick(0(1)$HOR)) ///                          
>                 , ///
>                 ytitle( , size($FS)) ///
>                 ylabel( , angle(horizontal) format(%9.0f) labsize($FS)) ///
>                 xtitle("Quarters" , size($FS)) ///
>                 xlabel( , labsize($FS) grid) ///
>                 graphregion(color(white)) plotregion(color(white)) ///
>                 xsize(8) ///
>                 ysize(6) ///
>                 legend(off)
 54.         }
 55.         else if "`var'"== "g_" | "`var'" == "c_" | "`var'" == "i_" | "`var'" == "rer_" | "`var'" == "oil_" | "`var'" == "cg_" | "`var'" == "nonoil_" | "`var'" == "res_" {
 56.         twoway ///
>                 (rarea ll90 ul90 q, fcolor("$LIGHT3") lwidth(none)) ///
>                 (rarea ll68 ul68 q, fcolor("$DARK3") lwidth(none)) ///
>                 (line bl q, color("$SOLID3") lw($LW) xla(0(1)$HOR) xtick(0(1)$HOR)) ///         
>                 (line zeros q, color(black) lw(0.5) xla(0(1)$HOR) xtick(0(1)$HOR)) ///                          
>                 , ///
>                 ytitle( , size($FS)) ///
>                 ylabel( , angle(horizontal) format(%9.2f) labsize($FS)) ///
>                 xtitle("Quarters" , size($FS)) ///
>                 xlabel( , labsize($FS) grid) ///
>                 graphregion(color(white)) plotregion(color(white)) ///
>                 xsize(8) ///
>                 ysize(6) ///
>                 legend(off)     
 57.         }
 58.         else {
 59.         twoway ///
>                 (rarea ll90 ul90 q, fcolor("$LIGHT3") lwidth(none)) ///
>                 (rarea ll68 ul68 q, fcolor("$DARK3") lwidth(none)) ///
>                 (line bl q, color("$SOLID3") lw($LW) xla(0(1)$HOR) xtick(0(1)$HOR)) /// 
>                 (line zeros q, color(black) lw(0.5) xla(0(1)$HOR) xtick(0(1)$HOR)) ///                  
>                 , ///
>                 ytitle( , size($FS)) ///
>                 ylabel( , angle(horizontal) format(%9.2f) labsize($FS)) ///
>                 xtitle("Quarters" , size($FS)) ///
>                 xlabel( , labsize($FS) grid) ///
>                 graphregion(color(white)) plotregion(color(white)) ///
>                 xsize(8) ///
>                 ysize(6) ///
>                 legend(off)             
 60.         }
 61.         * Save graph file
.         quietly graph save "$dir/Output/Figures/GPH/`var'low_$VERSION.gph", replace     
 62.         quietly graph export "$dir/Output/Figures/PDF/`var'low_$VERSION.pdf", replace
 63.         *---------------------------------------------------------------------------
.         * Graph - High Debt Regime
.         *---------------------------------------------------------------------------
.         if "`var'" == "r_" | "`var'" == "spr_" {
 64.         twoway ///
>                 (rarea lh90 uh90 q, fcolor("$LIGHT") lwidth(none)) ///
>                 (rarea lh68 uh68 q, fcolor("$DARK") lwidth(none)) ///
>                 (line bh q, color("$SOLID") lw($LW) xla(0(1)$HOR) xtick(0(1)$HOR)) ///          
>                 (line zeros q, color(black) lw(0.5) xla(0(1)$HOR) xtick(0(1)$HOR)) ///                  
>                 , ///
>                 ytitle("Basis Points", size($FS)) ///
>                 ylabel( , angle(horizontal) format(%9.0f) labsize($FS)) ///
>                 xtitle("Quarters" , size($FS)) ///
>                 xlabel( , labsize($FS) grid) ///
>                 graphregion(color(white)) plotregion(color(white)) ///
>                 xsize(8) ///
>                 ysize(6) ///
>                 legend(off)
 65.         }
 66.         else if "`var'"== "g_" | "`var'" == "c_" | "`var'" == "i_" | "`var'" == "rer_" | "`var'" == "oil_" | "`var'" == "cg_" | "`var'" == "nonoil_" | "`var'" == "res_" {
 67.         twoway ///
>                 (rarea lh90 uh90 q, fcolor("$LIGHT") lwidth(none)) ///
>                 (rarea lh68 uh68 q, fcolor("$DARK") lwidth(none)) ///
>                 (line bh q, color("$SOLID") lw($LW) xla(0(1)$HOR) xtick(0(1)$HOR)) ///                  
>                 (line zeros q, color(black) lw(0.5) xla(0(1)$HOR) xtick(0(1)$HOR)) ///                  
>                 , ///
>                 ytitle("Percentage Change", size($FS)) ///
>                 ylabel( , angle(horizontal) format(%9.2f) labsize($FS)) ///
>                 xtitle("Quarters" , size($FS)) ///
>                 xlabel( , labsize($FS) grid) ///
>                 graphregion(color(white)) plotregion(color(white)) ///
>                 xsize(8) ///
>                 ysize(6) ///
>                 legend(off)     
 68.         }
 69.         else {
 70.         twoway ///
>                 (rarea lh90 uh90 q, fcolor("$LIGHT") lwidth(none)) ///
>                 (rarea lh68 uh68 q, fcolor("$DARK") lwidth(none)) ///
>                 (line bh q, color("$SOLID") lw($LW) xla(0(1)$HOR) xtick(0(1)$HOR)) ///          
>                 (line zeros q, color(black) lw(0.5) xla(0(1)$HOR) xtick(0(1)$HOR)) ///                  
>                 , ///
>                 ytitle("Percentage Points", size($FS)) ///
>                 ylabel( , angle(horizontal) format(%9.2f) labsize($FS)) ///
>                 xtitle("Quarters" , size($FS)) ///
>                 xlabel( , labsize($FS) grid) ///        
>                 graphregion(color(white)) plotregion(color(white)) ///
>                 xsize(8) ///
>                 ysize(6) ///
>                 legend(off)             
 71.         }
 72.         * Save graph file
.         quietly graph save "$dir/Output/Figures/GPH/`var'high_$VERSION.gph", replace    
 73.         quietly graph export "$dir/Output/Figures/PDF/`var'high_$VERSION.pdf", replace
 74.         *---------------------------------------------------------------------------
.         * Graph - test of parameters
.         *---------------------------------------------------------------------------
.         if "`var'" == "r_" | "`var'" == "spr_" {
 75.         twoway ///
>                 (rcap llc90 ulc90 q, lcolor(orange) lwidth($LW)) ///
>                 (rcap llc68 ulc68 q, lcolor(orange_red) lwidth($LW)) ///
>                 (line zeros q, color(black) lw(0.5) xla(0(1)$HOR) xtick(0(1)$HOR)) ///
>                 (scatter blc q, msymbol(O) mcolor(black) msize(medium)), ///
>                 ytitle(, size($FS)) ///
>                 ylabel( , angle(horizontal) format(%9.0f) labsize($FS)) ///
>                 xtitle("Quarters" , size($FS)) ///
>                 xlabel( , labsize($FS) grid) ///
>                 graphregion(color(white)) plotregion(color(white)) ///
>                 xsize(8) ///
>                 ysize(6) ///
>                 legend(off)
 76.         }
 77.         else if "`var'"== "g_" | "`var'" == "c_" | "`var'" == "i_" | "`var'" == "rer_" | "`var'" == "oil_" | "`var'" == "cg_" | "`var'" == "nonoil_" | "`var'" == "res_" {
 78.         twoway ///
>                 (rcap llc90 ulc90 q, lcolor(orange) lwidth($LW)) ///
>                 (rcap llc68 ulc68 q, lcolor(orange_red) lwidth($LW)) ///
>                 (line zeros q, color(black) lw(0.5) xla(0(1)$HOR) xtick(0(1)$HOR)) ///
>                 (scatter blc q, msymbol(O) mcolor(black) msize(medium)), ///
>                 ytitle(, size($FS)) ///
>                 ylabel( , angle(horizontal) format(%9.2f) labsize($FS)) ///
>                 xtitle("Quarters" , size($FS)) ///
>                 xlabel( , labsize($FS) grid) ///
>                 graphregion(color(white)) plotregion(color(white)) ///
>                 xsize(8) ///
>                 ysize(6) ///
>                 legend(off)
 79.         }
 80.         else {
 81.         twoway ///
>                 (rcap llc90 ulc90 q, lcolor(orange) lwidth($LW)) ///
>                 (rcap llc68 ulc68 q, lcolor(orange_red) lwidth($LW)) ///
>                 (line zeros q, color(black) lw(0.5) xla(0(1)$HOR) xtick(0(1)$HOR)) ///
>                 (scatter blc q, msymbol(O) mcolor(black) msize(medium)), ///
>                 ytitle(, size($FS)) ///
>                 ylabel( , angle(horizontal) format(%9.2f) labsize($FS)) ///
>                 xtitle("Quarters" , size($FS)) ///
>                 xlabel( , labsize($FS) grid) ///
>                 graphregion(color(white)) plotregion(color(white)) ///
>                 xsize(8) ///
>                 ysize(6) ///
>                 legend(off)
 82.         }
 83.         * Save graph file
.         quietly graph save "$dir/Output/Figures/GPH/`var'test_$VERSION.gph", replace    
 84.         quietly graph export "$dir/Output/Figures/PDF/`var'test_$VERSION.pdf", replace          
 85.         drop dyl_ dyh_ dy_ y_*
 86. }

Real Exchange Rate - Sample: 1998Q1-2023Q3
-----------------------------------------------------------------------------------------------------------------------------------------------------------------------------------------------------------------------
                              (1)            (2)            (3)            (4)            (5)            (6)            (7)            (8)            (9)           (10)           (11)           (12)           (13)  
                                0              1              2              3              4              5              6              7              8              9             10             11             12  
-----------------------------------------------------------------------------------------------------------------------------------------------------------------------------------------------------------------------
Ll regime                  -0.566*        -0.631*        -0.745*        -0.878*        -1.475*        -1.128*        -1.310*        -0.952*        -0.864         -1.484*        -1.774**       -1.475*        -1.411* 
                          (0.373)        (0.403)        (0.542)        (0.701)        (0.901)        (0.844)        (0.966)        (0.938)        (0.912)        (0.929)        (1.008)        (0.990)        (1.145)  
Hl regime                   0.341          0.082          0.044          0.244          0.286         -0.628          0.356         -0.596         -0.068          0.360          1.590         -0.047         -0.745  
                          (0.347)        (0.769)        (0.911)        (1.268)        (1.444)        (1.489)        (1.997)        (1.845)        (1.959)        (2.271)        (3.023)        (2.069)        (2.317)  
-----------------------------------------------------------------------------------------------------------------------------------------------------------------------------------------------------------------------
Observations                  600            595            590            585            580            575            570            565            560            555            550            545            539  
-----------------------------------------------------------------------------------------------------------------------------------------------------------------------------------------------------------------------
Standard errors in parentheses
* p<0.32, ** p<0.10

Primary Balance/GDP - Sample: 1998Q1-2023Q3
-----------------------------------------------------------------------------------------------------------------------------------------------------------------------------------------------------------------------
                              (1)            (2)            (3)            (4)            (5)            (6)            (7)            (8)            (9)           (10)           (11)           (12)           (13)  
                                0              1              2              3              4              5              6              7              8              9             10             11             12  
-----------------------------------------------------------------------------------------------------------------------------------------------------------------------------------------------------------------------
Ll regime                  -0.042          0.010          0.087          0.074          0.055         -0.095         -0.062         -0.118         -0.084         -0.106         -0.134         -0.206*        -0.263**
                          (0.043)        (0.094)        (0.121)        (0.131)        (0.126)        (0.121)        (0.169)        (0.158)        (0.160)        (0.154)        (0.164)        (0.143)        (0.140)  
Hl regime                   0.047          0.374**        0.347*         0.630**        0.495**        0.491**        0.151          0.202         -0.010         -0.225         -0.385*        -0.402*        -0.248  
                          (0.138)        (0.224)        (0.272)        (0.282)        (0.265)        (0.195)        (0.280)        (0.219)        (0.303)        (0.323)        (0.376)        (0.320)        (0.261)  
-----------------------------------------------------------------------------------------------------------------------------------------------------------------------------------------------------------------------
Observations                  576            571            566            561            556            551            546            541            536            531            526            521            516  
-----------------------------------------------------------------------------------------------------------------------------------------------------------------------------------------------------------------------
Standard errors in parentheses
* p<0.32, ** p<0.10

Share of Tradable Sector - Sample: 1998Q1-2023Q3
-----------------------------------------------------------------------------------------------------------------------------------------------------------------------------------------------------------------------
                              (1)            (2)            (3)            (4)            (5)            (6)            (7)            (8)            (9)           (10)           (11)           (12)           (13)  
                                0              1              2              3              4              5              6              7              8              9             10             11             12  
-----------------------------------------------------------------------------------------------------------------------------------------------------------------------------------------------------------------------
Ll regime                  -0.009         -0.012          0.008          0.016          0.026          0.008         -0.030         -0.036*        -0.059*        -0.083**       -0.093**       -0.092**       -0.106**
                          (0.014)        (0.029)        (0.039)        (0.043)        (0.037)        (0.039)        (0.035)        (0.035)        (0.037)        (0.042)        (0.042)        (0.047)        (0.043)  
Hl regime                  -0.004         -0.010         -0.033         -0.045         -0.070*        -0.079*        -0.063*        -0.104**       -0.100*        -0.079*        -0.032         -0.044         -0.026  
                          (0.013)        (0.021)        (0.036)        (0.046)        (0.052)        (0.049)        (0.053)        (0.057)        (0.064)        (0.070)        (0.083)        (0.076)        (0.101)  
-----------------------------------------------------------------------------------------------------------------------------------------------------------------------------------------------------------------------
Observations                  599            593            587            581            575            569            563            557            551            545            539            533            527  
-----------------------------------------------------------------------------------------------------------------------------------------------------------------------------------------------------------------------
Standard errors in parentheses
* p<0.32, ** p<0.10

GVA Oil Sector - Sample: 1998Q1-2023Q3
-----------------------------------------------------------------------------------------------------------------------------------------------------------------------------------------------------------------------
                              (1)            (2)            (3)            (4)            (5)            (6)            (7)            (8)            (9)           (10)           (11)           (12)           (13)  
                                0              1              2              3              4              5              6              7              8              9             10             11             12  
-----------------------------------------------------------------------------------------------------------------------------------------------------------------------------------------------------------------------
Ll regime                  -0.393*        -0.161         -0.188          0.022          0.010         -0.068         -0.337         -0.193         -0.114         -0.194          0.201          0.238          0.256  
                          (0.249)        (0.270)        (0.289)        (0.280)        (0.376)        (0.377)        (0.452)        (0.432)        (0.481)        (0.446)        (0.476)        (0.494)        (0.520)  
Hl regime                   0.083          0.755**        0.955**        1.249**        1.316**        1.351**        2.104**        2.027**        1.934**        1.615**        1.569*         0.574          1.132* 
                          (0.240)        (0.435)        (0.423)        (0.368)        (0.395)        (0.466)        (0.492)        (0.545)        (0.599)        (0.806)        (1.038)        (0.924)        (1.076)  
-----------------------------------------------------------------------------------------------------------------------------------------------------------------------------------------------------------------------
Observations                  599            593            587            581            575            569            563            557            551            545            539            533            527  
-----------------------------------------------------------------------------------------------------------------------------------------------------------------------------------------------------------------------
Standard errors in parentheses
* p<0.32, ** p<0.10

GVA Non-Oil Sector - Sample: 1998Q1-2023Q3
-----------------------------------------------------------------------------------------------------------------------------------------------------------------------------------------------------------------------
                              (1)            (2)            (3)            (4)            (5)            (6)            (7)            (8)            (9)           (10)           (11)           (12)           (13)  
                                0              1              2              3              4              5              6              7              8              9             10             11             12  
-----------------------------------------------------------------------------------------------------------------------------------------------------------------------------------------------------------------------
Ll regime                   0.120*         0.317**        0.726**        0.766**        0.821**        0.721**        0.456*         0.743**        0.642*         0.590*         0.358          0.503*         0.351  
                          (0.101)        (0.178)        (0.159)        (0.228)        (0.349)        (0.359)        (0.376)        (0.434)        (0.415)        (0.426)        (0.443)        (0.444)        (0.464)  
Hl regime                   0.858**        2.035**        1.712**        1.570**        1.837**        2.071**        2.785**        2.318**        2.191**        2.222**        2.629**        2.090**        2.167* 
                          (0.262)        (0.592)        (0.419)        (0.423)        (0.472)        (0.472)        (0.528)        (0.605)        (0.751)        (0.916)        (1.208)        (1.033)        (1.308)  
-----------------------------------------------------------------------------------------------------------------------------------------------------------------------------------------------------------------------
Observations                  599            593            587            581            575            569            563            557            551            545            539            533            527  
-----------------------------------------------------------------------------------------------------------------------------------------------------------------------------------------------------------------------
Standard errors in parentheses
* p<0.32, ** p<0.10

Private Consumption - Sample: 1998Q1-2023Q3
-----------------------------------------------------------------------------------------------------------------------------------------------------------------------------------------------------------------------
                              (1)            (2)            (3)            (4)            (5)            (6)            (7)            (8)            (9)           (10)           (11)           (12)           (13)  
                                0              1              2              3              4              5              6              7              8              9             10             11             12  
-----------------------------------------------------------------------------------------------------------------------------------------------------------------------------------------------------------------------
Ll regime                   0.019          0.167          0.656**        0.740**        0.838**        0.732**        0.422          0.646*         0.552*         0.458*         0.244          0.469*         0.244  
                          (0.104)        (0.198)        (0.174)        (0.231)        (0.342)        (0.394)        (0.431)        (0.485)        (0.446)        (0.450)        (0.451)        (0.462)        (0.482)  
Hl regime                   0.947**        2.308**        1.922**        1.715**        2.056**        2.480**        3.242**        2.807**        2.454**        2.636**        3.089**        2.365**        2.815**
                          (0.291)        (0.643)        (0.510)        (0.498)        (0.545)        (0.544)        (0.625)        (0.708)        (0.865)        (1.072)        (1.308)        (1.217)        (1.538)  
-----------------------------------------------------------------------------------------------------------------------------------------------------------------------------------------------------------------------
Observations                  595            589            583            577            571            565            559            553            547            541            535            529            523  
-----------------------------------------------------------------------------------------------------------------------------------------------------------------------------------------------------------------------
Standard errors in parentheses
* p<0.32, ** p<0.10

Investment - Sample: 1998Q1-2023Q3
-----------------------------------------------------------------------------------------------------------------------------------------------------------------------------------------------------------------------
                              (1)            (2)            (3)            (4)            (5)            (6)            (7)            (8)            (9)           (10)           (11)           (12)           (13)  
                                0              1              2              3              4              5              6              7              8              9             10             11             12  
-----------------------------------------------------------------------------------------------------------------------------------------------------------------------------------------------------------------------
Ll regime                  -0.050          0.826**        2.163**        2.666**        3.030**        2.752**        1.834*         2.727**        2.338**        2.361**        1.571*         1.541*         1.108  
                          (0.270)        (0.346)        (0.445)        (0.683)        (1.045)        (1.095)        (1.229)        (1.428)        (1.370)        (1.391)        (1.424)        (1.386)        (1.394)  
Hl regime                   2.070**        3.649**        3.226**        3.142**        3.324**        3.976**        6.367**        4.464**        4.530**        4.576**        6.591**        5.780**        6.599**
                          (0.660)        (0.885)        (0.944)        (0.930)        (1.183)        (1.345)        (1.467)        (1.814)        (2.190)        (2.341)        (3.441)        (3.022)        (3.432)  
-----------------------------------------------------------------------------------------------------------------------------------------------------------------------------------------------------------------------
Observations                  595            589            583            577            571            565            559            553            547            541            535            529            523  
-----------------------------------------------------------------------------------------------------------------------------------------------------------------------------------------------------------------------
Standard errors in parentheses
* p<0.32, ** p<0.10

Public Consumption - Sample: 1998Q1-2023Q3
-----------------------------------------------------------------------------------------------------------------------------------------------------------------------------------------------------------------------
                              (1)            (2)            (3)            (4)            (5)            (6)            (7)            (8)            (9)           (10)           (11)           (12)           (13)  
                                0              1              2              3              4              5              6              7              8              9             10             11             12  
-----------------------------------------------------------------------------------------------------------------------------------------------------------------------------------------------------------------------
Ll regime                   0.137**        0.213**        0.206*         0.286*         0.363*         0.518**        0.500**        0.637**        0.825**        0.736**        0.678**        0.680**        0.803**
                          (0.076)        (0.127)        (0.143)        (0.204)        (0.271)        (0.249)        (0.246)        (0.309)        (0.373)        (0.374)        (0.397)        (0.362)        (0.373)  
Hl regime                   0.230**        0.730**        0.735**        0.711**        0.921**        1.109**        1.265**        1.027**        0.966**        0.977**        1.378**        1.006**        1.276**
                          (0.132)        (0.157)        (0.187)        (0.239)        (0.300)        (0.352)        (0.379)        (0.461)        (0.510)        (0.533)        (0.701)        (0.581)        (0.713)  
-----------------------------------------------------------------------------------------------------------------------------------------------------------------------------------------------------------------------
Observations                  595            589            583            577            571            565            559            553            547            541            535            529            523  
-----------------------------------------------------------------------------------------------------------------------------------------------------------------------------------------------------------------------
Standard errors in parentheses
* p<0.32, ** p<0.10

Net Exports/GDP - Sample: 1998Q1-2023Q3
-----------------------------------------------------------------------------------------------------------------------------------------------------------------------------------------------------------------------
                              (1)            (2)            (3)            (4)            (5)            (6)            (7)            (8)            (9)           (10)           (11)           (12)           (13)  
                                0              1              2              3              4              5              6              7              8              9             10             11             12  
-----------------------------------------------------------------------------------------------------------------------------------------------------------------------------------------------------------------------
Ll regime                   0.143**        0.328**        0.403**        0.361**        0.177         -0.058         -0.125         -0.178          0.025          0.020          0.163          0.152          0.236  
                          (0.070)        (0.080)        (0.131)        (0.177)        (0.229)        (0.281)        (0.315)        (0.347)        (0.336)        (0.344)        (0.316)        (0.347)        (0.419)  
Hl regime                  -0.011         -0.129*        -0.366**       -0.354*        -0.395**       -0.367*        -0.551**       -0.692**       -0.923**       -0.852**       -0.902**       -0.750*        -1.116**
                          (0.065)        (0.117)        (0.174)        (0.216)        (0.228)        (0.307)        (0.311)        (0.314)        (0.335)        (0.389)        (0.408)        (0.470)        (0.468)  
-----------------------------------------------------------------------------------------------------------------------------------------------------------------------------------------------------------------------
Observations                  595            589            583            577            571            565            559            553            547            541            535            529            523  
-----------------------------------------------------------------------------------------------------------------------------------------------------------------------------------------------------------------------
Standard errors in parentheses
* p<0.32, ** p<0.10

Public Debt/GDP - Sample: 1998Q1-2023Q3
-----------------------------------------------------------------------------------------------------------------------------------------------------------------------------------------------------------------------
                              (1)            (2)            (3)            (4)            (5)            (6)            (7)            (8)            (9)           (10)           (11)           (12)           (13)  
                                0              1              2              3              4              5              6              7              8              9             10             11             12  
-----------------------------------------------------------------------------------------------------------------------------------------------------------------------------------------------------------------------
Ll regime                  -0.255*        -0.486**       -0.774**       -0.719*        -1.140**       -1.198**       -0.913*        -0.879*        -0.782*        -0.676         -0.579         -0.494         -0.411  
                          (0.156)        (0.204)        (0.388)        (0.441)        (0.598)        (0.692)        (0.570)        (0.619)        (0.672)        (0.750)        (0.868)        (0.968)        (1.147)  
Hl regime                  -0.065         -0.760**       -0.995**       -1.895**       -2.071**       -2.299**       -2.474**       -2.709**       -2.770**       -2.647**       -2.900**       -2.531**       -2.524* 
                          (0.145)        (0.242)        (0.376)        (0.523)        (0.601)        (0.668)        (0.621)        (0.904)        (1.029)        (1.149)        (1.419)        (1.430)        (1.560)  
-----------------------------------------------------------------------------------------------------------------------------------------------------------------------------------------------------------------------
Observations                  599            593            587            581            575            569            563            557            551            545            539            533            527  
-----------------------------------------------------------------------------------------------------------------------------------------------------------------------------------------------------------------------
Standard errors in parentheses
* p<0.32, ** p<0.10

Gross Domestic Product - Sample: 1998Q1-2023Q3
-----------------------------------------------------------------------------------------------------------------------------------------------------------------------------------------------------------------------
                              (1)            (2)            (3)            (4)            (5)            (6)            (7)            (8)            (9)           (10)           (11)           (12)           (13)  
                                0              1              2              3              4              5              6              7              8              9             10             11             12  
-----------------------------------------------------------------------------------------------------------------------------------------------------------------------------------------------------------------------
Ll regime                   0.006          0.263*         0.705**        0.789**        0.891**        0.839**        0.719**        0.793**        0.726**        0.660*         0.691*         0.639*         0.644* 
                          (0.146)        (0.197)        (0.171)        (0.223)        (0.340)        (0.365)        (0.430)        (0.452)        (0.429)        (0.437)        (0.448)        (0.436)        (0.443)  
Hl regime                   0.860**        2.139**        1.790**        1.779**        1.824**        1.897**        2.151**        1.930**        1.764**        1.637**        1.614**        1.319**        1.296**
                          (0.316)        (0.572)        (0.406)        (0.402)        (0.432)        (0.397)        (0.485)        (0.457)        (0.566)        (0.796)        (0.836)        (0.717)        (0.733)  
-----------------------------------------------------------------------------------------------------------------------------------------------------------------------------------------------------------------------
Observations                  599            593            587            581            575            569            563            557            551            545            539            533            527  
-----------------------------------------------------------------------------------------------------------------------------------------------------------------------------------------------------------------------
Standard errors in parentheses
* p<0.32, ** p<0.10

Unemployment Rate - Sample: 1998Q1-2023Q3
-----------------------------------------------------------------------------------------------------------------------------------------------------------------------------------------------------------------------
                              (1)            (2)            (3)            (4)            (5)            (6)            (7)            (8)            (9)           (10)           (11)           (12)           (13)  
                                0              1              2              3              4              5              6              7              8              9             10             11             12  
-----------------------------------------------------------------------------------------------------------------------------------------------------------------------------------------------------------------------
Ll regime                   0.003         -0.024         -0.085*        -0.108**       -0.174**       -0.134*        -0.123         -0.157*        -0.174*        -0.215*        -0.204*        -0.208*        -0.174* 
                          (0.022)        (0.046)        (0.052)        (0.061)        (0.080)        (0.100)        (0.128)        (0.136)        (0.135)        (0.144)        (0.157)        (0.153)        (0.153)  
Hl regime                  -0.163**       -0.357**       -0.421**       -0.434**       -0.457**       -0.569**       -0.610**       -0.568**       -0.418**       -0.293*        -0.229*        -0.142         -0.196  
                          (0.051)        (0.117)        (0.130)        (0.115)        (0.107)        (0.134)        (0.149)        (0.154)        (0.138)        (0.178)        (0.201)        (0.207)        (0.232)  
-----------------------------------------------------------------------------------------------------------------------------------------------------------------------------------------------------------------------
Observations                  549            543            537            531            525            519            513            507            501            495            489            483            477  
-----------------------------------------------------------------------------------------------------------------------------------------------------------------------------------------------------------------------
Standard errors in parentheses
* p<0.32, ** p<0.10

Sovereign Default Risk - Sample: 1998Q1-2023Q3
-----------------------------------------------------------------------------------------------------------------------------------------------------------------------------------------------------------------------
                              (1)            (2)            (3)            (4)            (5)            (6)            (7)            (8)            (9)           (10)           (11)           (12)           (13)  
                                0              1              2              3              4              5              6              7              8              9             10             11             12  
-----------------------------------------------------------------------------------------------------------------------------------------------------------------------------------------------------------------------
Ll regime                 -49.629**     -114.719**     -122.096**      -74.098*       -42.558        -43.492        -21.896        -26.164        -21.695          6.512         32.846         23.548         32.708  
                         (12.259)       (26.445)       (27.863)       (49.541)       (52.299)       (58.579)       (44.573)       (38.419)       (36.173)       (32.362)       (39.651)       (46.237)       (59.716)  
Hl regime                 -78.960**      -69.052**      -31.897        -67.164*       -85.779*      -125.191**     -120.922**     -132.869**     -103.549*      -160.752**     -178.587**     -187.913**     -204.042**
                         (24.198)       (29.075)       (36.193)       (53.664)       (54.253)       (63.583)       (67.998)       (76.349)       (70.100)       (72.400)       (69.614)       (74.492)       (74.087)  
-----------------------------------------------------------------------------------------------------------------------------------------------------------------------------------------------------------------------
Observations                  598            592            586            580            574            568            562            556            550            544            538            532            526  
-----------------------------------------------------------------------------------------------------------------------------------------------------------------------------------------------------------------------
Standard errors in parentheses
* p<0.32, ** p<0.10

Private Default Risk - Sample: 1998Q1-2023Q3
-----------------------------------------------------------------------------------------------------------------------------------------------------------------------------------------------------------------------
                              (1)            (2)            (3)            (4)            (5)            (6)            (7)            (8)            (9)           (10)           (11)           (12)           (13)  
                                0              1              2              3              4              5              6              7              8              9             10             11             12  
-----------------------------------------------------------------------------------------------------------------------------------------------------------------------------------------------------------------------
Ll regime                 -31.239**      -39.690**      -25.568        -14.223         -7.526          0.731         14.193         17.158         18.912         17.706         20.887         30.182         11.233  
                          (8.842)       (19.169)       (26.538)       (27.027)       (27.756)       (30.100)       (32.360)       (35.542)       (36.056)       (32.861)       (29.459)       (30.277)       (22.477)  
Hl regime                  -1.134         11.320         20.349         16.265         27.078         12.915         -4.875         -2.600        -24.856        -29.873        -34.652        -69.815**      -73.381**
                          (9.939)       (24.875)       (31.283)       (28.148)       (30.588)       (39.847)       (41.357)       (46.691)       (51.966)       (46.788)       (40.158)       (34.471)       (22.945)  
-----------------------------------------------------------------------------------------------------------------------------------------------------------------------------------------------------------------------
Observations                  587            582            577            572            567            562            557            552            547            542            537            532            527  
-----------------------------------------------------------------------------------------------------------------------------------------------------------------------------------------------------------------------
Standard errors in parentheses
* p<0.32, ** p<0.10

Bank Credit/GDP - Sample: 1998Q1-2023Q3
-----------------------------------------------------------------------------------------------------------------------------------------------------------------------------------------------------------------------
                              (1)            (2)            (3)            (4)            (5)            (6)            (7)            (8)            (9)           (10)           (11)           (12)           (13)  
                                0              1              2              3              4              5              6              7              8              9             10             11             12  
-----------------------------------------------------------------------------------------------------------------------------------------------------------------------------------------------------------------------
Ll regime                   0.030          0.087          0.116          0.171*         0.242*         0.376**        0.518**        0.539**        0.487**        0.572**        0.506**        0.491**        0.441* 
                          (0.069)        (0.114)        (0.142)        (0.165)        (0.166)        (0.196)        (0.185)        (0.213)        (0.209)        (0.258)        (0.266)        (0.274)        (0.267)  
Hl regime                   0.014         -0.056         -0.135         -0.284**       -0.251*        -0.034         -0.091          0.017          0.076          0.209*         0.278*         0.316*         0.460**
                          (0.048)        (0.106)        (0.148)        (0.168)        (0.152)        (0.110)        (0.122)        (0.150)        (0.162)        (0.193)        (0.200)        (0.238)        (0.253)  
-----------------------------------------------------------------------------------------------------------------------------------------------------------------------------------------------------------------------
Observations                  570            564            558            552            546            540            534            528            522            516            510            504            498  
-----------------------------------------------------------------------------------------------------------------------------------------------------------------------------------------------------------------------
Standard errors in parentheses
* p<0.32, ** p<0.10

Current Account/GDP - Sample: 1998Q1-2023Q3
-----------------------------------------------------------------------------------------------------------------------------------------------------------------------------------------------------------------------
                              (1)            (2)            (3)            (4)            (5)            (6)            (7)            (8)            (9)           (10)           (11)           (12)           (13)  
                                0              1              2              3              4              5              6              7              8              9             10             11             12  
-----------------------------------------------------------------------------------------------------------------------------------------------------------------------------------------------------------------------
Ll regime                   0.125**        0.295**        0.357**        0.330**        0.102         -0.072         -0.196*        -0.168*        -0.107         -0.121         -0.113         -0.128*        -0.101  
                          (0.023)        (0.048)        (0.092)        (0.111)        (0.130)        (0.131)        (0.126)        (0.153)        (0.176)        (0.161)        (0.140)        (0.124)        (0.132)  
Hl regime                   0.093**        0.114*         0.130          0.152          0.082          0.009         -0.029         -0.204*        -0.369**       -0.352**       -0.352**       -0.250*        -0.230* 
                          (0.054)        (0.105)        (0.201)        (0.259)        (0.264)        (0.284)        (0.249)        (0.163)        (0.131)        (0.131)        (0.146)        (0.155)        (0.153)  
-----------------------------------------------------------------------------------------------------------------------------------------------------------------------------------------------------------------------
Observations                  590            584            578            572            566            560            554            548            542            536            530            524            518  
-----------------------------------------------------------------------------------------------------------------------------------------------------------------------------------------------------------------------
Standard errors in parentheses
* p<0.32, ** p<0.10

Foreign Reserves - Sample: 1998Q1-2023Q3
-----------------------------------------------------------------------------------------------------------------------------------------------------------------------------------------------------------------------
                              (1)            (2)            (3)            (4)            (5)            (6)            (7)            (8)            (9)           (10)           (11)           (12)           (13)  
                                0              1              2              3              4              5              6              7              8              9             10             11             12  
-----------------------------------------------------------------------------------------------------------------------------------------------------------------------------------------------------------------------
Ll regime                  -0.702          1.569**        2.471**        1.112*         0.674          1.367*         0.883          0.804          1.406          0.122         -0.724          0.213         -0.674  
                          (0.774)        (0.732)        (0.844)        (0.893)        (1.035)        (0.989)        (1.272)        (1.380)        (1.650)        (1.860)        (1.799)        (2.193)        (2.262)  
Hl regime                   0.174         -1.118*        -1.534*        -1.880*        -1.512*        -2.088*        -2.469*        -2.225*        -1.557         -0.054          2.192          0.360         -0.091  
                          (0.692)        (0.900)        (0.932)        (1.250)        (1.409)        (1.871)        (2.201)        (2.156)        (2.134)        (1.818)        (2.838)        (2.260)        (3.484)  
-----------------------------------------------------------------------------------------------------------------------------------------------------------------------------------------------------------------------
Observations                  581            575            569            563            557            551            545            539            533            527            521            515            509  
-----------------------------------------------------------------------------------------------------------------------------------------------------------------------------------------------------------------------
Standard errors in parentheses
* p<0.32, ** p<0.10

Public Spending/GDP - Sample: 1998Q1-2023Q3
-----------------------------------------------------------------------------------------------------------------------------------------------------------------------------------------------------------------------
                              (1)            (2)            (3)            (4)            (5)            (6)            (7)            (8)            (9)           (10)           (11)           (12)           (13)  
                                0              1              2              3              4              5              6              7              8              9             10             11             12  
-----------------------------------------------------------------------------------------------------------------------------------------------------------------------------------------------------------------------
Ll regime                   0.047          0.090         -0.016          0.017          0.052          0.206*         0.122          0.256*         0.197          0.162          0.090          0.215          0.354* 
                          (0.051)        (0.110)        (0.157)        (0.161)        (0.177)        (0.175)        (0.217)        (0.192)        (0.223)        (0.227)        (0.228)        (0.229)        (0.236)  
Hl regime                   0.064         -0.275*         0.024         -0.182         -0.019         -0.108          0.451          0.064          0.357          0.636          0.970*         0.758*         0.711  
                          (0.136)        (0.266)        (0.377)        (0.385)        (0.447)        (0.434)        (0.641)        (0.518)        (0.651)        (0.715)        (0.896)        (0.722)        (0.714)  
-----------------------------------------------------------------------------------------------------------------------------------------------------------------------------------------------------------------------
Observations                  576            571            566            561            556            551            546            541            536            531            526            521            516  
-----------------------------------------------------------------------------------------------------------------------------------------------------------------------------------------------------------------------
Standard errors in parentheses
* p<0.32, ** p<0.10

Exports/GDP - Sample: 1998Q1-2023Q3
-----------------------------------------------------------------------------------------------------------------------------------------------------------------------------------------------------------------------
                              (1)            (2)            (3)            (4)            (5)            (6)            (7)            (8)            (9)           (10)           (11)           (12)           (13)  
                                0              1              2              3              4              5              6              7              8              9             10             11             12  
-----------------------------------------------------------------------------------------------------------------------------------------------------------------------------------------------------------------------
Ll regime                   0.128**        0.345**        0.539**        0.648**        0.584**        0.430*         0.272          0.160          0.274          0.303          0.355          0.291          0.274  
                          (0.069)        (0.120)        (0.188)        (0.232)        (0.267)        (0.314)        (0.351)        (0.370)        (0.379)        (0.378)        (0.363)        (0.396)        (0.524)  
Hl regime                   0.005          0.092          0.046          0.235*         0.360**        0.212          0.022         -0.176         -0.395*        -0.537*        -0.452*        -0.558*        -1.031**
                          (0.067)        (0.146)        (0.194)        (0.226)        (0.191)        (0.243)        (0.296)        (0.277)        (0.331)        (0.375)        (0.359)        (0.425)        (0.536)  
-----------------------------------------------------------------------------------------------------------------------------------------------------------------------------------------------------------------------
Observations                  595            589            583            577            571            565            559            553            547            541            535            529            523  
-----------------------------------------------------------------------------------------------------------------------------------------------------------------------------------------------------------------------
Standard errors in parentheses
* p<0.32, ** p<0.10

Imports/GDP - Sample: 1998Q1-2023Q3
-----------------------------------------------------------------------------------------------------------------------------------------------------------------------------------------------------------------------
                              (1)            (2)            (3)            (4)            (5)            (6)            (7)            (8)            (9)           (10)           (11)           (12)           (13)  
                                0              1              2              3              4              5              6              7              8              9             10             11             12  
-----------------------------------------------------------------------------------------------------------------------------------------------------------------------------------------------------------------------
Ll regime                  -0.042*        -0.036          0.042          0.136*         0.251**        0.257**        0.154*         0.062         -0.053         -0.067         -0.170         -0.223*        -0.350**
                          (0.038)        (0.065)        (0.087)        (0.108)        (0.118)        (0.144)        (0.150)        (0.172)        (0.198)        (0.214)        (0.199)        (0.206)        (0.184)  
Hl regime                   0.040          0.249**        0.441**        0.627**        0.722**        0.579**        0.626**        0.520**        0.557**        0.391*         0.438          0.238          0.295  
                          (0.045)        (0.092)        (0.129)        (0.184)        (0.207)        (0.227)        (0.273)        (0.281)        (0.322)        (0.381)        (0.501)        (0.406)        (0.412)  
-----------------------------------------------------------------------------------------------------------------------------------------------------------------------------------------------------------------------
Observations                  595            589            583            577            571            565            559            553            547            541            535            529            523  
-----------------------------------------------------------------------------------------------------------------------------------------------------------------------------------------------------------------------
Standard errors in parentheses
* p<0.32, ** p<0.10

. * Close log file
. log close
      name:  <unnamed>
       log:  /Users/carlosrojasquiroz/Desktop/EUI-Phd-Thesis/Project-3/Output/Logs/Debt_v2.log
  log type:  text
 closed on:  15 Oct 2024, 17:00:54
------------------------------------------------------------------------------------------------------------------------------------------------------------------------------------------------------------------------------------------------------------
