------------------------------------------------------------------------------------------------------------------------------------------------------------------------------------------------------------------------------------------------------------
      name:  <unnamed>
       log:  /Users/carlosrojasquiroz/Desktop/Phd-Thesis/Project-3/Output/Logs/Debt_v1.log
  log type:  text
 opened on:  16 Oct 2024, 14:24:04

. * List of endogenous variables 
. local varendo rer_ pb_ shr_ oil_ nonoil_ c_ i_ cg_ tb_ d_ g_ u_ r_ spr_ crg_ ca_ res_ gg_ exp_ imp_

. * Loop over variables
. foreach var of local varendo {
  2.         * Endogenous variable
.         quietly gen dy_ = d.`var'
  3.         quietly gen dyl_ = dy_*id_low
  4.         quietly gen dyh_ = dy_*id_high
  5.         quietly forvalues h = 0/$HOR {
  6.                 gen y_`h' = f`h'.`var' - l.`var'
  7.                 label variable y_`h' "`h'"
  8.         }
  9.         *---------------------------------------------------------------------------
.         * Local projection regressions
.         *---------------------------------------------------------------------------
.         eststo clear
 10.         cap drop bl ul90 ll90 ul68 ll68 bh uh90 lh90 uh68 lh68 q zeros blc ulc90 llc90 ulc68 llc68
 11.         quietly gen bl=.
 12.         quietly gen ul90=.
 13.         quietly gen ll90=.
 14.         quietly gen ul68=.
 15.         quietly gen ll68=.
 16.         quietly gen bh=.
 17.         quietly gen uh90=.
 18.         quietly gen lh90=.
 19.         quietly gen uh68=.
 20.         quietly gen lh68=.      
 21.         quietly gen q=.
 22.         quietly gen zeros=.
 23.         quietly gen blc=. 
 24.         quietly gen ulc90=. 
 25.         quietly gen llc90=. 
 26.         quietly gen ulc68=. 
 27.         quietly gen llc68=.     
 28.         * Loop over horizons
.         quietly forvalues h = 0/$HOR {  
 29.                 xtscc y_`h' sl_ sh_ id_low id_high L(1/ $LAG ).(dyl_ sl_ dyh_ sh_) F`h'.(dum1-dum11) i.code if quarter >= tq(1998q1),lag(`h') noconstant
 30.                 replace bl = $SIGN *_b[sl_] if _n == `h'+1
 31.                 replace ul90 = $SIGN *_b[sl_] + $T90 *_se[sl_]  if _n == `h'+1
 32.                 replace ll90 = $SIGN *_b[sl_] - $T90 *_se[sl_]  if _n == `h'+1
 33.                 replace ul68 = $SIGN *_b[sl_] + $T68 *_se[sl_]  if _n == `h'+1
 34.                 replace ll68 = $SIGN *_b[sl_] - $T68 *_se[sl_]  if _n == `h'+1
 35.                 replace bh = $SIGN *_b[sh_] if _n == `h'+1
 36.                 replace uh90 = $SIGN *_b[sh_] + $T90 *_se[sh_]  if _n == `h'+1
 37.                 replace lh90 = $SIGN *_b[sh_] - $T90 *_se[sh_]  if _n == `h'+1
 38.                 replace uh68 = $SIGN *_b[sh_] + $T68 *_se[sh_]  if _n == `h'+1
 39.                 replace lh68 = $SIGN *_b[sh_] - $T68 *_se[sh_]  if _n == `h'+1
 40.                 lincom $SIGN *(sh_ - sl_)
 41.                 replace blc = r(estimate) if _n == `h'+1
 42.                 replace ulc90 = r(estimate) + $T90 *r(se)  if _n == `h'+1
 43.                 replace llc90 = r(estimate) - $T90 *r(se)  if _n == `h'+1
 44.                 replace ulc68 = r(estimate) + $T68 *r(se)  if _n == `h'+1
 45.                 replace llc68 = r(estimate) - $T68 *r(se)  if _n == `h'+1 
 46.                 replace q = `h' if _n == `h'+1
 47.                 replace zeros = 0 if _n == `h'+1        
 48.                 quietly eststo
 49.         }
 50.         local varlab : variable label `var'
 51.         nois esttab, se nocons keep(sl_ sh_) ti("`varlab' - Sample: 1998Q1-2023Q3") label star(* 0.32 ** 0.10) t(3) nogaps b($FORMATT)
 52.         *---------------------------------------------------------------------------
.         * Graph - Low Debt Regime
.         *---------------------------------------------------------------------------
.         if "`var'" == "r_" | "`var'" == "spr_" {
 53.         twoway ///
>                 (rarea ll90 ul90 q, fcolor("$LIGHT3") lwidth(none)) ///
>                 (rarea ll68 ul68 q, fcolor("$DARK3") lwidth(none)) ///
>                 (line bl q, color("$SOLID3") lw($LW) xla(0(1)$HOR) xtick(0(1)$HOR)) ///         
>                 (line zeros q, color(black) lw(0.5) xla(0(1)$HOR) xtick(0(1)$HOR)) ///                          
>                 , ///
>                 ytitle( , size($FS)) ///
>                 ylabel( , angle(horizontal) format(%9.0f) labsize($FS)) ///
>                 xtitle("Quarters" , size($FS)) ///
>                 xlabel( , labsize($FS) grid) ///
>                 graphregion(color(white)) plotregion(color(white)) ///
>                 xsize(8) ///
>                 ysize(6) ///
>                 legend(off)
 54.         }
 55.         else if "`var'"== "g_" | "`var'" == "c_" | "`var'" == "i_" | "`var'" == "rer_" | "`var'" == "oil_" | "`var'" == "cg_" | "`var'" == "nonoil_" | "`var'" == "res_" {
 56.         twoway ///
>                 (rarea ll90 ul90 q, fcolor("$LIGHT3") lwidth(none)) ///
>                 (rarea ll68 ul68 q, fcolor("$DARK3") lwidth(none)) ///
>                 (line bl q, color("$SOLID3") lw($LW) xla(0(1)$HOR) xtick(0(1)$HOR)) ///         
>                 (line zeros q, color(black) lw(0.5) xla(0(1)$HOR) xtick(0(1)$HOR)) ///                          
>                 , ///
>                 ytitle( , size($FS)) ///
>                 ylabel( , angle(horizontal) format(%9.2f) labsize($FS)) ///
>                 xtitle("Quarters" , size($FS)) ///
>                 xlabel( , labsize($FS) grid) ///
>                 graphregion(color(white)) plotregion(color(white)) ///
>                 xsize(8) ///
>                 ysize(6) ///
>                 legend(off)     
 57.         }
 58.         else {
 59.         twoway ///
>                 (rarea ll90 ul90 q, fcolor("$LIGHT3") lwidth(none)) ///
>                 (rarea ll68 ul68 q, fcolor("$DARK3") lwidth(none)) ///
>                 (line bl q, color("$SOLID3") lw($LW) xla(0(1)$HOR) xtick(0(1)$HOR)) /// 
>                 (line zeros q, color(black) lw(0.5) xla(0(1)$HOR) xtick(0(1)$HOR)) ///                  
>                 , ///
>                 ytitle( , size($FS)) ///
>                 ylabel( , angle(horizontal) format(%9.2f) labsize($FS)) ///
>                 xtitle("Quarters" , size($FS)) ///
>                 xlabel( , labsize($FS) grid) ///
>                 graphregion(color(white)) plotregion(color(white)) ///
>                 xsize(8) ///
>                 ysize(6) ///
>                 legend(off)             
 60.         }
 61.         * Save graph file
.         quietly graph save "$dir/Output/Figures/GPH/`var'low_$VERSION.gph", replace     
 62.         quietly graph export "$dir/Output/Figures/PDF/`var'low_$VERSION.pdf", replace
 63.         *---------------------------------------------------------------------------
.         * Graph - High Debt Regime
.         *---------------------------------------------------------------------------
.         if "`var'" == "r_" | "`var'" == "spr_" {
 64.         twoway ///
>                 (rarea lh90 uh90 q, fcolor("$LIGHT") lwidth(none)) ///
>                 (rarea lh68 uh68 q, fcolor("$DARK") lwidth(none)) ///
>                 (line bh q, color("$SOLID") lw($LW) xla(0(1)$HOR) xtick(0(1)$HOR)) ///          
>                 (line zeros q, color(black) lw(0.5) xla(0(1)$HOR) xtick(0(1)$HOR)) ///                  
>                 , ///
>                 ytitle("Basis Points", size($FS)) ///
>                 ylabel( , angle(horizontal) format(%9.0f) labsize($FS)) ///
>                 xtitle("Quarters" , size($FS)) ///
>                 xlabel( , labsize($FS) grid) ///
>                 graphregion(color(white)) plotregion(color(white)) ///
>                 xsize(8) ///
>                 ysize(6) ///
>                 legend(off)
 65.         }
 66.         else if "`var'"== "g_" | "`var'" == "c_" | "`var'" == "i_" | "`var'" == "rer_" | "`var'" == "oil_" | "`var'" == "cg_" | "`var'" == "nonoil_" | "`var'" == "res_" {
 67.         twoway ///
>                 (rarea lh90 uh90 q, fcolor("$LIGHT") lwidth(none)) ///
>                 (rarea lh68 uh68 q, fcolor("$DARK") lwidth(none)) ///
>                 (line bh q, color("$SOLID") lw($LW) xla(0(1)$HOR) xtick(0(1)$HOR)) ///                  
>                 (line zeros q, color(black) lw(0.5) xla(0(1)$HOR) xtick(0(1)$HOR)) ///                  
>                 , ///
>                 ytitle("Percentage Change", size($FS)) ///
>                 ylabel( , angle(horizontal) format(%9.2f) labsize($FS)) ///
>                 xtitle("Quarters" , size($FS)) ///
>                 xlabel( , labsize($FS) grid) ///
>                 graphregion(color(white)) plotregion(color(white)) ///
>                 xsize(8) ///
>                 ysize(6) ///
>                 legend(off)     
 68.         }
 69.         else {
 70.         twoway ///
>                 (rarea lh90 uh90 q, fcolor("$LIGHT") lwidth(none)) ///
>                 (rarea lh68 uh68 q, fcolor("$DARK") lwidth(none)) ///
>                 (line bh q, color("$SOLID") lw($LW) xla(0(1)$HOR) xtick(0(1)$HOR)) ///          
>                 (line zeros q, color(black) lw(0.5) xla(0(1)$HOR) xtick(0(1)$HOR)) ///                  
>                 , ///
>                 ytitle("Percentage Points", size($FS)) ///
>                 ylabel( , angle(horizontal) format(%9.2f) labsize($FS)) ///
>                 xtitle("Quarters" , size($FS)) ///
>                 xlabel( , labsize($FS) grid) ///        
>                 graphregion(color(white)) plotregion(color(white)) ///
>                 xsize(8) ///
>                 ysize(6) ///
>                 legend(off)             
 71.         }
 72.         * Save graph file
.         quietly graph save "$dir/Output/Figures/GPH/`var'high_$VERSION.gph", replace    
 73.         quietly graph export "$dir/Output/Figures/PDF/`var'high_$VERSION.pdf", replace
 74.         *---------------------------------------------------------------------------
.         * Graph - test of parameters
.         *---------------------------------------------------------------------------
.         if "`var'" == "r_" | "`var'" == "spr_" {
 75.         twoway ///
>                 (rcap llc90 ulc90 q, lcolor(orange) lwidth($LW)) ///
>                 (rcap llc68 ulc68 q, lcolor(orange_red) lwidth($LW)) ///
>                 (line zeros q, color(black) lw(0.5) xla(0(1)$HOR) xtick(0(1)$HOR)) ///
>                 (scatter blc q, msymbol(O) mcolor(black) msize(medium)), ///
>                 ytitle(, size($FS)) ///
>                 ylabel( , angle(horizontal) format(%9.0f) labsize($FS)) ///
>                 xtitle("Quarters" , size($FS)) ///
>                 xlabel( , labsize($FS) grid) ///
>                 graphregion(color(white)) plotregion(color(white)) ///
>                 xsize(8) ///
>                 ysize(6) ///
>                 legend(off)
 76.         }
 77.         else if "`var'"== "g_" | "`var'" == "c_" | "`var'" == "i_" | "`var'" == "rer_" | "`var'" == "oil_" | "`var'" == "cg_" | "`var'" == "nonoil_" | "`var'" == "res_" {
 78.         twoway ///
>                 (rcap llc90 ulc90 q, lcolor(orange) lwidth($LW)) ///
>                 (rcap llc68 ulc68 q, lcolor(orange_red) lwidth($LW)) ///
>                 (line zeros q, color(black) lw(0.5) xla(0(1)$HOR) xtick(0(1)$HOR)) ///
>                 (scatter blc q, msymbol(O) mcolor(black) msize(medium)), ///
>                 ytitle(, size($FS)) ///
>                 ylabel( , angle(horizontal) format(%9.2f) labsize($FS)) ///
>                 xtitle("Quarters" , size($FS)) ///
>                 xlabel( , labsize($FS) grid) ///
>                 graphregion(color(white)) plotregion(color(white)) ///
>                 xsize(8) ///
>                 ysize(6) ///
>                 legend(off)
 79.         }
 80.         else {
 81.         twoway ///
>                 (rcap llc90 ulc90 q, lcolor(orange) lwidth($LW)) ///
>                 (rcap llc68 ulc68 q, lcolor(orange_red) lwidth($LW)) ///
>                 (line zeros q, color(black) lw(0.5) xla(0(1)$HOR) xtick(0(1)$HOR)) ///
>                 (scatter blc q, msymbol(O) mcolor(black) msize(medium)), ///
>                 ytitle(, size($FS)) ///
>                 ylabel( , angle(horizontal) format(%9.2f) labsize($FS)) ///
>                 xtitle("Quarters" , size($FS)) ///
>                 xlabel( , labsize($FS) grid) ///
>                 graphregion(color(white)) plotregion(color(white)) ///
>                 xsize(8) ///
>                 ysize(6) ///
>                 legend(off)
 82.         }
 83.         * Save graph file
.         quietly graph save "$dir/Output/Figures/GPH/`var'test_$VERSION.gph", replace    
 84.         quietly graph export "$dir/Output/Figures/PDF/`var'test_$VERSION.pdf", replace          
 85.         drop dyl_ dyh_ dy_ y_*
 86. }

Real Exchange Rate - Sample: 1998Q1-2023Q3
-----------------------------------------------------------------------------------------------------------------------------------------------------------------------------------------------------------------------
                              (1)            (2)            (3)            (4)            (5)            (6)            (7)            (8)            (9)           (10)           (11)           (12)           (13)  
                                0              1              2              3              4              5              6              7              8              9             10             11             12  
-----------------------------------------------------------------------------------------------------------------------------------------------------------------------------------------------------------------------
Ll regime                  -1.280**       -1.725**       -1.693**       -1.972**       -2.383**       -1.151         -2.734**       -2.161**       -2.211**       -2.953**       -4.352**       -2.731*        -4.031**
                          (0.433)        (0.609)        (0.802)        (0.943)        (1.286)        (1.167)        (1.543)        (1.090)        (1.117)        (1.306)        (1.925)        (1.751)        (1.927)  
Hl regime                   0.958**        1.019*         0.837          1.311          0.891         -0.586          1.677          0.592          1.010          1.691          3.679          1.527          1.714  
                          (0.450)        (0.858)        (1.114)        (1.615)        (2.086)        (2.470)        (3.259)        (2.988)        (3.056)        (3.085)        (4.035)        (3.151)        (3.752)  
-----------------------------------------------------------------------------------------------------------------------------------------------------------------------------------------------------------------------
Observations                  600            595            590            585            580            575            570            565            560            555            550            545            539  
-----------------------------------------------------------------------------------------------------------------------------------------------------------------------------------------------------------------------
Standard errors in parentheses
* p<0.32, ** p<0.10

Primary Balance/GDP - Sample: 1998Q1-2023Q3
-----------------------------------------------------------------------------------------------------------------------------------------------------------------------------------------------------------------------
                              (1)            (2)            (3)            (4)            (5)            (6)            (7)            (8)            (9)           (10)           (11)           (12)           (13)  
                                0              1              2              3              4              5              6              7              8              9             10             11             12  
-----------------------------------------------------------------------------------------------------------------------------------------------------------------------------------------------------------------------
Ll regime                  -0.141*         0.155*         0.357*         0.244          0.381*         0.004          0.025         -0.011         -0.006         -0.124         -0.061         -0.183         -0.078  
                          (0.114)        (0.143)        (0.216)        (0.261)        (0.280)        (0.292)        (0.286)        (0.286)        (0.239)        (0.282)        (0.205)        (0.239)        (0.202)  
Hl regime                   0.123          0.162          0.040          0.290*         0.050          0.196         -0.175         -0.158         -0.303*        -0.378*        -0.519**       -0.607**       -0.569**
                          (0.154)        (0.188)        (0.218)        (0.219)        (0.182)        (0.232)        (0.256)        (0.199)        (0.210)        (0.258)        (0.270)        (0.266)        (0.275)  
-----------------------------------------------------------------------------------------------------------------------------------------------------------------------------------------------------------------------
Observations                  576            571            566            561            556            551            546            541            536            531            526            521            516  
-----------------------------------------------------------------------------------------------------------------------------------------------------------------------------------------------------------------------
Standard errors in parentheses
* p<0.32, ** p<0.10

Share of Tradable Sector - Sample: 1998Q1-2023Q3
-----------------------------------------------------------------------------------------------------------------------------------------------------------------------------------------------------------------------
                              (1)            (2)            (3)            (4)            (5)            (6)            (7)            (8)            (9)           (10)           (11)           (12)           (13)  
                                0              1              2              3              4              5              6              7              8              9             10             11             12  
-----------------------------------------------------------------------------------------------------------------------------------------------------------------------------------------------------------------------
Ll regime                  -0.013         -0.008          0.004          0.003          0.011         -0.031         -0.082*        -0.091*        -0.095*        -0.096*        -0.094*        -0.036         -0.082* 
                          (0.014)        (0.027)        (0.041)        (0.054)        (0.055)        (0.065)        (0.060)        (0.065)        (0.075)        (0.071)        (0.062)        (0.062)        (0.066)  
Hl regime                  -0.002         -0.010         -0.023         -0.029         -0.052         -0.046         -0.019         -0.057         -0.086*        -0.093*        -0.085*        -0.156**       -0.122* 
                          (0.016)        (0.026)        (0.041)        (0.056)        (0.059)        (0.057)        (0.062)        (0.065)        (0.070)        (0.059)        (0.069)        (0.065)        (0.097)  
-----------------------------------------------------------------------------------------------------------------------------------------------------------------------------------------------------------------------
Observations                  599            593            587            581            575            569            563            557            551            545            539            533            527  
-----------------------------------------------------------------------------------------------------------------------------------------------------------------------------------------------------------------------
Standard errors in parentheses
* p<0.32, ** p<0.10

GVA Oil Sector - Sample: 1998Q1-2023Q3
-----------------------------------------------------------------------------------------------------------------------------------------------------------------------------------------------------------------------
                              (1)            (2)            (3)            (4)            (5)            (6)            (7)            (8)            (9)           (10)           (11)           (12)           (13)  
                                0              1              2              3              4              5              6              7              8              9             10             11             12  
-----------------------------------------------------------------------------------------------------------------------------------------------------------------------------------------------------------------------
Ll regime                  -0.022          0.622**        1.237**        1.015**        1.326**        0.802*         0.544          0.817          1.383*         0.695          0.604          1.038*         0.588  
                          (0.223)        (0.303)        (0.455)        (0.490)        (0.599)        (0.722)        (0.888)        (1.075)        (1.119)        (0.935)        (0.997)        (0.858)        (0.942)  
Hl regime                  -0.222          0.005         -0.295          0.395          0.183          0.596          1.167**        0.915*         0.305          0.726          1.133*         0.041          1.015  
                          (0.269)        (0.449)        (0.577)        (0.570)        (0.489)        (0.623)        (0.603)        (0.640)        (0.765)        (0.738)        (0.982)        (0.839)        (1.093)  
-----------------------------------------------------------------------------------------------------------------------------------------------------------------------------------------------------------------------
Observations                  599            593            587            581            575            569            563            557            551            545            539            533            527  
-----------------------------------------------------------------------------------------------------------------------------------------------------------------------------------------------------------------------
Standard errors in parentheses
* p<0.32, ** p<0.10

GVA Non-Oil Sector - Sample: 1998Q1-2023Q3
-----------------------------------------------------------------------------------------------------------------------------------------------------------------------------------------------------------------------
                              (1)            (2)            (3)            (4)            (5)            (6)            (7)            (8)            (9)           (10)           (11)           (12)           (13)  
                                0              1              2              3              4              5              6              7              8              9             10             11             12  
-----------------------------------------------------------------------------------------------------------------------------------------------------------------------------------------------------------------------
Ll regime                   0.023          0.537*         0.634**        0.532*         0.501          0.422          0.018          0.240          0.104          0.045         -0.578          0.001         -0.643  
                          (0.136)        (0.346)        (0.325)        (0.329)        (0.502)        (0.587)        (0.804)        (0.820)        (0.799)        (0.809)        (1.002)        (0.784)        (0.926)  
Hl regime                   0.791**        1.643**        1.694**        1.751**        2.012**        2.090**        2.775**        2.473**        2.244**        2.301**        2.947**        2.133**        2.931**
                          (0.294)        (0.473)        (0.453)        (0.423)        (0.452)        (0.592)        (0.804)        (0.675)        (0.755)        (0.776)        (1.167)        (0.863)        (1.295)  
-----------------------------------------------------------------------------------------------------------------------------------------------------------------------------------------------------------------------
Observations                  599            593            587            581            575            569            563            557            551            545            539            533            527  
-----------------------------------------------------------------------------------------------------------------------------------------------------------------------------------------------------------------------
Standard errors in parentheses
* p<0.32, ** p<0.10

Private Consumption - Sample: 1998Q1-2023Q3
-----------------------------------------------------------------------------------------------------------------------------------------------------------------------------------------------------------------------
                              (1)            (2)            (3)            (4)            (5)            (6)            (7)            (8)            (9)           (10)           (11)           (12)           (13)  
                                0              1              2              3              4              5              6              7              8              9             10             11             12  
-----------------------------------------------------------------------------------------------------------------------------------------------------------------------------------------------------------------------
Ll regime                  -0.004          0.387          0.605**        0.469*         0.276          0.184         -0.272         -0.064         -0.173         -0.307         -0.904         -0.357         -0.780  
                          (0.151)        (0.410)        (0.345)        (0.325)        (0.502)        (0.582)        (0.861)        (0.821)        (0.730)        (0.800)        (0.988)        (0.736)        (0.933)  
Hl regime                   0.825**        1.863**        1.801**        1.827**        2.342**        2.525**        3.267**        2.942**        2.499**        2.713**        3.349**        2.536**        3.199**
                          (0.315)        (0.560)        (0.563)        (0.552)        (0.572)        (0.764)        (1.009)        (0.798)        (0.865)        (0.902)        (1.293)        (0.941)        (1.523)  
-----------------------------------------------------------------------------------------------------------------------------------------------------------------------------------------------------------------------
Observations                  594            588            582            576            570            564            558            552            546            540            534            528            522  
-----------------------------------------------------------------------------------------------------------------------------------------------------------------------------------------------------------------------
Standard errors in parentheses
* p<0.32, ** p<0.10

Investment - Sample: 1998Q1-2023Q3
-----------------------------------------------------------------------------------------------------------------------------------------------------------------------------------------------------------------------
                              (1)            (2)            (3)            (4)            (5)            (6)            (7)            (8)            (9)           (10)           (11)           (12)           (13)  
                                0              1              2              3              4              5              6              7              8              9             10             11             12  
-----------------------------------------------------------------------------------------------------------------------------------------------------------------------------------------------------------------------
Ll regime                  -0.568*         0.298          1.427**        1.503**        1.310*         1.385         -0.448          0.713          0.518          0.637         -1.478         -0.083         -1.337  
                          (0.443)        (0.702)        (0.770)        (0.895)        (1.012)        (1.420)        (2.083)        (2.065)        (2.069)        (2.093)        (2.735)        (2.265)        (2.735)  
Hl regime                   2.346**        3.856**        3.703**        4.545**        4.804**        4.848**        7.864**        5.989**        5.347**        5.511**        8.006**        5.556**        7.261**
                          (0.824)        (1.040)        (1.317)        (1.271)        (1.296)        (1.774)        (2.072)        (1.853)        (2.075)        (1.959)        (3.270)        (2.362)        (3.829)  
-----------------------------------------------------------------------------------------------------------------------------------------------------------------------------------------------------------------------
Observations                  594            588            582            576            570            564            558            552            546            540            534            528            522  
-----------------------------------------------------------------------------------------------------------------------------------------------------------------------------------------------------------------------
Standard errors in parentheses
* p<0.32, ** p<0.10

Public Consumption - Sample: 1998Q1-2023Q3
-----------------------------------------------------------------------------------------------------------------------------------------------------------------------------------------------------------------------
                              (1)            (2)            (3)            (4)            (5)            (6)            (7)            (8)            (9)           (10)           (11)           (12)           (13)  
                                0              1              2              3              4              5              6              7              8              9             10             11             12  
-----------------------------------------------------------------------------------------------------------------------------------------------------------------------------------------------------------------------
Ll regime                   0.106          0.219          0.086          0.266          0.415*         0.373*         0.111          0.373          0.582*         0.412          0.119          0.304          0.015  
                          (0.146)        (0.239)        (0.314)        (0.324)        (0.405)        (0.356)        (0.385)        (0.494)        (0.546)        (0.544)        (0.614)        (0.572)        (0.683)  
Hl regime                   0.221*         0.709**        0.829**        0.686**        0.774**        1.142**        1.517**        1.207**        1.130**        1.229**        1.670**        1.302**        1.957**
                          (0.162)        (0.175)        (0.279)        (0.300)        (0.334)        (0.379)        (0.423)        (0.477)        (0.491)        (0.392)        (0.592)        (0.476)        (0.711)  
-----------------------------------------------------------------------------------------------------------------------------------------------------------------------------------------------------------------------
Observations                  594            588            582            576            570            564            558            552            546            540            534            528            522  
-----------------------------------------------------------------------------------------------------------------------------------------------------------------------------------------------------------------------
Standard errors in parentheses
* p<0.32, ** p<0.10

Net Exports/GDP - Sample: 1998Q1-2023Q3
-----------------------------------------------------------------------------------------------------------------------------------------------------------------------------------------------------------------------
                              (1)            (2)            (3)            (4)            (5)            (6)            (7)            (8)            (9)           (10)           (11)           (12)           (13)  
                                0              1              2              3              4              5              6              7              8              9             10             11             12  
-----------------------------------------------------------------------------------------------------------------------------------------------------------------------------------------------------------------------
Ll regime                   0.156*         0.443**        0.525**        0.612**        0.531**        0.326*         0.451*         0.235          0.242          0.159          0.125          0.034          0.152  
                          (0.101)        (0.139)        (0.198)        (0.239)        (0.243)        (0.251)        (0.288)        (0.349)        (0.365)        (0.332)        (0.395)        (0.301)        (0.369)  
Hl regime                   0.015         -0.096         -0.302*        -0.393*        -0.488**       -0.606**       -1.005**       -0.894**       -0.887**       -0.763**       -0.569*        -0.386*        -0.719**
                          (0.077)        (0.140)        (0.198)        (0.240)        (0.241)        (0.247)        (0.224)        (0.217)        (0.221)        (0.285)        (0.394)        (0.347)        (0.274)  
-----------------------------------------------------------------------------------------------------------------------------------------------------------------------------------------------------------------------
Observations                  595            589            583            577            571            565            559            553            547            541            535            529            523  
-----------------------------------------------------------------------------------------------------------------------------------------------------------------------------------------------------------------------
Standard errors in parentheses
* p<0.32, ** p<0.10

Public Debt/GDP - Sample: 1998Q1-2023Q3
-----------------------------------------------------------------------------------------------------------------------------------------------------------------------------------------------------------------------
                              (1)            (2)            (3)            (4)            (5)            (6)            (7)            (8)            (9)           (10)           (11)           (12)           (13)  
                                0              1              2              3              4              5              6              7              8              9             10             11             12  
-----------------------------------------------------------------------------------------------------------------------------------------------------------------------------------------------------------------------
Ll regime                  -0.353*        -0.421*        -0.445*        -0.559*        -0.983*        -0.894*        -0.490         -0.705*        -0.614         -0.555         -0.185         -0.953*        -0.123  
                          (0.223)        (0.344)        (0.376)        (0.464)        (0.607)        (0.659)        (0.615)        (0.636)        (0.631)        (0.703)        (0.758)        (0.728)        (1.169)  
Hl regime                   0.083         -0.643*        -1.008**       -1.668**       -1.865**       -2.063**       -2.216**       -1.954**       -1.710**       -1.550**       -1.551**       -0.876*        -1.448* 
                          (0.294)        (0.417)        (0.437)        (0.618)        (0.625)        (0.663)        (0.626)        (0.731)        (0.727)        (0.639)        (0.794)        (0.756)        (0.916)  
-----------------------------------------------------------------------------------------------------------------------------------------------------------------------------------------------------------------------
Observations                  598            592            586            580            574            568            562            556            550            544            538            532            526  
-----------------------------------------------------------------------------------------------------------------------------------------------------------------------------------------------------------------------
Standard errors in parentheses
* p<0.32, ** p<0.10

Gross Domestic Product - Sample: 1998Q1-2023Q3
-----------------------------------------------------------------------------------------------------------------------------------------------------------------------------------------------------------------------
                              (1)            (2)            (3)            (4)            (5)            (6)            (7)            (8)            (9)           (10)           (11)           (12)           (13)  
                                0              1              2              3              4              5              6              7              8              9             10             11             12  
-----------------------------------------------------------------------------------------------------------------------------------------------------------------------------------------------------------------------
Ll regime                   0.052          0.520*         0.808**        0.665**        0.810*         0.616*         0.662          0.459          0.346          0.110          0.110          0.230          0.225  
                          (0.223)        (0.392)        (0.347)        (0.361)        (0.489)        (0.567)        (0.714)        (0.722)        (0.688)        (0.713)        (0.696)        (0.676)        (0.678)  
Hl regime                   0.711**        1.691**        1.584**        1.752**        1.735**        1.755**        1.852**        1.846**        1.770**        1.730**        1.707**        1.284**        1.570**
                          (0.387)        (0.595)        (0.588)        (0.553)        (0.515)        (0.608)        (0.603)        (0.508)        (0.560)        (0.589)        (0.516)        (0.539)        (0.546)  
-----------------------------------------------------------------------------------------------------------------------------------------------------------------------------------------------------------------------
Observations                  599            593            587            581            575            569            563            557            551            545            539            533            527  
-----------------------------------------------------------------------------------------------------------------------------------------------------------------------------------------------------------------------
Standard errors in parentheses
* p<0.32, ** p<0.10

Unemployment Rate - Sample: 1998Q1-2023Q3
-----------------------------------------------------------------------------------------------------------------------------------------------------------------------------------------------------------------------
                              (1)            (2)            (3)            (4)            (5)            (6)            (7)            (8)            (9)           (10)           (11)           (12)           (13)  
                                0              1              2              3              4              5              6              7              8              9             10             11             12  
-----------------------------------------------------------------------------------------------------------------------------------------------------------------------------------------------------------------------
Ll regime                   0.004         -0.148*        -0.286**       -0.297**       -0.296**       -0.273**       -0.321**       -0.310**       -0.232**       -0.152*        -0.080         -0.109*        -0.046  
                          (0.039)        (0.110)        (0.143)        (0.119)        (0.109)        (0.111)        (0.150)        (0.176)        (0.130)        (0.129)        (0.122)        (0.108)        (0.110)  
Hl regime                  -0.117**       -0.166**       -0.176**       -0.189**       -0.266**       -0.322**       -0.288**       -0.258**       -0.175*        -0.205*        -0.230*        -0.135         -0.248* 
                          (0.053)        (0.066)        (0.078)        (0.086)        (0.094)        (0.112)        (0.131)        (0.136)        (0.135)        (0.141)        (0.161)        (0.170)        (0.171)  
-----------------------------------------------------------------------------------------------------------------------------------------------------------------------------------------------------------------------
Observations                  550            544            538            532            526            520            514            508            502            496            490            484            478  
-----------------------------------------------------------------------------------------------------------------------------------------------------------------------------------------------------------------------
Standard errors in parentheses
* p<0.32, ** p<0.10

Sovereign Default Risk - Sample: 1998Q1-2023Q3
-----------------------------------------------------------------------------------------------------------------------------------------------------------------------------------------------------------------------
                              (1)            (2)            (3)            (4)            (5)            (6)            (7)            (8)            (9)           (10)           (11)           (12)           (13)  
                                0              1              2              3              4              5              6              7              8              9             10             11             12  
-----------------------------------------------------------------------------------------------------------------------------------------------------------------------------------------------------------------------
Ll regime                 -10.760        -55.956*       -57.065**        1.578         45.256*        52.730*        71.670**       50.756*        29.454         55.380*        90.371**       77.460**       79.000* 
                         (23.893)       (35.619)       (30.573)       (41.201)       (44.486)       (50.136)       (37.596)       (31.641)       (34.388)       (40.728)       (44.598)       (45.317)       (68.048)  
Hl regime                -103.757**     -117.039**      -86.466**     -126.031**     -146.952**     -183.568**     -179.356**     -166.778**     -104.546**     -146.728**     -173.191**     -166.933**     -179.261**
                         (34.596)       (30.653)       (42.023)       (58.401)       (60.195)       (67.285)       (68.446)       (68.475)       (58.448)       (50.571)       (52.539)       (53.137)       (69.804)  
-----------------------------------------------------------------------------------------------------------------------------------------------------------------------------------------------------------------------
Observations                  599            593            587            581            575            569            563            557            551            545            539            533            527  
-----------------------------------------------------------------------------------------------------------------------------------------------------------------------------------------------------------------------
Standard errors in parentheses
* p<0.32, ** p<0.10

Private Default Risk - Sample: 1998Q1-2023Q3
-----------------------------------------------------------------------------------------------------------------------------------------------------------------------------------------------------------------------
                              (1)            (2)            (3)            (4)            (5)            (6)            (7)            (8)            (9)           (10)           (11)           (12)           (13)  
                                0              1              2              3              4              5              6              7              8              9             10             11             12  
-----------------------------------------------------------------------------------------------------------------------------------------------------------------------------------------------------------------------
Ll regime                   4.694         26.901*        52.470**       46.465*        35.369*        48.956*        48.630*        33.229         10.669         -9.144         -8.305          4.587        -11.574  
                         (13.671)       (19.199)       (27.165)       (28.592)       (31.608)       (42.454)       (45.829)       (49.098)       (47.594)       (52.352)       (47.503)       (43.806)       (40.836)  
Hl regime                 -36.972**      -53.500*       -54.263*       -47.704        -36.996        -40.801        -53.212        -29.910        -27.834         -1.779          0.251        -36.795        -43.924  
                         (17.770)       (39.182)       (52.428)       (50.756)       (53.926)       (60.112)       (58.890)       (74.300)       (78.908)       (81.962)       (71.397)       (61.493)       (52.074)  
-----------------------------------------------------------------------------------------------------------------------------------------------------------------------------------------------------------------------
Observations                  587            582            577            572            567            562            557            552            547            542            537            532            527  
-----------------------------------------------------------------------------------------------------------------------------------------------------------------------------------------------------------------------
Standard errors in parentheses
* p<0.32, ** p<0.10

Bank Credit/GDP - Sample: 1998Q1-2023Q3
-----------------------------------------------------------------------------------------------------------------------------------------------------------------------------------------------------------------------
                              (1)            (2)            (3)            (4)            (5)            (6)            (7)            (8)            (9)           (10)           (11)           (12)           (13)  
                                0              1              2              3              4              5              6              7              8              9             10             11             12  
-----------------------------------------------------------------------------------------------------------------------------------------------------------------------------------------------------------------------
Ll regime                   0.053          0.177*         0.154          0.226          0.269          0.447*         0.633*         0.668**        0.650**        0.884**        0.939**        0.865**        0.839**
                          (0.097)        (0.155)        (0.226)        (0.290)        (0.320)        (0.379)        (0.404)        (0.394)        (0.381)        (0.414)        (0.411)        (0.421)        (0.432)  
Hl regime                   0.027         -0.060         -0.067         -0.198*        -0.120          0.116          0.075          0.161          0.197          0.205          0.167          0.270*         0.352* 
                          (0.068)        (0.098)        (0.141)        (0.165)        (0.210)        (0.227)        (0.284)        (0.257)        (0.259)        (0.257)        (0.256)        (0.253)        (0.255)  
-----------------------------------------------------------------------------------------------------------------------------------------------------------------------------------------------------------------------
Observations                  570            564            558            552            546            540            534            528            522            516            510            504            498  
-----------------------------------------------------------------------------------------------------------------------------------------------------------------------------------------------------------------------
Standard errors in parentheses
* p<0.32, ** p<0.10

Current Account/GDP - Sample: 1998Q1-2023Q3
-----------------------------------------------------------------------------------------------------------------------------------------------------------------------------------------------------------------------
                              (1)            (2)            (3)            (4)            (5)            (6)            (7)            (8)            (9)           (10)           (11)           (12)           (13)  
                                0              1              2              3              4              5              6              7              8              9             10             11             12  
-----------------------------------------------------------------------------------------------------------------------------------------------------------------------------------------------------------------------
Ll regime                   0.161**        0.403**        0.396**        0.469**        0.269*         0.118         -0.050         -0.033         -0.039         -0.077         -0.069         -0.043         -0.059  
                          (0.049)        (0.096)        (0.133)        (0.175)        (0.198)        (0.214)        (0.201)        (0.217)        (0.235)        (0.240)        (0.230)        (0.206)        (0.178)  
Hl regime                   0.090*         0.123*         0.207*         0.129          0.002         -0.155         -0.188         -0.314*        -0.416**       -0.382**       -0.393**       -0.358**       -0.290* 
                          (0.067)        (0.110)        (0.202)        (0.241)        (0.236)        (0.251)        (0.254)        (0.191)        (0.170)        (0.157)        (0.165)        (0.171)        (0.200)  
-----------------------------------------------------------------------------------------------------------------------------------------------------------------------------------------------------------------------
Observations                  590            584            578            572            566            560            554            548            542            536            530            524            518  
-----------------------------------------------------------------------------------------------------------------------------------------------------------------------------------------------------------------------
Standard errors in parentheses
* p<0.32, ** p<0.10

Foreign Reserves - Sample: 1998Q1-2023Q3
-----------------------------------------------------------------------------------------------------------------------------------------------------------------------------------------------------------------------
                              (1)            (2)            (3)            (4)            (5)            (6)            (7)            (8)            (9)           (10)           (11)           (12)           (13)  
                                0              1              2              3              4              5              6              7              8              9             10             11             12  
-----------------------------------------------------------------------------------------------------------------------------------------------------------------------------------------------------------------------
Ll regime                   0.191          1.224*         1.724*         1.044*         0.946          3.561**        0.278         -0.217          1.228          0.698         -0.166          2.183*         1.003  
                          (1.223)        (1.017)        (1.214)        (1.002)        (1.463)        (1.509)        (1.750)        (1.686)        (1.578)        (1.541)        (1.949)        (2.023)        (1.463)  
Hl regime                   0.556          1.116          1.251          0.628          0.767         -0.959          1.830          1.822          1.663          1.345          3.194          0.347         -0.559  
                          (0.929)        (1.168)        (1.424)        (1.666)        (2.031)        (2.415)        (3.377)        (3.564)        (3.588)        (2.514)        (3.522)        (1.835)        (2.041)  
-----------------------------------------------------------------------------------------------------------------------------------------------------------------------------------------------------------------------
Observations                  581            575            569            563            557            551            545            539            533            527            521            515            509  
-----------------------------------------------------------------------------------------------------------------------------------------------------------------------------------------------------------------------
Standard errors in parentheses
* p<0.32, ** p<0.10

Public Spending/GDP - Sample: 1998Q1-2023Q3
-----------------------------------------------------------------------------------------------------------------------------------------------------------------------------------------------------------------------
                              (1)            (2)            (3)            (4)            (5)            (6)            (7)            (8)            (9)           (10)           (11)           (12)           (13)  
                                0              1              2              3              4              5              6              7              8              9             10             11             12  
-----------------------------------------------------------------------------------------------------------------------------------------------------------------------------------------------------------------------
Ll regime                   0.183**        0.214*        -0.018          0.199          0.208          0.589**        0.286          0.610**        0.560**        0.452*         0.106          0.204         -0.007  
                          (0.095)        (0.184)        (0.288)        (0.276)        (0.289)        (0.277)        (0.393)        (0.273)        (0.270)        (0.286)        (0.361)        (0.403)        (0.351)  
Hl regime                  -0.016         -0.243*         0.105         -0.103          0.032         -0.119          0.602          0.121          0.238          0.561*         1.043*         1.027*         1.221* 
                          (0.126)        (0.243)        (0.300)        (0.294)        (0.346)        (0.385)        (0.669)        (0.459)        (0.495)        (0.493)        (0.772)        (0.672)        (0.774)  
-----------------------------------------------------------------------------------------------------------------------------------------------------------------------------------------------------------------------
Observations                  576            571            566            561            556            551            546            541            536            531            526            521            516  
-----------------------------------------------------------------------------------------------------------------------------------------------------------------------------------------------------------------------
Standard errors in parentheses
* p<0.32, ** p<0.10

Exports/GDP - Sample: 1998Q1-2023Q3
-----------------------------------------------------------------------------------------------------------------------------------------------------------------------------------------------------------------------
                              (1)            (2)            (3)            (4)            (5)            (6)            (7)            (8)            (9)           (10)           (11)           (12)           (13)  
                                0              1              2              3              4              5              6              7              8              9             10             11             12  
-----------------------------------------------------------------------------------------------------------------------------------------------------------------------------------------------------------------------
Ll regime                   0.077          0.348**        0.590**        0.718**        0.714**        0.600**        0.550**        0.279          0.154          0.075         -0.231         -0.463         -0.381* 
                          (0.110)        (0.182)        (0.272)        (0.348)        (0.355)        (0.336)        (0.319)        (0.385)        (0.448)        (0.443)        (0.503)        (0.483)        (0.368)  
Hl regime                   0.062          0.133          0.084          0.222          0.268         -0.007         -0.385         -0.370         -0.352         -0.409*         0.029          0.088         -0.395  
                          (0.072)        (0.159)        (0.242)        (0.326)        (0.377)        (0.428)        (0.463)        (0.410)        (0.405)        (0.374)        (0.398)        (0.447)        (0.412)  
-----------------------------------------------------------------------------------------------------------------------------------------------------------------------------------------------------------------------
Observations                  594            588            582            576            570            564            558            552            546            540            534            528            522  
-----------------------------------------------------------------------------------------------------------------------------------------------------------------------------------------------------------------------
Standard errors in parentheses
* p<0.32, ** p<0.10

Imports/GDP - Sample: 1998Q1-2023Q3
-----------------------------------------------------------------------------------------------------------------------------------------------------------------------------------------------------------------------
                              (1)            (2)            (3)            (4)            (5)            (6)            (7)            (8)            (9)           (10)           (11)           (12)           (13)  
                                0              1              2              3              4              5              6              7              8              9             10             11             12  
-----------------------------------------------------------------------------------------------------------------------------------------------------------------------------------------------------------------------
Ll regime                  -0.072*        -0.087*         0.010          0.063          0.146          0.208          0.001         -0.056         -0.240         -0.263         -0.557**       -0.606**       -0.726**
                          (0.046)        (0.082)        (0.113)        (0.160)        (0.192)        (0.219)        (0.257)        (0.244)        (0.290)        (0.292)        (0.255)        (0.270)        (0.205)  
Hl regime                   0.042          0.208**        0.369**        0.585**        0.703**        0.541**        0.638**        0.485**        0.523**        0.394*         0.587*         0.429**        0.427* 
                          (0.046)        (0.105)        (0.155)        (0.201)        (0.211)        (0.223)        (0.339)        (0.269)        (0.298)        (0.283)        (0.430)        (0.256)        (0.324)  
-----------------------------------------------------------------------------------------------------------------------------------------------------------------------------------------------------------------------
Observations                  594            588            582            576            570            564            558            552            546            540            534            528            522  
-----------------------------------------------------------------------------------------------------------------------------------------------------------------------------------------------------------------------
Standard errors in parentheses
* p<0.32, ** p<0.10

. * Close log file
. log close
      name:  <unnamed>
       log:  /Users/carlosrojasquiroz/Desktop/Phd-Thesis/Project-3/Output/Logs/Debt_v1.log
  log type:  text
 closed on:  16 Oct 2024, 14:25:13
------------------------------------------------------------------------------------------------------------------------------------------------------------------------------------------------------------------------------------------------------------
