------------------------------------------------------------------------------------------------------------------------------------------------------------------------------------------------------------------------------------------------------------
      name:  <unnamed>
       log:  /Users/carlosrojasquiroz/Desktop/EUI-Phd-Thesis/Project-3/Output/Logs/Debt_v3.log
  log type:  text
 opened on:  15 Oct 2024, 17:00:55

. * List of endogenous variables 
. local varendo rer_ pb_ shr_ oil_ nonoil_ c_ i_ cg_ tb_ d_ g_ u_ r_ spr_ crg_ ca_ res_ gg_ exp_ imp_

. * Loop over variables
. foreach var of local varendo {
  2.         * Endogenous variable
.         quietly gen dy_ = d.`var'
  3.         quietly gen dyl_ = dy_*id_low
  4.         quietly gen dyh_ = dy_*id_high
  5.         quietly forvalues h = 0/$HOR {
  6.                 gen y_`h' = f`h'.`var' - l.`var'
  7.                 label variable y_`h' "`h'"
  8.         }
  9.         *---------------------------------------------------------------------------
.         * Local projection regressions
.         *---------------------------------------------------------------------------
.         eststo clear
 10.         cap drop bl ul90 ll90 ul68 ll68 bh uh90 lh90 uh68 lh68 q zeros blc ulc90 llc90 ulc68 llc68
 11.         quietly gen bl=.
 12.         quietly gen ul90=.
 13.         quietly gen ll90=.
 14.         quietly gen ul68=.
 15.         quietly gen ll68=.
 16.         quietly gen bh=.
 17.         quietly gen uh90=.
 18.         quietly gen lh90=.
 19.         quietly gen uh68=.
 20.         quietly gen lh68=.      
 21.         quietly gen q=.
 22.         quietly gen zeros=.
 23.         quietly gen blc=. 
 24.         quietly gen ulc90=. 
 25.         quietly gen llc90=. 
 26.         quietly gen ulc68=. 
 27.         quietly gen llc68=.     
 28.         * Loop over horizons
.         quietly forvalues h = 0/$HOR {  
 29.                 xtscc y_`h' sl_ sh_ id_low id_high L(1/ $LAG ).(dyl_ sl_ dyh_ sh_) F`h'.(dum1-dum11) i.code if quarter >= tq(1998q1),lag(`h') noconstant
 30.                 replace bl = $SIGN *_b[sl_] if _n == `h'+1
 31.                 replace ul90 = $SIGN *_b[sl_] + $T90 *_se[sl_]  if _n == `h'+1
 32.                 replace ll90 = $SIGN *_b[sl_] - $T90 *_se[sl_]  if _n == `h'+1
 33.                 replace ul68 = $SIGN *_b[sl_] + $T68 *_se[sl_]  if _n == `h'+1
 34.                 replace ll68 = $SIGN *_b[sl_] - $T68 *_se[sl_]  if _n == `h'+1
 35.                 replace bh = $SIGN *_b[sh_] if _n == `h'+1
 36.                 replace uh90 = $SIGN *_b[sh_] + $T90 *_se[sh_]  if _n == `h'+1
 37.                 replace lh90 = $SIGN *_b[sh_] - $T90 *_se[sh_]  if _n == `h'+1
 38.                 replace uh68 = $SIGN *_b[sh_] + $T68 *_se[sh_]  if _n == `h'+1
 39.                 replace lh68 = $SIGN *_b[sh_] - $T68 *_se[sh_]  if _n == `h'+1
 40.                 lincom $SIGN *(sh_ - sl_)
 41.                 replace blc = r(estimate) if _n == `h'+1
 42.                 replace ulc90 = r(estimate) + $T90 *r(se)  if _n == `h'+1
 43.                 replace llc90 = r(estimate) - $T90 *r(se)  if _n == `h'+1
 44.                 replace ulc68 = r(estimate) + $T68 *r(se)  if _n == `h'+1
 45.                 replace llc68 = r(estimate) - $T68 *r(se)  if _n == `h'+1 
 46.                 replace q = `h' if _n == `h'+1
 47.                 replace zeros = 0 if _n == `h'+1        
 48.                 quietly eststo
 49.         }
 50.         local varlab : variable label `var'
 51.         nois esttab, se nocons keep(sl_ sh_) ti("`varlab' - Sample: 1998Q1-2023Q3") label star(* 0.32 ** 0.10) t(3) nogaps b($FORMATT)
 52.         *---------------------------------------------------------------------------
.         * Graph - Low Debt Regime
.         *---------------------------------------------------------------------------
.         if "`var'" == "r_" | "`var'" == "spr_" {
 53.         twoway ///
>                 (rarea ll90 ul90 q, fcolor("$LIGHT3") lwidth(none)) ///
>                 (rarea ll68 ul68 q, fcolor("$DARK3") lwidth(none)) ///
>                 (line bl q, color("$SOLID3") lw($LW) xla(0(1)$HOR) xtick(0(1)$HOR)) ///         
>                 (line zeros q, color(black) lw(0.5) xla(0(1)$HOR) xtick(0(1)$HOR)) ///                          
>                 , ///
>                 ytitle( , size($FS)) ///
>                 ylabel( , angle(horizontal) format(%9.0f) labsize($FS)) ///
>                 xtitle("Quarters" , size($FS)) ///
>                 xlabel( , labsize($FS) grid) ///
>                 graphregion(color(white)) plotregion(color(white)) ///
>                 xsize(8) ///
>                 ysize(6) ///
>                 legend(off)
 54.         }
 55.         else if "`var'"== "g_" | "`var'" == "c_" | "`var'" == "i_" | "`var'" == "rer_" | "`var'" == "oil_" | "`var'" == "cg_" | "`var'" == "nonoil_" | "`var'" == "res_" {
 56.         twoway ///
>                 (rarea ll90 ul90 q, fcolor("$LIGHT3") lwidth(none)) ///
>                 (rarea ll68 ul68 q, fcolor("$DARK3") lwidth(none)) ///
>                 (line bl q, color("$SOLID3") lw($LW) xla(0(1)$HOR) xtick(0(1)$HOR)) ///         
>                 (line zeros q, color(black) lw(0.5) xla(0(1)$HOR) xtick(0(1)$HOR)) ///                          
>                 , ///
>                 ytitle( , size($FS)) ///
>                 ylabel( , angle(horizontal) format(%9.2f) labsize($FS)) ///
>                 xtitle("Quarters" , size($FS)) ///
>                 xlabel( , labsize($FS) grid) ///
>                 graphregion(color(white)) plotregion(color(white)) ///
>                 xsize(8) ///
>                 ysize(6) ///
>                 legend(off)     
 57.         }
 58.         else {
 59.         twoway ///
>                 (rarea ll90 ul90 q, fcolor("$LIGHT3") lwidth(none)) ///
>                 (rarea ll68 ul68 q, fcolor("$DARK3") lwidth(none)) ///
>                 (line bl q, color("$SOLID3") lw($LW) xla(0(1)$HOR) xtick(0(1)$HOR)) /// 
>                 (line zeros q, color(black) lw(0.5) xla(0(1)$HOR) xtick(0(1)$HOR)) ///                  
>                 , ///
>                 ytitle( , size($FS)) ///
>                 ylabel( , angle(horizontal) format(%9.2f) labsize($FS)) ///
>                 xtitle("Quarters" , size($FS)) ///
>                 xlabel( , labsize($FS) grid) ///
>                 graphregion(color(white)) plotregion(color(white)) ///
>                 xsize(8) ///
>                 ysize(6) ///
>                 legend(off)             
 60.         }
 61.         * Save graph file
.         quietly graph save "$dir/Output/Figures/GPH/`var'low_$VERSION.gph", replace     
 62.         quietly graph export "$dir/Output/Figures/PDF/`var'low_$VERSION.pdf", replace
 63.         *---------------------------------------------------------------------------
.         * Graph - High Debt Regime
.         *---------------------------------------------------------------------------
.         if "`var'" == "r_" | "`var'" == "spr_" {
 64.         twoway ///
>                 (rarea lh90 uh90 q, fcolor("$LIGHT") lwidth(none)) ///
>                 (rarea lh68 uh68 q, fcolor("$DARK") lwidth(none)) ///
>                 (line bh q, color("$SOLID") lw($LW) xla(0(1)$HOR) xtick(0(1)$HOR)) ///          
>                 (line zeros q, color(black) lw(0.5) xla(0(1)$HOR) xtick(0(1)$HOR)) ///                  
>                 , ///
>                 ytitle("Basis Points", size($FS)) ///
>                 ylabel( , angle(horizontal) format(%9.0f) labsize($FS)) ///
>                 xtitle("Quarters" , size($FS)) ///
>                 xlabel( , labsize($FS) grid) ///
>                 graphregion(color(white)) plotregion(color(white)) ///
>                 xsize(8) ///
>                 ysize(6) ///
>                 legend(off)
 65.         }
 66.         else if "`var'"== "g_" | "`var'" == "c_" | "`var'" == "i_" | "`var'" == "rer_" | "`var'" == "oil_" | "`var'" == "cg_" | "`var'" == "nonoil_" | "`var'" == "res_" {
 67.         twoway ///
>                 (rarea lh90 uh90 q, fcolor("$LIGHT") lwidth(none)) ///
>                 (rarea lh68 uh68 q, fcolor("$DARK") lwidth(none)) ///
>                 (line bh q, color("$SOLID") lw($LW) xla(0(1)$HOR) xtick(0(1)$HOR)) ///                  
>                 (line zeros q, color(black) lw(0.5) xla(0(1)$HOR) xtick(0(1)$HOR)) ///                  
>                 , ///
>                 ytitle("Percentage Change", size($FS)) ///
>                 ylabel( , angle(horizontal) format(%9.2f) labsize($FS)) ///
>                 xtitle("Quarters" , size($FS)) ///
>                 xlabel( , labsize($FS) grid) ///
>                 graphregion(color(white)) plotregion(color(white)) ///
>                 xsize(8) ///
>                 ysize(6) ///
>                 legend(off)     
 68.         }
 69.         else {
 70.         twoway ///
>                 (rarea lh90 uh90 q, fcolor("$LIGHT") lwidth(none)) ///
>                 (rarea lh68 uh68 q, fcolor("$DARK") lwidth(none)) ///
>                 (line bh q, color("$SOLID") lw($LW) xla(0(1)$HOR) xtick(0(1)$HOR)) ///          
>                 (line zeros q, color(black) lw(0.5) xla(0(1)$HOR) xtick(0(1)$HOR)) ///                  
>                 , ///
>                 ytitle("Percentage Points", size($FS)) ///
>                 ylabel( , angle(horizontal) format(%9.2f) labsize($FS)) ///
>                 xtitle("Quarters" , size($FS)) ///
>                 xlabel( , labsize($FS) grid) ///        
>                 graphregion(color(white)) plotregion(color(white)) ///
>                 xsize(8) ///
>                 ysize(6) ///
>                 legend(off)             
 71.         }
 72.         * Save graph file
.         quietly graph save "$dir/Output/Figures/GPH/`var'high_$VERSION.gph", replace    
 73.         quietly graph export "$dir/Output/Figures/PDF/`var'high_$VERSION.pdf", replace
 74.         *---------------------------------------------------------------------------
.         * Graph - test of parameters
.         *---------------------------------------------------------------------------
.         if "`var'" == "r_" | "`var'" == "spr_" {
 75.         twoway ///
>                 (rcap llc90 ulc90 q, lcolor(orange) lwidth($LW)) ///
>                 (rcap llc68 ulc68 q, lcolor(orange_red) lwidth($LW)) ///
>                 (line zeros q, color(black) lw(0.5) xla(0(1)$HOR) xtick(0(1)$HOR)) ///
>                 (scatter blc q, msymbol(O) mcolor(black) msize(medium)), ///
>                 ytitle(, size($FS)) ///
>                 ylabel( , angle(horizontal) format(%9.0f) labsize($FS)) ///
>                 xtitle("Quarters" , size($FS)) ///
>                 xlabel( , labsize($FS) grid) ///
>                 graphregion(color(white)) plotregion(color(white)) ///
>                 xsize(8) ///
>                 ysize(6) ///
>                 legend(off)
 76.         }
 77.         else if "`var'"== "g_" | "`var'" == "c_" | "`var'" == "i_" | "`var'" == "rer_" | "`var'" == "oil_" | "`var'" == "cg_" | "`var'" == "nonoil_" | "`var'" == "res_" {
 78.         twoway ///
>                 (rcap llc90 ulc90 q, lcolor(orange) lwidth($LW)) ///
>                 (rcap llc68 ulc68 q, lcolor(orange_red) lwidth($LW)) ///
>                 (line zeros q, color(black) lw(0.5) xla(0(1)$HOR) xtick(0(1)$HOR)) ///
>                 (scatter blc q, msymbol(O) mcolor(black) msize(medium)), ///
>                 ytitle(, size($FS)) ///
>                 ylabel( , angle(horizontal) format(%9.2f) labsize($FS)) ///
>                 xtitle("Quarters" , size($FS)) ///
>                 xlabel( , labsize($FS) grid) ///
>                 graphregion(color(white)) plotregion(color(white)) ///
>                 xsize(8) ///
>                 ysize(6) ///
>                 legend(off)
 79.         }
 80.         else {
 81.         twoway ///
>                 (rcap llc90 ulc90 q, lcolor(orange) lwidth($LW)) ///
>                 (rcap llc68 ulc68 q, lcolor(orange_red) lwidth($LW)) ///
>                 (line zeros q, color(black) lw(0.5) xla(0(1)$HOR) xtick(0(1)$HOR)) ///
>                 (scatter blc q, msymbol(O) mcolor(black) msize(medium)), ///
>                 ytitle(, size($FS)) ///
>                 ylabel( , angle(horizontal) format(%9.2f) labsize($FS)) ///
>                 xtitle("Quarters" , size($FS)) ///
>                 xlabel( , labsize($FS) grid) ///
>                 graphregion(color(white)) plotregion(color(white)) ///
>                 xsize(8) ///
>                 ysize(6) ///
>                 legend(off)
 82.         }
 83.         * Save graph file
.         quietly graph save "$dir/Output/Figures/GPH/`var'test_$VERSION.gph", replace    
 84.         quietly graph export "$dir/Output/Figures/PDF/`var'test_$VERSION.pdf", replace          
 85.         drop dyl_ dyh_ dy_ y_*
 86. }

Real Exchange Rate - Sample: 1998Q1-2023Q3
-----------------------------------------------------------------------------------------------------------------------------------------------------------------------------------------------------------------------
                              (1)            (2)            (3)            (4)            (5)            (6)            (7)            (8)            (9)           (10)           (11)           (12)           (13)  
                                0              1              2              3              4              5              6              7              8              9             10             11             12  
-----------------------------------------------------------------------------------------------------------------------------------------------------------------------------------------------------------------------
Ll regime                  -0.442         -0.030          0.055         -0.128         -0.625          0.529         -0.216          0.453          0.651         -0.478         -1.703*        -0.123         -0.740  
                          (0.458)        (0.533)        (0.592)        (0.720)        (0.900)        (0.856)        (0.937)        (0.937)        (1.158)        (1.403)        (1.593)        (1.604)        (1.455)  
Hl regime                   0.529          0.422          0.443          1.661          2.412          0.568          3.186*         2.088          2.748          3.921          8.187*         4.506*         5.002**
                          (0.606)        (0.990)        (1.289)        (1.884)        (2.640)        (2.895)        (3.080)        (3.531)        (3.826)        (4.007)        (5.926)        (3.671)        (2.818)  
-----------------------------------------------------------------------------------------------------------------------------------------------------------------------------------------------------------------------
Observations                  600            595            590            585            580            575            570            565            560            555            550            545            539  
-----------------------------------------------------------------------------------------------------------------------------------------------------------------------------------------------------------------------
Standard errors in parentheses
* p<0.32, ** p<0.10

Primary Balance/GDP - Sample: 1998Q1-2023Q3
-----------------------------------------------------------------------------------------------------------------------------------------------------------------------------------------------------------------------
                              (1)            (2)            (3)            (4)            (5)            (6)            (7)            (8)            (9)           (10)           (11)           (12)           (13)  
                                0              1              2              3              4              5              6              7              8              9             10             11             12  
-----------------------------------------------------------------------------------------------------------------------------------------------------------------------------------------------------------------------
Ll regime                  -0.056          0.057          0.177*         0.117          0.105         -0.068          0.075         -0.062         -0.039          0.004          0.022         -0.088         -0.144  
                          (0.073)        (0.140)        (0.160)        (0.204)        (0.181)        (0.165)        (0.189)        (0.195)        (0.210)        (0.180)        (0.188)        (0.208)        (0.182)  
Hl regime                   0.341*         0.773*         0.757*         1.286**        1.117**        1.133**        0.410*         0.899**        0.757**        0.493**        0.094          0.243          0.240  
                          (0.323)        (0.476)        (0.524)        (0.516)        (0.383)        (0.275)        (0.364)        (0.237)        (0.345)        (0.245)        (0.502)        (0.333)        (0.353)  
-----------------------------------------------------------------------------------------------------------------------------------------------------------------------------------------------------------------------
Observations                  576            571            566            561            556            551            546            541            536            531            526            521            516  
-----------------------------------------------------------------------------------------------------------------------------------------------------------------------------------------------------------------------
Standard errors in parentheses
* p<0.32, ** p<0.10

Share of Tradable Sector - Sample: 1998Q1-2023Q3
-----------------------------------------------------------------------------------------------------------------------------------------------------------------------------------------------------------------------
                              (1)            (2)            (3)            (4)            (5)            (6)            (7)            (8)            (9)           (10)           (11)           (12)           (13)  
                                0              1              2              3              4              5              6              7              8              9             10             11             12  
-----------------------------------------------------------------------------------------------------------------------------------------------------------------------------------------------------------------------
Ll regime                  -0.005          0.002          0.042*         0.054*         0.070*         0.046          0.011          0.009         -0.023         -0.057*        -0.066*        -0.065*        -0.114**
                          (0.020)        (0.035)        (0.042)        (0.051)        (0.050)        (0.057)        (0.053)        (0.058)        (0.058)        (0.053)        (0.053)        (0.051)        (0.057)  
Hl regime                   0.008         -0.021         -0.062*        -0.091*        -0.103**       -0.126**       -0.083*        -0.123*        -0.135*        -0.123*        -0.067         -0.091          0.056  
                          (0.016)        (0.028)        (0.042)        (0.058)        (0.062)        (0.065)        (0.072)        (0.082)        (0.097)        (0.094)        (0.109)        (0.127)        (0.141)  
-----------------------------------------------------------------------------------------------------------------------------------------------------------------------------------------------------------------------
Observations                  599            593            587            581            575            569            563            557            551            545            539            533            527  
-----------------------------------------------------------------------------------------------------------------------------------------------------------------------------------------------------------------------
Standard errors in parentheses
* p<0.32, ** p<0.10

GVA Oil Sector - Sample: 1998Q1-2023Q3
-----------------------------------------------------------------------------------------------------------------------------------------------------------------------------------------------------------------------
                              (1)            (2)            (3)            (4)            (5)            (6)            (7)            (8)            (9)           (10)           (11)           (12)           (13)  
                                0              1              2              3              4              5              6              7              8              9             10             11             12  
-----------------------------------------------------------------------------------------------------------------------------------------------------------------------------------------------------------------------
Ll regime                  -0.564*         0.062          0.045          0.220          0.171          0.029         -0.365         -0.275         -0.085         -0.466         -0.122          0.039         -0.100  
                          (0.395)        (0.327)        (0.434)        (0.367)        (0.454)        (0.456)        (0.487)        (0.521)        (0.560)        (0.564)        (0.554)        (0.595)        (0.664)  
Hl regime                   0.155          0.235          0.496          0.717          1.038*         1.151*         2.299**        2.307**        2.125**        2.453**        2.870**        1.533*         2.859**
                          (0.454)        (0.617)        (0.810)        (0.786)        (0.828)        (0.863)        (0.828)        (1.032)        (1.106)        (1.175)        (1.074)        (1.286)        (0.965)  
-----------------------------------------------------------------------------------------------------------------------------------------------------------------------------------------------------------------------
Observations                  599            593            587            581            575            569            563            557            551            545            539            533            527  
-----------------------------------------------------------------------------------------------------------------------------------------------------------------------------------------------------------------------
Standard errors in parentheses
* p<0.32, ** p<0.10

GVA Non-Oil Sector - Sample: 1998Q1-2023Q3
-----------------------------------------------------------------------------------------------------------------------------------------------------------------------------------------------------------------------
                              (1)            (2)            (3)            (4)            (5)            (6)            (7)            (8)            (9)           (10)           (11)           (12)           (13)  
                                0              1              2              3              4              5              6              7              8              9             10             11             12  
-----------------------------------------------------------------------------------------------------------------------------------------------------------------------------------------------------------------------
Ll regime                  -0.032          0.437**        0.904**        0.779**        0.754**        0.620*         0.261          0.504          0.495          0.362          0.151          0.357          0.145  
                          (0.233)        (0.232)        (0.205)        (0.284)        (0.396)        (0.405)        (0.436)        (0.513)        (0.519)        (0.502)        (0.496)        (0.559)        (0.595)  
Hl regime                   1.510**        1.973**        1.778**        1.907**        2.409**        2.867**        3.898**        3.659**        3.285**        3.419**        4.212**        3.038**        3.799**
                          (0.716)        (0.773)        (0.734)        (0.714)        (0.831)        (0.726)        (0.720)        (0.839)        (0.835)        (0.878)        (1.126)        (1.083)        (1.207)  
-----------------------------------------------------------------------------------------------------------------------------------------------------------------------------------------------------------------------
Observations                  599            593            587            581            575            569            563            557            551            545            539            533            527  
-----------------------------------------------------------------------------------------------------------------------------------------------------------------------------------------------------------------------
Standard errors in parentheses
* p<0.32, ** p<0.10

Private Consumption - Sample: 1998Q1-2023Q3
-----------------------------------------------------------------------------------------------------------------------------------------------------------------------------------------------------------------------
                              (1)            (2)            (3)            (4)            (5)            (6)            (7)            (8)            (9)           (10)           (11)           (12)           (13)  
                                0              1              2              3              4              5              6              7              8              9             10             11             12  
-----------------------------------------------------------------------------------------------------------------------------------------------------------------------------------------------------------------------
Ll regime                  -0.250          0.243          0.805**        0.769**        0.744**        0.700*         0.246          0.367          0.442          0.331          0.159          0.606*         0.083  
                          (0.269)        (0.310)        (0.280)        (0.289)        (0.381)        (0.441)        (0.494)        (0.539)        (0.535)        (0.528)        (0.508)        (0.583)        (0.557)  
Hl regime                   1.798**        2.460**        2.049**        2.265**        2.907**        3.441**        4.684**        4.573**        4.015**        4.047**        4.953**        3.424**        4.945**
                          (0.749)        (0.863)        (0.795)        (0.800)        (0.950)        (0.827)        (0.810)        (0.933)        (0.991)        (1.053)        (1.401)        (1.466)        (1.480)  
-----------------------------------------------------------------------------------------------------------------------------------------------------------------------------------------------------------------------
Observations                  595            589            583            577            571            565            559            553            547            541            535            529            523  
-----------------------------------------------------------------------------------------------------------------------------------------------------------------------------------------------------------------------
Standard errors in parentheses
* p<0.32, ** p<0.10

Investment - Sample: 1998Q1-2023Q3
-----------------------------------------------------------------------------------------------------------------------------------------------------------------------------------------------------------------------
                              (1)            (2)            (3)            (4)            (5)            (6)            (7)            (8)            (9)           (10)           (11)           (12)           (13)  
                                0              1              2              3              4              5              6              7              8              9             10             11             12  
-----------------------------------------------------------------------------------------------------------------------------------------------------------------------------------------------------------------------
Ll regime                  -0.517*         0.896**        2.062**        2.618**        2.862**        2.566**        1.393          2.498*         2.225*         2.146*         1.413          1.644          0.699  
                          (0.404)        (0.435)        (0.545)        (0.747)        (1.103)        (1.251)        (1.503)        (1.841)        (1.844)        (1.850)        (1.820)        (1.889)        (1.827)  
Hl regime                   3.408**        4.283**        4.763**        5.226**        5.276**        6.629**        9.722**        9.028**        9.124**        8.627**       12.300**       10.222**       14.093**
                          (1.205)        (1.327)        (1.589)        (1.265)        (1.616)        (1.802)        (1.701)        (1.996)        (2.010)        (2.309)        (3.622)        (3.070)        (2.971)  
-----------------------------------------------------------------------------------------------------------------------------------------------------------------------------------------------------------------------
Observations                  595            589            583            577            571            565            559            553            547            541            535            529            523  
-----------------------------------------------------------------------------------------------------------------------------------------------------------------------------------------------------------------------
Standard errors in parentheses
* p<0.32, ** p<0.10

Public Consumption - Sample: 1998Q1-2023Q3
-----------------------------------------------------------------------------------------------------------------------------------------------------------------------------------------------------------------------
                              (1)            (2)            (3)            (4)            (5)            (6)            (7)            (8)            (9)           (10)           (11)           (12)           (13)  
                                0              1              2              3              4              5              6              7              8              9             10             11             12  
-----------------------------------------------------------------------------------------------------------------------------------------------------------------------------------------------------------------------
Ll regime                   0.038          0.171*         0.076          0.124          0.351*         0.486*         0.317*         0.405*         0.613*         0.460          0.285          0.292          0.432  
                          (0.114)        (0.170)        (0.180)        (0.262)        (0.348)        (0.303)        (0.291)        (0.388)        (0.489)        (0.517)        (0.527)        (0.491)        (0.574)  
Hl regime                   0.418**        0.757**        0.935**        1.048**        1.385**        1.763**        1.917**        2.051**        2.090**        2.301**        3.108**        2.469**        2.951**
                          (0.186)        (0.340)        (0.371)        (0.392)        (0.371)        (0.436)        (0.440)        (0.453)        (0.440)        (0.416)        (0.632)        (0.523)        (0.495)  
-----------------------------------------------------------------------------------------------------------------------------------------------------------------------------------------------------------------------
Observations                  595            589            583            577            571            565            559            553            547            541            535            529            523  
-----------------------------------------------------------------------------------------------------------------------------------------------------------------------------------------------------------------------
Standard errors in parentheses
* p<0.32, ** p<0.10

Net Exports/GDP - Sample: 1998Q1-2023Q3
-----------------------------------------------------------------------------------------------------------------------------------------------------------------------------------------------------------------------
                              (1)            (2)            (3)            (4)            (5)            (6)            (7)            (8)            (9)           (10)           (11)           (12)           (13)  
                                0              1              2              3              4              5              6              7              8              9             10             11             12  
-----------------------------------------------------------------------------------------------------------------------------------------------------------------------------------------------------------------------
Ll regime                   0.307**        0.569**        0.751**        0.712**        0.525**        0.380*         0.359*         0.392*         0.595**        0.628**        0.802**        0.636*         0.733* 
                          (0.073)        (0.090)        (0.133)        (0.185)        (0.208)        (0.257)        (0.278)        (0.311)        (0.344)        (0.337)        (0.347)        (0.430)        (0.465)  
Hl regime                   0.131*         0.133          0.060          0.297          0.214          0.162         -0.184         -0.357         -0.411         -0.480         -0.777**       -0.699*        -0.937**
                          (0.112)        (0.186)        (0.296)        (0.364)        (0.398)        (0.464)        (0.450)        (0.550)        (0.553)        (0.527)        (0.465)        (0.613)        (0.554)  
-----------------------------------------------------------------------------------------------------------------------------------------------------------------------------------------------------------------------
Observations                  595            589            583            577            571            565            559            553            547            541            535            529            523  
-----------------------------------------------------------------------------------------------------------------------------------------------------------------------------------------------------------------------
Standard errors in parentheses
* p<0.32, ** p<0.10

Public Debt/GDP - Sample: 1998Q1-2023Q3
-----------------------------------------------------------------------------------------------------------------------------------------------------------------------------------------------------------------------
                              (1)            (2)            (3)            (4)            (5)            (6)            (7)            (8)            (9)           (10)           (11)           (12)           (13)  
                                0              1              2              3              4              5              6              7              8              9             10             11             12  
-----------------------------------------------------------------------------------------------------------------------------------------------------------------------------------------------------------------------
Ll regime                  -0.321**       -0.553**       -0.709**       -0.599*        -0.829*        -0.763*        -0.599         -0.439         -0.432         -0.451         -0.394         -0.373         -0.585  
                          (0.170)        (0.252)        (0.422)        (0.477)        (0.562)        (0.701)        (0.736)        (0.733)        (0.842)        (1.016)        (1.040)        (1.212)        (1.242)  
Hl regime                  -0.702**       -1.414**       -1.876**       -2.645**       -3.207**       -3.800**       -3.843**       -5.004**       -4.841**       -4.631**       -5.297**       -4.526**       -4.863**
                          (0.186)        (0.348)        (0.481)        (0.760)        (0.831)        (0.968)        (1.002)        (1.082)        (1.317)        (1.412)        (1.343)        (1.904)        (1.908)  
-----------------------------------------------------------------------------------------------------------------------------------------------------------------------------------------------------------------------
Observations                  599            593            587            581            575            569            563            557            551            545            539            533            527  
-----------------------------------------------------------------------------------------------------------------------------------------------------------------------------------------------------------------------
Standard errors in parentheses
* p<0.32, ** p<0.10

Gross Domestic Product - Sample: 1998Q1-2023Q3
-----------------------------------------------------------------------------------------------------------------------------------------------------------------------------------------------------------------------
                              (1)            (2)            (3)            (4)            (5)            (6)            (7)            (8)            (9)           (10)           (11)           (12)           (13)  
                                0              1              2              3              4              5              6              7              8              9             10             11             12  
-----------------------------------------------------------------------------------------------------------------------------------------------------------------------------------------------------------------------
Ll regime                  -0.056          0.448**        0.851**        0.686**        0.805**        0.773**        0.675*         0.470          0.634*         0.643*         0.776*         0.783*         0.955* 
                          (0.285)        (0.258)        (0.236)        (0.282)        (0.405)        (0.455)        (0.546)        (0.520)        (0.582)        (0.607)        (0.656)        (0.667)        (0.733)  
Hl regime                   1.168*         2.173**        2.282**        2.887**        2.753**        3.022**        3.058**        3.800**        3.104**        2.727**        3.043**        1.939**        1.824**
                          (0.792)        (0.755)        (0.858)        (0.923)        (0.889)        (0.820)        (0.752)        (0.738)        (0.678)        (0.765)        (0.955)        (0.933)        (0.809)  
-----------------------------------------------------------------------------------------------------------------------------------------------------------------------------------------------------------------------
Observations                  599            593            587            581            575            569            563            557            551            545            539            533            527  
-----------------------------------------------------------------------------------------------------------------------------------------------------------------------------------------------------------------------
Standard errors in parentheses
* p<0.32, ** p<0.10

Unemployment Rate - Sample: 1998Q1-2023Q3
-----------------------------------------------------------------------------------------------------------------------------------------------------------------------------------------------------------------------
                              (1)            (2)            (3)            (4)            (5)            (6)            (7)            (8)            (9)           (10)           (11)           (12)           (13)  
                                0              1              2              3              4              5              6              7              8              9             10             11             12  
-----------------------------------------------------------------------------------------------------------------------------------------------------------------------------------------------------------------------
Ll regime                   0.013         -0.051         -0.123*        -0.171**       -0.221**       -0.172*        -0.130         -0.196*        -0.218*        -0.221*        -0.226*        -0.244*        -0.250* 
                          (0.047)        (0.070)        (0.074)        (0.087)        (0.115)        (0.138)        (0.159)        (0.188)        (0.179)        (0.173)        (0.184)        (0.168)        (0.173)  
Hl regime                  -0.221*        -0.316**       -0.344**       -0.371**       -0.407**       -0.521**       -0.642**       -0.601**       -0.463**       -0.442**       -0.369*        -0.160         -0.201* 
                          (0.140)        (0.189)        (0.186)        (0.191)        (0.218)        (0.232)        (0.262)        (0.273)        (0.238)        (0.214)        (0.234)        (0.211)        (0.172)  
-----------------------------------------------------------------------------------------------------------------------------------------------------------------------------------------------------------------------
Observations                  549            543            537            531            525            519            513            507            501            495            489            483            477  
-----------------------------------------------------------------------------------------------------------------------------------------------------------------------------------------------------------------------
Standard errors in parentheses
* p<0.32, ** p<0.10

Sovereign Default Risk - Sample: 1998Q1-2023Q3
-----------------------------------------------------------------------------------------------------------------------------------------------------------------------------------------------------------------------
                              (1)            (2)            (3)            (4)            (5)            (6)            (7)            (8)            (9)           (10)           (11)           (12)           (13)  
                                0              1              2              3              4              5              6              7              8              9             10             11             12  
-----------------------------------------------------------------------------------------------------------------------------------------------------------------------------------------------------------------------
Ll regime                 -71.651**     -135.184**     -127.640**      -53.813*       -14.014        -29.037         -8.399        -24.653         -1.245         -3.636         28.241         22.698         82.861* 
                         (13.126)       (31.584)       (23.923)       (49.825)       (55.694)       (57.738)       (43.277)       (42.422)       (38.654)       (41.487)       (40.692)       (43.129)       (64.687)  
Hl regime                 -90.063**      -54.168*       -24.989        -25.971        -56.514        -74.528*       -86.842*       -76.701        -57.738        -83.645*      -117.958**     -219.010**     -310.754**
                         (29.075)       (41.380)       (50.826)       (56.649)       (60.794)       (66.010)       (70.590)       (77.056)       (61.083)       (64.464)       (60.080)       (61.877)       (67.338)  
-----------------------------------------------------------------------------------------------------------------------------------------------------------------------------------------------------------------------
Observations                  598            592            586            580            574            568            562            556            550            544            538            532            526  
-----------------------------------------------------------------------------------------------------------------------------------------------------------------------------------------------------------------------
Standard errors in parentheses
* p<0.32, ** p<0.10

Private Default Risk - Sample: 1998Q1-2023Q3
-----------------------------------------------------------------------------------------------------------------------------------------------------------------------------------------------------------------------
                              (1)            (2)            (3)            (4)            (5)            (6)            (7)            (8)            (9)           (10)           (11)           (12)           (13)  
                                0              1              2              3              4              5              6              7              8              9             10             11             12  
-----------------------------------------------------------------------------------------------------------------------------------------------------------------------------------------------------------------------
Ll regime                 -18.423**      -16.436*        -4.028          9.985         19.902          3.975          2.105          6.528         -2.144        -18.852        -14.302          0.138         -8.246  
                         (10.898)       (14.957)       (17.632)       (20.169)       (28.177)       (34.903)       (37.321)       (40.161)       (37.200)       (34.593)       (30.322)       (29.465)       (30.691)  
Hl regime                   1.265          0.920          4.888          8.061          6.151          4.883         12.920         10.842         17.713         37.722         10.802        -22.607        -45.349**
                         (14.926)       (23.031)       (22.952)       (19.164)       (23.150)       (25.983)       (34.100)       (33.175)       (42.863)       (42.005)       (32.841)       (25.339)       (23.416)  
-----------------------------------------------------------------------------------------------------------------------------------------------------------------------------------------------------------------------
Observations                  587            582            577            572            567            562            557            552            547            542            537            532            527  
-----------------------------------------------------------------------------------------------------------------------------------------------------------------------------------------------------------------------
Standard errors in parentheses
* p<0.32, ** p<0.10

Bank Credit/GDP - Sample: 1998Q1-2023Q3
-----------------------------------------------------------------------------------------------------------------------------------------------------------------------------------------------------------------------
                              (1)            (2)            (3)            (4)            (5)            (6)            (7)            (8)            (9)           (10)           (11)           (12)           (13)  
                                0              1              2              3              4              5              6              7              8              9             10             11             12  
-----------------------------------------------------------------------------------------------------------------------------------------------------------------------------------------------------------------------
Ll regime                   0.081          0.256*         0.297*         0.411*         0.482*         0.771**        0.945**        0.918**        0.888**        1.003**        0.938**        0.828*         0.787* 
                          (0.114)        (0.160)        (0.207)        (0.256)        (0.295)        (0.364)        (0.384)        (0.429)        (0.458)        (0.519)        (0.551)        (0.554)        (0.551)  
Hl regime                  -0.153*        -0.257*        -0.429**       -0.630**       -0.556**       -0.362*        -0.491**       -0.347**       -0.302*        -0.278*        -0.155          0.153          0.293  
                          (0.117)        (0.179)        (0.214)        (0.239)        (0.223)        (0.222)        (0.220)        (0.178)        (0.184)        (0.237)        (0.283)        (0.349)        (0.326)  
-----------------------------------------------------------------------------------------------------------------------------------------------------------------------------------------------------------------------
Observations                  570            564            558            552            546            540            534            528            522            516            510            504            498  
-----------------------------------------------------------------------------------------------------------------------------------------------------------------------------------------------------------------------
Standard errors in parentheses
* p<0.32, ** p<0.10

Current Account/GDP - Sample: 1998Q1-2023Q3
-----------------------------------------------------------------------------------------------------------------------------------------------------------------------------------------------------------------------
                              (1)            (2)            (3)            (4)            (5)            (6)            (7)            (8)            (9)           (10)           (11)           (12)           (13)  
                                0              1              2              3              4              5              6              7              8              9             10             11             12  
-----------------------------------------------------------------------------------------------------------------------------------------------------------------------------------------------------------------------
Ll regime                   0.249**        0.555**        0.713**        0.693**        0.393**        0.243*         0.051          0.107          0.190          0.229*         0.248*         0.246*         0.175* 
                          (0.042)        (0.067)        (0.107)        (0.146)        (0.190)        (0.209)        (0.188)        (0.194)        (0.202)        (0.169)        (0.150)        (0.166)        (0.157)  
Hl regime                   0.204**        0.320*         0.438*         0.470*         0.448          0.377          0.381          0.114         -0.111         -0.283*        -0.379*        -0.245         -0.045  
                          (0.108)        (0.197)        (0.318)        (0.408)        (0.498)        (0.528)        (0.525)        (0.416)        (0.294)        (0.239)        (0.234)        (0.255)        (0.256)  
-----------------------------------------------------------------------------------------------------------------------------------------------------------------------------------------------------------------------
Observations                  590            584            578            572            566            560            554            548            542            536            530            524            518  
-----------------------------------------------------------------------------------------------------------------------------------------------------------------------------------------------------------------------
Standard errors in parentheses
* p<0.32, ** p<0.10

Foreign Reserves - Sample: 1998Q1-2023Q3
-----------------------------------------------------------------------------------------------------------------------------------------------------------------------------------------------------------------------
                              (1)            (2)            (3)            (4)            (5)            (6)            (7)            (8)            (9)           (10)           (11)           (12)           (13)  
                                0              1              2              3              4              5              6              7              8              9             10             11             12  
-----------------------------------------------------------------------------------------------------------------------------------------------------------------------------------------------------------------------
Ll regime                   0.281          3.395**        4.940**        2.491**        2.006*         4.000**        2.686*         2.192*         3.310*         3.008*         1.153          3.424*         1.999  
                          (1.250)        (0.875)        (0.991)        (1.009)        (1.372)        (1.437)        (1.683)        (1.863)        (2.086)        (2.398)        (2.799)        (3.196)        (2.592)  
Hl regime                  -0.764         -1.137         -1.811         -1.528         -0.668         -1.542          0.722          2.399          1.894          0.420          6.200          4.076          1.879  
                          (0.875)        (1.456)        (2.045)        (2.243)        (3.033)        (4.075)        (4.335)        (4.748)        (5.685)        (6.002)        (9.013)        (6.670)        (3.526)  
-----------------------------------------------------------------------------------------------------------------------------------------------------------------------------------------------------------------------
Observations                  581            575            569            563            557            551            545            539            533            527            521            515            509  
-----------------------------------------------------------------------------------------------------------------------------------------------------------------------------------------------------------------------
Standard errors in parentheses
* p<0.32, ** p<0.10

Public Spending/GDP - Sample: 1998Q1-2023Q3
-----------------------------------------------------------------------------------------------------------------------------------------------------------------------------------------------------------------------
                              (1)            (2)            (3)            (4)            (5)            (6)            (7)            (8)            (9)           (10)           (11)           (12)           (13)  
                                0              1              2              3              4              5              6              7              8              9             10             11             12  
-----------------------------------------------------------------------------------------------------------------------------------------------------------------------------------------------------------------------
Ll regime                   0.136**        0.196*         0.076          0.194          0.273*         0.494**        0.282*         0.682**        0.552*         0.318          0.070          0.306          0.469* 
                          (0.074)        (0.172)        (0.208)        (0.217)        (0.234)        (0.242)        (0.275)        (0.331)        (0.348)        (0.334)        (0.342)        (0.416)        (0.389)  
Hl regime                  -0.263*        -0.704**       -0.304         -0.848**       -0.656*        -0.699*         0.342         -1.179*        -0.579         -0.038          1.122*         0.348          0.646  
                          (0.231)        (0.329)        (0.420)        (0.430)        (0.508)        (0.527)        (0.824)        (0.725)        (0.746)        (0.660)        (1.079)        (0.687)        (0.685)  
-----------------------------------------------------------------------------------------------------------------------------------------------------------------------------------------------------------------------
Observations                  576            571            566            561            556            551            546            541            536            531            526            521            516  
-----------------------------------------------------------------------------------------------------------------------------------------------------------------------------------------------------------------------
Standard errors in parentheses
* p<0.32, ** p<0.10

Exports/GDP - Sample: 1998Q1-2023Q3
-----------------------------------------------------------------------------------------------------------------------------------------------------------------------------------------------------------------------
                              (1)            (2)            (3)            (4)            (5)            (6)            (7)            (8)            (9)           (10)           (11)           (12)           (13)  
                                0              1              2              3              4              5              6              7              8              9             10             11             12  
-----------------------------------------------------------------------------------------------------------------------------------------------------------------------------------------------------------------------
Ll regime                   0.253**        0.593**        0.936**        1.125**        1.114**        1.127**        0.963**        0.963**        1.124**        1.131**        1.138**        0.923**        0.932* 
                          (0.082)        (0.127)        (0.187)        (0.252)        (0.298)        (0.340)        (0.400)        (0.450)        (0.478)        (0.484)        (0.502)        (0.532)        (0.564)  
Hl regime                   0.146*         0.390**        0.512**        0.929**        0.958**        0.832**        0.703**        0.423          0.234         -0.013          0.077         -0.262         -0.541  
                          (0.110)        (0.212)        (0.281)        (0.307)        (0.306)        (0.315)        (0.357)        (0.478)        (0.512)        (0.495)        (0.652)        (0.702)        (0.649)  
-----------------------------------------------------------------------------------------------------------------------------------------------------------------------------------------------------------------------
Observations                  595            589            583            577            571            565            559            553            547            541            535            529            523  
-----------------------------------------------------------------------------------------------------------------------------------------------------------------------------------------------------------------------
Standard errors in parentheses
* p<0.32, ** p<0.10

Imports/GDP - Sample: 1998Q1-2023Q3
-----------------------------------------------------------------------------------------------------------------------------------------------------------------------------------------------------------------------
                              (1)            (2)            (3)            (4)            (5)            (6)            (7)            (8)            (9)           (10)           (11)           (12)           (13)  
                                0              1              2              3              4              5              6              7              8              9             10             11             12  
-----------------------------------------------------------------------------------------------------------------------------------------------------------------------------------------------------------------------
Ll regime                  -0.077**       -0.029          0.072          0.251**        0.386**        0.499**        0.351**        0.236          0.215          0.146         -0.027         -0.058         -0.141  
                          (0.043)        (0.078)        (0.109)        (0.139)        (0.184)        (0.196)        (0.205)        (0.254)        (0.293)        (0.304)        (0.274)        (0.281)        (0.250)  
Hl regime                   0.030          0.255*         0.462**        0.644**        0.748**        0.683**        0.925**        0.857**        0.803**        0.625*         0.996*         0.647*         0.645* 
                          (0.077)        (0.168)        (0.277)        (0.350)        (0.330)        (0.358)        (0.295)        (0.354)        (0.361)        (0.431)        (0.640)        (0.642)        (0.619)  
-----------------------------------------------------------------------------------------------------------------------------------------------------------------------------------------------------------------------
Observations                  595            589            583            577            571            565            559            553            547            541            535            529            523  
-----------------------------------------------------------------------------------------------------------------------------------------------------------------------------------------------------------------------
Standard errors in parentheses
* p<0.32, ** p<0.10

. * Close log file
. log close
      name:  <unnamed>
       log:  /Users/carlosrojasquiroz/Desktop/EUI-Phd-Thesis/Project-3/Output/Logs/Debt_v3.log
  log type:  text
 closed on:  15 Oct 2024, 17:02:21
------------------------------------------------------------------------------------------------------------------------------------------------------------------------------------------------------------------------------------------------------------
